{"C:\\Users\\Tobi\\betail\\TradeFlow-Web\\src\\proxy.ts": {"path":"C:\\Users\\Tobi\\betail\\TradeFlow-Web\\src\\proxy.ts","statementMap":{"0":{"start":{"line":8,"column":13},"end":{"line":8,"column":22}},"1":{"start":{"line":3,"column":16},"end":{"line":3,"column":22}},"2":{"start":{"line":1,"column":42},"end":{"line":1,"column":null}},"3":{"start":{"line":5,"column":2},"end":{"line":5,"column":null}},"4":{"start":{"line":8,"column":22},"end":{"line":19,"column":null}}},"fnMap":{"0":{"name":"proxy","decl":{"start":{"line":3,"column":16},"end":{"line":3,"column":22}},"loc":{"start":{"line":3,"column":43},"end":{"line":6,"column":null}}}},"branchMap":{},"s":{"0":0,"1":0,"2":0,"3":0,"4":0},"f":{"0":0},"b":{}}
,"C:\\Users\\Tobi\\betail\\TradeFlow-Web\\src\\app\\Toggle.tsx": {"path":"C:\\Users\\Tobi\\betail\\TradeFlow-Web\\src\\app\\Toggle.tsx","statementMap":{"0":{"start":{"line":11,"column":24},"end":{"line":11,"column":31}},"1":{"start":{"line":3,"column":18},"end":{"line":3,"column":null}}},"fnMap":{"0":{"name":"Toggle","decl":{"start":{"line":11,"column":24},"end":{"line":11,"column":31}},"loc":{"start":{"line":11,"column":72},"end":{"line":37,"column":null}}}},"branchMap":{"0":{"loc":{"start":{"line":18,"column":8},"end":{"line":22,"column":null}},"type":"cond-expr","locations":[{"start":{"line":19,"column":12},"end":{"line":19,"column":null}},{"start":{"line":20,"column":12},"end":{"line":22,"column":null}}]},"1":{"loc":{"start":{"line":20,"column":12},"end":{"line":22,"column":null}},"type":"cond-expr","locations":[{"start":{"line":21,"column":14},"end":{"line":21,"column":null}},{"start":{"line":22,"column":14},"end":{"line":22,"column":null}}]},"2":{"loc":{"start":{"line":30,"column":10},"end":{"line":30,"column":null}},"type":"cond-expr","locations":[{"start":{"line":30,"column":17},"end":{"line":30,"column":35}},{"start":{"line":30,"column":35},"end":{"line":30,"column":null}}]},"3":{"loc":{"start":{"line":32,"column":10},"end":{"line":32,"column":null}},"type":"cond-expr","locations":[{"start":{"line":32,"column":21},"end":{"line":32,"column":38}},{"start":{"line":32,"column":38},"end":{"line":32,"column":null}}]}},"s":{"0":0,"1":0},"f":{"0":0},"b":{"0":[0,0],"1":[0,0],"2":[0,0],"3":[0,0]}}
,"C:\\Users\\Tobi\\betail\\TradeFlow-Web\\src\\app\\error.tsx": {"path":"C:\\Users\\Tobi\\betail\\TradeFlow-Web\\src\\app\\error.tsx","statementMap":{"0":{"start":{"line":9,"column":24},"end":{"line":9,"column":34}},"1":{"start":{"line":3,"column":18},"end":{"line":3,"column":null}},"2":{"start":{"line":4,"column":17},"end":{"line":4,"column":null}},"3":{"start":{"line":5,"column":44},"end":{"line":5,"column":null}},"4":{"start":{"line":6,"column":24},"end":{"line":6,"column":null}},"5":{"start":{"line":7,"column":17},"end":{"line":7,"column":null}},"6":{"start":{"line":10,"column":2},"end":{"line":13,"column":null}},"7":{"start":{"line":12,"column":4},"end":{"line":12,"column":null}}},"fnMap":{"0":{"name":"ErrorPage","decl":{"start":{"line":9,"column":24},"end":{"line":9,"column":34}},"loc":{"start":{"line":9,"column":87},"end":{"line":85,"column":null}}},"1":{"name":"(anonymous_6)","decl":{"start":{"line":10,"column":18},"end":{"line":10,"column":null}},"loc":{"start":{"line":10,"column":18},"end":{"line":13,"column":5}}}},"branchMap":{"0":{"loc":{"start":{"line":71,"column":9},"end":{"line":71,"column":null}},"type":"binary-expr","locations":[{"start":{"line":71,"column":9},"end":{"line":71,"column":null}}]}},"s":{"0":0,"1":0,"2":0,"3":0,"4":0,"5":0,"6":0,"7":0},"f":{"0":0,"1":0},"b":{"0":[0]}}
,"C:\\Users\\Tobi\\betail\\TradeFlow-Web\\src\\app\\not-found.tsx": {"path":"C:\\Users\\Tobi\\betail\\TradeFlow-Web\\src\\app\\not-found.tsx","statementMap":{"0":{"start":{"line":8,"column":24},"end":{"line":8,"column":null}},"1":{"start":{"line":3,"column":18},"end":{"line":3,"column":null}},"2":{"start":{"line":4,"column":17},"end":{"line":4,"column":null}},"3":{"start":{"line":5,"column":29},"end":{"line":5,"column":null}},"4":{"start":{"line":6,"column":17},"end":{"line":6,"column":null}},"5":{"start":{"line":38,"column":27},"end":{"line":38,"column":null}}},"fnMap":{"0":{"name":"NotFound","decl":{"start":{"line":8,"column":24},"end":{"line":8,"column":null}},"loc":{"start":{"line":8,"column":24},"end":{"line":66,"column":null}}},"1":{"name":"(anonymous_3)","decl":{"start":{"line":38,"column":21},"end":{"line":38,"column":27}},"loc":{"start":{"line":38,"column":27},"end":{"line":38,"column":null}}}},"branchMap":{},"s":{"0":0,"1":0,"2":0,"3":0,"4":0,"5":0},"f":{"0":0,"1":0},"b":{}}
,"C:\\Users\\Tobi\\betail\\TradeFlow-Web\\src\\app\\page.tsx": {"path":"C:\\Users\\Tobi\\betail\\TradeFlow-Web\\src\\app\\page.tsx","statementMap":{"0":{"start":{"line":366,"column":24},"end":{"line":366,"column":null}},"1":{"start":{"line":9,"column":51},"end":{"line":9,"column":null}},"2":{"start":{"line":10,"column":43},"end":{"line":10,"column":null}},"3":{"start":{"line":11,"column":42},"end":{"line":11,"column":null}},"4":{"start":{"line":12,"column":64},"end":{"line":12,"column":null}},"5":{"start":{"line":13,"column":24},"end":{"line":13,"column":null}},"6":{"start":{"line":14,"column":17},"end":{"line":14,"column":null}},"7":{"start":{"line":15,"column":34},"end":{"line":15,"column":null}},"8":{"start":{"line":16,"column":24},"end":{"line":16,"column":null}},"9":{"start":{"line":17,"column":28},"end":{"line":17,"column":null}},"10":{"start":{"line":18,"column":25},"end":{"line":18,"column":null}},"11":{"start":{"line":19,"column":46},"end":{"line":19,"column":null}},"12":{"start":{"line":20,"column":30},"end":{"line":20,"column":null}},"13":{"start":{"line":21,"column":32},"end":{"line":21,"column":null}},"14":{"start":{"line":22,"column":31},"end":{"line":22,"column":null}},"15":{"start":{"line":23,"column":27},"end":{"line":23,"column":null}},"16":{"start":{"line":24,"column":25},"end":{"line":24,"column":null}},"17":{"start":{"line":25,"column":26},"end":{"line":25,"column":null}},"18":{"start":{"line":26,"column":29},"end":{"line":26,"column":null}},"19":{"start":{"line":27,"column":21},"end":{"line":27,"column":null}},"20":{"start":{"line":28,"column":20},"end":{"line":28,"column":null}},"21":{"start":{"line":30,"column":33},"end":{"line":30,"column":null}},"22":{"start":{"line":31,"column":36},"end":{"line":31,"column":null}},"23":{"start":{"line":32,"column":39},"end":{"line":32,"column":null}},"24":{"start":{"line":33,"column":17},"end":{"line":33,"column":null}},"25":{"start":{"line":40,"column":17},"end":{"line":40,"column":null}},"26":{"start":{"line":41,"column":23},"end":{"line":41,"column":null}},"27":{"start":{"line":42,"column":42},"end":{"line":42,"column":null}},"28":{"start":{"line":43,"column":34},"end":{"line":43,"column":null}},"29":{"start":{"line":44,"column":32},"end":{"line":44,"column":null}},"30":{"start":{"line":46,"column":42},"end":{"line":46,"column":null}},"31":{"start":{"line":48,"column":40},"end":{"line":48,"column":null}},"32":{"start":{"line":50,"column":36},"end":{"line":50,"column":null}},"33":{"start":{"line":53,"column":45},"end":{"line":53,"column":null}},"34":{"start":{"line":54,"column":24},"end":{"line":54,"column":null}},"35":{"start":{"line":57,"column":32},"end":{"line":61,"column":null}},"36":{"start":{"line":57,"column":64},"end":{"line":61,"column":null}},"37":{"start":{"line":64,"column":2},"end":{"line":73,"column":null}},"38":{"start":{"line":65,"column":19},"end":{"line":65,"column":null}},"39":{"start":{"line":66,"column":4},"end":{"line":66,"column":null}},"40":{"start":{"line":66,"column":28},"end":{"line":66,"column":null}},"41":{"start":{"line":67,"column":4},"end":{"line":67,"column":null}},"42":{"start":{"line":67,"column":29},"end":{"line":67,"column":null}},"43":{"start":{"line":68,"column":4},"end":{"line":68,"column":null}},"44":{"start":{"line":68,"column":34},"end":{"line":68,"column":null}},"45":{"start":{"line":70,"column":24},"end":{"line":70,"column":null}},"46":{"start":{"line":71,"column":19},"end":{"line":71,"column":null}},"47":{"start":{"line":72,"column":4},"end":{"line":72,"column":null}},"48":{"start":{"line":76,"column":30},"end":{"line":88,"column":null}},"49":{"start":{"line":77,"column":4},"end":{"line":87,"column":null}},"50":{"start":{"line":78,"column":23},"end":{"line":78,"column":null}},"51":{"start":{"line":79,"column":6},"end":{"line":82,"column":null}},"52":{"start":{"line":80,"column":8},"end":{"line":80,"column":null}},"53":{"start":{"line":81,"column":8},"end":{"line":81,"column":null}},"54":{"start":{"line":84,"column":20},"end":{"line":84,"column":null}},"55":{"start":{"line":85,"column":6},"end":{"line":85,"column":null}},"56":{"start":{"line":86,"column":6},"end":{"line":86,"column":null}},"57":{"start":{"line":92,"column":2},"end":{"line":114,"column":null}},"58":{"start":{"line":93,"column":23},"end":{"line":93,"column":null}},"59":{"start":{"line":95,"column":26},"end":{"line":107,"column":null}},"60":{"start":{"line":96,"column":6},"end":{"line":96,"column":null}},"61":{"start":{"line":97,"column":6},"end":{"line":106,"column":null}},"62":{"start":{"line":98,"column":20},"end":{"line":98,"column":null}},"63":{"start":{"line":99,"column":8},"end":{"line":103,"column":null}},"64":{"start":{"line":100,"column":10},"end":{"line":100,"column":null}},"65":{"start":{"line":102,"column":10},"end":{"line":102,"column":null}},"66":{"start":{"line":105,"column":8},"end":{"line":105,"column":null}},"67":{"start":{"line":109,"column":4},"end":{"line":109,"column":null}},"68":{"start":{"line":111,"column":4},"end":{"line":113,"column":null}},"69":{"start":{"line":112,"column":6},"end":{"line":112,"column":null}},"70":{"start":{"line":116,"column":2},"end":{"line":143,"column":null}},"71":{"start":{"line":117,"column":4},"end":{"line":121,"column":null}},"72":{"start":{"line":118,"column":6},"end":{"line":118,"column":null}},"73":{"start":{"line":119,"column":6},"end":{"line":119,"column":null}},"74":{"start":{"line":120,"column":6},"end":{"line":120,"column":null}},"75":{"start":{"line":123,"column":25},"end":{"line":123,"column":null}},"76":{"start":{"line":124,"column":4},"end":{"line":124,"column":null}},"77":{"start":{"line":125,"column":4},"end":{"line":125,"column":null}},"78":{"start":{"line":127,"column":24},"end":{"line":134,"column":null}},"79":{"start":{"line":128,"column":6},"end":{"line":128,"column":null}},"80":{"start":{"line":128,"column":41},"end":{"line":128,"column":null}},"81":{"start":{"line":129,"column":39},"end":{"line":129,"column":49}},"82":{"start":{"line":131,"column":6},"end":{"line":132,"column":null}},"83":{"start":{"line":132,"column":8},"end":{"line":132,"column":null}},"84":{"start":{"line":132,"column":27},"end":{"line":132,"column":null}},"85":{"start":{"line":136,"column":4},"end":{"line":142,"column":null}},"86":{"start":{"line":137,"column":6},"end":{"line":137,"column":null}},"87":{"start":{"line":138,"column":6},"end":{"line":138,"column":null}},"88":{"start":{"line":139,"column":6},"end":{"line":141,"column":null}},"89":{"start":{"line":140,"column":8},"end":{"line":140,"column":null}},"90":{"start":{"line":145,"column":2},"end":{"line":150,"column":null}},"91":{"start":{"line":146,"column":4},"end":{"line":146,"column":null}},"92":{"start":{"line":146,"column":24},"end":{"line":146,"column":null}},"93":{"start":{"line":147,"column":4},"end":{"line":147,"column":null}},"94":{"start":{"line":147,"column":31},"end":{"line":147,"column":null}},"95":{"start":{"line":149,"column":4},"end":{"line":149,"column":null}},"96":{"start":{"line":149,"column":60},"end":{"line":149,"column":64}},"97":{"start":{"line":151,"column":17},"end":{"line":151,"column":null}},"98":{"start":{"line":153,"column":28},"end":{"line":156,"column":null}},"99":{"start":{"line":154,"column":4},"end":{"line":154,"column":null}},"100":{"start":{"line":155,"column":4},"end":{"line":155,"column":null}},"101":{"start":{"line":161,"column":15},"end":{"line":164,"column":null}},"102":{"start":{"line":194,"column":27},"end":{"line":194,"column":null}},"103":{"start":{"line":231,"column":31},"end":{"line":231,"column":null}},"104":{"start":{"line":253,"column":37},"end":{"line":253,"column":null}},"105":{"start":{"line":266,"column":37},"end":{"line":266,"column":null}},"106":{"start":{"line":296,"column":24},"end":{"line":296,"column":null}},"107":{"start":{"line":299,"column":24},"end":{"line":300,"column":null}},"108":{"start":{"line":350,"column":65},"end":{"line":350,"column":null}},"109":{"start":{"line":354,"column":23},"end":{"line":354,"column":null}},"110":{"start":{"line":360,"column":40},"end":{"line":360,"column":64}}},"fnMap":{"0":{"name":"DashboardContent","decl":{"start":{"line":39,"column":9},"end":{"line":39,"column":null}},"loc":{"start":{"line":39,"column":9},"end":{"line":364,"column":null}}},"1":{"name":"(anonymous_6)","decl":{"start":{"line":57,"column":57},"end":{"line":57,"column":64}},"loc":{"start":{"line":57,"column":64},"end":{"line":61,"column":null}}},"2":{"name":"(anonymous_7)","decl":{"start":{"line":64,"column":12},"end":{"line":64,"column":null}},"loc":{"start":{"line":64,"column":12},"end":{"line":73,"column":5}}},"3":{"name":"(anonymous_8)","decl":{"start":{"line":76,"column":30},"end":{"line":76,"column":37}},"loc":{"start":{"line":76,"column":37},"end":{"line":88,"column":null}}},"4":{"name":"(anonymous_9)","decl":{"start":{"line":92,"column":12},"end":{"line":92,"column":null}},"loc":{"start":{"line":92,"column":12},"end":{"line":114,"column":5}}},"5":{"name":"(anonymous_10)","decl":{"start":{"line":95,"column":26},"end":{"line":95,"column":null}},"loc":{"start":{"line":95,"column":26},"end":{"line":107,"column":null}}},"6":{"name":"(anonymous_11)","decl":{"start":{"line":111,"column":11},"end":{"line":111,"column":null}},"loc":{"start":{"line":111,"column":11},"end":{"line":113,"column":null}}},"7":{"name":"(anonymous_12)","decl":{"start":{"line":116,"column":12},"end":{"line":116,"column":null}},"loc":{"start":{"line":116,"column":12},"end":{"line":143,"column":5}}},"8":{"name":"(anonymous_13)","decl":{"start":{"line":127,"column":40},"end":{"line":127,"column":41}},"loc":{"start":{"line":127,"column":41},"end":{"line":134,"column":null}}},"9":{"name":"(anonymous_14)","decl":{"start":{"line":131,"column":18},"end":{"line":131,"column":19}},"loc":{"start":{"line":132,"column":8},"end":{"line":132,"column":null}}},"10":{"name":"(anonymous_15)","decl":{"start":{"line":132,"column":17},"end":{"line":132,"column":18}},"loc":{"start":{"line":132,"column":27},"end":{"line":132,"column":null}}},"11":{"name":"(anonymous_16)","decl":{"start":{"line":136,"column":11},"end":{"line":136,"column":null}},"loc":{"start":{"line":136,"column":11},"end":{"line":142,"column":null}}},"12":{"name":"(anonymous_17)","decl":{"start":{"line":145,"column":12},"end":{"line":145,"column":null}},"loc":{"start":{"line":145,"column":12},"end":{"line":150,"column":5}}},"13":{"name":"(anonymous_18)","decl":{"start":{"line":149,"column":53},"end":{"line":149,"column":54}},"loc":{"start":{"line":149,"column":60},"end":{"line":149,"column":64}}},"14":{"name":"(anonymous_19)","decl":{"start":{"line":153,"column":28},"end":{"line":153,"column":29}},"loc":{"start":{"line":153,"column":29},"end":{"line":156,"column":null}}},"15":{"name":"(anonymous_20)","decl":{"start":{"line":194,"column":21},"end":{"line":194,"column":27}},"loc":{"start":{"line":194,"column":27},"end":{"line":194,"column":null}}},"16":{"name":"(anonymous_21)","decl":{"start":{"line":231,"column":25},"end":{"line":231,"column":31}},"loc":{"start":{"line":231,"column":31},"end":{"line":231,"column":null}}},"17":{"name":"(anonymous_22)","decl":{"start":{"line":253,"column":31},"end":{"line":253,"column":37}},"loc":{"start":{"line":253,"column":37},"end":{"line":253,"column":null}}},"18":{"name":"(anonymous_23)","decl":{"start":{"line":266,"column":31},"end":{"line":266,"column":37}},"loc":{"start":{"line":266,"column":37},"end":{"line":266,"column":null}}},"19":{"name":"(anonymous_24)","decl":{"start":{"line":295,"column":52},"end":{"line":295,"column":53}},"loc":{"start":{"line":296,"column":24},"end":{"line":296,"column":null}}},"20":{"name":"(anonymous_25)","decl":{"start":{"line":298,"column":35},"end":{"line":298,"column":36}},"loc":{"start":{"line":299,"column":24},"end":{"line":300,"column":null}}},"21":{"name":"(anonymous_26)","decl":{"start":{"line":350,"column":59},"end":{"line":350,"column":65}},"loc":{"start":{"line":350,"column":65},"end":{"line":350,"column":null}}},"22":{"name":"(anonymous_27)","decl":{"start":{"line":354,"column":17},"end":{"line":354,"column":23}},"loc":{"start":{"line":354,"column":23},"end":{"line":354,"column":null}}},"23":{"name":"(anonymous_28)","decl":{"start":{"line":360,"column":34},"end":{"line":360,"column":40}},"loc":{"start":{"line":360,"column":40},"end":{"line":360,"column":64}}},"24":{"name":"Page","decl":{"start":{"line":366,"column":24},"end":{"line":366,"column":null}},"loc":{"start":{"line":366,"column":24},"end":{"line":378,"column":null}}}},"branchMap":{"0":{"loc":{"start":{"line":58,"column":23},"end":{"line":58,"column":null}},"type":"binary-expr","locations":[{"start":{"line":58,"column":23},"end":{"line":58,"column":53}},{"start":{"line":58,"column":53},"end":{"line":58,"column":null}}]},"1":{"loc":{"start":{"line":59,"column":23},"end":{"line":59,"column":null}},"type":"binary-expr","locations":[{"start":{"line":59,"column":23},"end":{"line":59,"column":53}},{"start":{"line":59,"column":53},"end":{"line":59,"column":null}}]},"2":{"loc":{"start":{"line":60,"column":11},"end":{"line":60,"column":70}},"type":"binary-expr","locations":[{"start":{"line":60,"column":11},"end":{"line":60,"column":68}},{"start":{"line":60,"column":68},"end":{"line":60,"column":70}}]},"3":{"loc":{"start":{"line":66,"column":4},"end":{"line":66,"column":null}},"type":"if","locations":[{"start":{"line":66,"column":4},"end":{"line":66,"column":null}}]},"4":{"loc":{"start":{"line":67,"column":4},"end":{"line":67,"column":null}},"type":"if","locations":[{"start":{"line":67,"column":4},"end":{"line":67,"column":null}}]},"5":{"loc":{"start":{"line":68,"column":4},"end":{"line":68,"column":null}},"type":"if","locations":[{"start":{"line":68,"column":4},"end":{"line":68,"column":null}}]},"6":{"loc":{"start":{"line":71,"column":19},"end":{"line":71,"column":null}},"type":"cond-expr","locations":[{"start":{"line":71,"column":33},"end":{"line":71,"column":51}},{"start":{"line":71,"column":54},"end":{"line":71,"column":null}}]},"7":{"loc":{"start":{"line":79,"column":6},"end":{"line":82,"column":null}},"type":"if","locations":[{"start":{"line":79,"column":6},"end":{"line":82,"column":null}}]},"8":{"loc":{"start":{"line":79,"column":10},"end":{"line":79,"column":40}},"type":"binary-expr","locations":[{"start":{"line":79,"column":10},"end":{"line":79,"column":22}},{"start":{"line":79,"column":22},"end":{"line":79,"column":40}}]},"9":{"loc":{"start":{"line":86,"column":16},"end":{"line":86,"column":null}},"type":"binary-expr","locations":[{"start":{"line":86,"column":16},"end":{"line":86,"column":29}},{"start":{"line":86,"column":33},"end":{"line":86,"column":null}}]},"10":{"loc":{"start":{"line":99,"column":8},"end":{"line":103,"column":null}},"type":"if","locations":[{"start":{"line":99,"column":8},"end":{"line":103,"column":null}},{"start":{"line":101,"column":15},"end":{"line":103,"column":null}}]},"11":{"loc":{"start":{"line":117,"column":4},"end":{"line":121,"column":null}},"type":"if","locations":[{"start":{"line":117,"column":4},"end":{"line":121,"column":null}}]},"12":{"loc":{"start":{"line":123,"column":25},"end":{"line":123,"column":null}},"type":"binary-expr","locations":[{"start":{"line":123,"column":25},"end":{"line":123,"column":46}},{"start":{"line":123,"column":50},"end":{"line":123,"column":null}}]},"13":{"loc":{"start":{"line":128,"column":6},"end":{"line":128,"column":null}},"type":"if","locations":[{"start":{"line":128,"column":6},"end":{"line":128,"column":null}}]},"14":{"loc":{"start":{"line":132,"column":27},"end":{"line":132,"column":null}},"type":"cond-expr","locations":[{"start":{"line":132,"column":50},"end":{"line":132,"column":74}},{"start":{"line":132,"column":74},"end":{"line":132,"column":null}}]},"15":{"loc":{"start":{"line":139,"column":6},"end":{"line":141,"column":null}},"type":"if","locations":[{"start":{"line":139,"column":6},"end":{"line":141,"column":null}}]},"16":{"loc":{"start":{"line":146,"column":4},"end":{"line":146,"column":null}},"type":"if","locations":[{"start":{"line":146,"column":4},"end":{"line":146,"column":null}}]},"17":{"loc":{"start":{"line":147,"column":4},"end":{"line":147,"column":null}},"type":"if","locations":[{"start":{"line":147,"column":4},"end":{"line":147,"column":null}}]},"18":{"loc":{"start":{"line":196,"column":184},"end":{"line":196,"column":240}},"type":"cond-expr","locations":[{"start":{"line":196,"column":218},"end":{"line":196,"column":236}},{"start":{"line":196,"column":236},"end":{"line":196,"column":240}}]},"19":{"loc":{"start":{"line":196,"column":184},"end":{"line":196,"column":218}},"type":"binary-expr","locations":[{"start":{"line":196,"column":184},"end":{"line":196,"column":202}},{"start":{"line":196,"column":202},"end":{"line":196,"column":218}}]},"20":{"loc":{"start":{"line":199,"column":13},"end":{"line":203,"column":null}},"type":"cond-expr","locations":[{"start":{"line":200,"column":16},"end":{"line":200,"column":null}},{"start":{"line":201,"column":16},"end":{"line":203,"column":null}}]},"21":{"loc":{"start":{"line":201,"column":16},"end":{"line":203,"column":null}},"type":"cond-expr","locations":[{"start":{"line":202,"column":18},"end":{"line":202,"column":77}},{"start":{"line":203,"column":18},"end":{"line":203,"column":null}}]},"22":{"loc":{"start":{"line":215,"column":10},"end":{"line":215,"column":null}},"type":"cond-expr","locations":[{"start":{"line":215,"column":10},"end":{"line":215,"column":null}}]},"23":{"loc":{"start":{"line":293,"column":19},"end":{"line":300,"column":null}},"type":"cond-expr","locations":[{"start":{"line":295,"column":22},"end":{"line":296,"column":null}},{"start":{"line":298,"column":22},"end":{"line":300,"column":null}}]},"24":{"loc":{"start":{"line":316,"column":67},"end":{"line":316,"column":196}},"type":"cond-expr","locations":[{"start":{"line":316,"column":95},"end":{"line":316,"column":146}},{"start":{"line":316,"column":146},"end":{"line":316,"column":196}}]},"25":{"loc":{"start":{"line":359,"column":7},"end":{"line":359,"column":null}},"type":"binary-expr","locations":[{"start":{"line":359,"column":7},"end":{"line":359,"column":null}}]}},"s":{"0":0,"1":0,"2":0,"3":0,"4":0,"5":0,"6":0,"7":0,"8":0,"9":0,"10":0,"11":0,"12":0,"13":0,"14":0,"15":0,"16":0,"17":0,"18":0,"19":0,"20":0,"21":0,"22":0,"23":0,"24":0,"25":0,"26":0,"27":0,"28":0,"29":0,"30":0,"31":0,"32":0,"33":0,"34":0,"35":0,"36":0,"37":0,"38":0,"39":0,"40":0,"41":0,"42":0,"43":0,"44":0,"45":0,"46":0,"47":0,"48":0,"49":0,"50":0,"51":0,"52":0,"53":0,"54":0,"55":0,"56":0,"57":0,"58":0,"59":0,"60":0,"61":0,"62":0,"63":0,"64":0,"65":0,"66":0,"67":0,"68":0,"69":0,"70":0,"71":0,"72":0,"73":0,"74":0,"75":0,"76":0,"77":0,"78":0,"79":0,"80":0,"81":0,"82":0,"83":0,"84":0,"85":0,"86":0,"87":0,"88":0,"89":0,"90":0,"91":0,"92":0,"93":0,"94":0,"95":0,"96":0,"97":0,"98":0,"99":0,"100":0,"101":0,"102":0,"103":0,"104":0,"105":0,"106":0,"107":0,"108":0,"109":0,"110":0},"f":{"0":0,"1":0,"2":0,"3":0,"4":0,"5":0,"6":0,"7":0,"8":0,"9":0,"10":0,"11":0,"12":0,"13":0,"14":0,"15":0,"16":0,"17":0,"18":0,"19":0,"20":0,"21":0,"22":0,"23":0,"24":0},"b":{"0":[0,0],"1":[0,0],"2":[0,0],"3":[0],"4":[0],"5":[0],"6":[0,0],"7":[0],"8":[0,0],"9":[0,0],"10":[0,0],"11":[0],"12":[0,0],"13":[0],"14":[0,0],"15":[0],"16":[0],"17":[0],"18":[0,0],"19":[0,0],"20":[0,0],"21":[0,0],"22":[0],"23":[0,0],"24":[0,0],"25":[0]}}
,"C:\\Users\\Tobi\\betail\\TradeFlow-Web\\src\\app\\api\\auth\\route.ts": {"path":"C:\\Users\\Tobi\\betail\\TradeFlow-Web\\src\\app\\api\\auth\\route.ts","statementMap":{"0":{"start":{"line":42,"column":22},"end":{"line":42,"column":29}},"1":{"start":{"line":19,"column":22},"end":{"line":19,"column":27}},"2":{"start":{"line":1,"column":42},"end":{"line":1,"column":null}},"3":{"start":{"line":3,"column":20},"end":{"line":3,"column":null}},"4":{"start":{"line":5,"column":23},"end":{"line":12,"column":null}},"5":{"start":{"line":22,"column":2},"end":{"line":27,"column":null}},"6":{"start":{"line":23,"column":17},"end":{"line":23,"column":null}},"7":{"start":{"line":24,"column":4},"end":{"line":24,"column":null}},"8":{"start":{"line":26,"column":4},"end":{"line":26,"column":null}},"9":{"start":{"line":29,"column":2},"end":{"line":31,"column":null}},"10":{"start":{"line":30,"column":4},"end":{"line":30,"column":null}},"11":{"start":{"line":33,"column":19},"end":{"line":33,"column":null}},"12":{"start":{"line":34,"column":2},"end":{"line":34,"column":null}},"13":{"start":{"line":35,"column":2},"end":{"line":35,"column":null}},"14":{"start":{"line":43,"column":19},"end":{"line":43,"column":null}},"15":{"start":{"line":44,"column":2},"end":{"line":44,"column":null}},"16":{"start":{"line":45,"column":2},"end":{"line":45,"column":null}}},"fnMap":{"0":{"name":"POST","decl":{"start":{"line":19,"column":22},"end":{"line":19,"column":27}},"loc":{"start":{"line":19,"column":47},"end":{"line":36,"column":null}}},"1":{"name":"DELETE","decl":{"start":{"line":42,"column":22},"end":{"line":42,"column":29}},"loc":{"start":{"line":42,"column":50},"end":{"line":46,"column":null}}}},"branchMap":{"0":{"loc":{"start":{"line":24,"column":12},"end":{"line":24,"column":null}},"type":"cond-expr","locations":[{"start":{"line":24,"column":46},"end":{"line":24,"column":66}},{"start":{"line":24,"column":66},"end":{"line":24,"column":null}}]},"1":{"loc":{"start":{"line":29,"column":2},"end":{"line":31,"column":null}},"type":"if","locations":[{"start":{"line":29,"column":2},"end":{"line":31,"column":null}}]}},"s":{"0":1,"1":4,"2":1,"3":1,"4":1,"5":4,"6":4,"7":3,"8":1,"9":3,"10":2,"11":1,"12":1,"13":1,"14":1,"15":1,"16":1},"f":{"0":4,"1":1},"b":{"0":[2,1],"1":[2]}}
,"C:\\Users\\Tobi\\betail\\TradeFlow-Web\\src\\app\\api\\invoices\\route.ts": {"path":"C:\\Users\\Tobi\\betail\\TradeFlow-Web\\src\\app\\api\\invoices\\route.ts","statementMap":{"0":{"start":{"line":31,"column":22},"end":{"line":31,"column":26}},"1":{"start":{"line":1,"column":42},"end":{"line":1,"column":null}},"2":{"start":{"line":4,"column":29},"end":{"line":26,"column":null}},"3":{"start":{"line":5,"column":2},"end":{"line":25,"column":null}},"4":{"start":{"line":6,"column":22},"end":{"line":6,"column":59}},"5":{"start":{"line":9,"column":4},"end":{"line":12,"column":null}},"6":{"start":{"line":9,"column":25},"end":{"line":9,"column":null}},"7":{"start":{"line":10,"column":9},"end":{"line":12,"column":null}},"8":{"start":{"line":10,"column":30},"end":{"line":10,"column":null}},"9":{"start":{"line":11,"column":9},"end":{"line":12,"column":null}},"10":{"start":{"line":11,"column":30},"end":{"line":11,"column":null}},"11":{"start":{"line":12,"column":9},"end":{"line":12,"column":null}},"12":{"start":{"line":15,"column":16},"end":{"line":15,"column":null}},"13":{"start":{"line":17,"column":4},"end":{"line":24,"column":null}},"14":{"start":{"line":29,"column":21},"end":{"line":29,"column":null}},"15":{"start":{"line":32,"column":27},"end":{"line":32,"column":null}},"16":{"start":{"line":35,"column":15},"end":{"line":35,"column":null}},"17":{"start":{"line":36,"column":16},"end":{"line":36,"column":null}},"18":{"start":{"line":39,"column":17},"end":{"line":39,"column":null}},"19":{"start":{"line":40,"column":17},"end":{"line":40,"column":null}},"20":{"start":{"line":41,"column":16},"end":{"line":41,"column":75}},"21":{"start":{"line":44,"column":20},"end":{"line":44,"column":null}},"22":{"start":{"line":45,"column":21},"end":{"line":45,"column":56}},"23":{"start":{"line":48,"column":25},"end":{"line":60,"column":null}},"24":{"start":{"line":50,"column":4},"end":{"line":52,"column":null}},"25":{"start":{"line":51,"column":6},"end":{"line":51,"column":null}},"26":{"start":{"line":55,"column":4},"end":{"line":57,"column":null}},"27":{"start":{"line":56,"column":6},"end":{"line":56,"column":null}},"28":{"start":{"line":59,"column":4},"end":{"line":59,"column":null}},"29":{"start":{"line":63,"column":17},"end":{"line":63,"column":null}},"30":{"start":{"line":64,"column":21},"end":{"line":64,"column":44}},"31":{"start":{"line":65,"column":21},"end":{"line":65,"column":null}},"32":{"start":{"line":68,"column":19},"end":{"line":68,"column":null}},"33":{"start":{"line":71,"column":2},"end":{"line":81,"column":null}}},"fnMap":{"0":{"name":"(anonymous_1)","decl":{"start":{"line":4,"column":29},"end":{"line":4,"column":30}},"loc":{"start":{"line":4,"column":30},"end":{"line":26,"column":null}}},"1":{"name":"(anonymous_2)","decl":{"start":{"line":5,"column":39},"end":{"line":5,"column":40}},"loc":{"start":{"line":5,"column":43},"end":{"line":25,"column":null}}},"2":{"name":"GET","decl":{"start":{"line":31,"column":22},"end":{"line":31,"column":26}},"loc":{"start":{"line":31,"column":46},"end":{"line":82,"column":null}}},"3":{"name":"(anonymous_4)","decl":{"start":{"line":48,"column":45},"end":{"line":48,"column":46}},"loc":{"start":{"line":48,"column":46},"end":{"line":60,"column":null}}}},"branchMap":{"0":{"loc":{"start":{"line":9,"column":4},"end":{"line":12,"column":null}},"type":"if","locations":[{"start":{"line":9,"column":4},"end":{"line":12,"column":null}},{"start":{"line":10,"column":9},"end":{"line":12,"column":null}}]},"1":{"loc":{"start":{"line":10,"column":9},"end":{"line":12,"column":null}},"type":"if","locations":[{"start":{"line":10,"column":9},"end":{"line":12,"column":null}},{"start":{"line":11,"column":9},"end":{"line":12,"column":null}}]},"2":{"loc":{"start":{"line":11,"column":9},"end":{"line":12,"column":null}},"type":"if","locations":[{"start":{"line":11,"column":9},"end":{"line":12,"column":null}},{"start":{"line":12,"column":9},"end":{"line":12,"column":null}}]},"3":{"loc":{"start":{"line":20,"column":14},"end":{"line":20,"column":null}},"type":"cond-expr","locations":[{"start":{"line":20,"column":36},"end":{"line":20,"column":49}},{"start":{"line":20,"column":49},"end":{"line":20,"column":null}}]},"4":{"loc":{"start":{"line":35,"column":24},"end":{"line":35,"column":null}},"type":"binary-expr","locations":[{"start":{"line":35,"column":24},"end":{"line":35,"column":52}},{"start":{"line":35,"column":52},"end":{"line":35,"column":null}}]},"5":{"loc":{"start":{"line":36,"column":25},"end":{"line":36,"column":null}},"type":"binary-expr","locations":[{"start":{"line":36,"column":25},"end":{"line":36,"column":54}},{"start":{"line":36,"column":54},"end":{"line":36,"column":null}}]},"6":{"loc":{"start":{"line":39,"column":28},"end":{"line":39,"column":null}},"type":"binary-expr","locations":[{"start":{"line":39,"column":28},"end":{"line":39,"column":58}},{"start":{"line":39,"column":58},"end":{"line":39,"column":null}}]},"7":{"loc":{"start":{"line":40,"column":28},"end":{"line":40,"column":null}},"type":"binary-expr","locations":[{"start":{"line":40,"column":28},"end":{"line":40,"column":58}},{"start":{"line":40,"column":58},"end":{"line":40,"column":null}}]},"8":{"loc":{"start":{"line":41,"column":16},"end":{"line":41,"column":75}},"type":"binary-expr","locations":[{"start":{"line":41,"column":16},"end":{"line":41,"column":73}},{"start":{"line":41,"column":73},"end":{"line":41,"column":75}}]},"9":{"loc":{"start":{"line":50,"column":4},"end":{"line":52,"column":null}},"type":"if","locations":[{"start":{"line":50,"column":4},"end":{"line":52,"column":null}}]},"10":{"loc":{"start":{"line":50,"column":8},"end":{"line":50,"column":71}},"type":"binary-expr","locations":[{"start":{"line":50,"column":8},"end":{"line":50,"column":19}},{"start":{"line":50,"column":24},"end":{"line":50,"column":48}},{"start":{"line":50,"column":48},"end":{"line":50,"column":67}}]},"11":{"loc":{"start":{"line":55,"column":4},"end":{"line":57,"column":null}},"type":"if","locations":[{"start":{"line":55,"column":4},"end":{"line":57,"column":null}}]},"12":{"loc":{"start":{"line":55,"column":8},"end":{"line":55,"column":83}},"type":"binary-expr","locations":[{"start":{"line":55,"column":8},"end":{"line":55,"column":28}},{"start":{"line":55,"column":28},"end":{"line":55,"column":44}},{"start":{"line":55,"column":48},"end":{"line":55,"column":83}}]}},"s":{"0":0,"1":0,"2":0,"3":0,"4":0,"5":0,"6":0,"7":0,"8":0,"9":0,"10":0,"11":0,"12":0,"13":0,"14":0,"15":0,"16":0,"17":0,"18":0,"19":0,"20":0,"21":0,"22":0,"23":0,"24":0,"25":0,"26":0,"27":0,"28":0,"29":0,"30":0,"31":0,"32":0,"33":0},"f":{"0":0,"1":0,"2":0,"3":0},"b":{"0":[0,0],"1":[0,0],"2":[0,0],"3":[0,0],"4":[0,0],"5":[0,0],"6":[0,0],"7":[0,0],"8":[0,0],"9":[0],"10":[0,0,0],"11":[0],"12":[0,0,0]}}
,"C:\\Users\\Tobi\\betail\\TradeFlow-Web\\src\\app\\api\\pnl\\route.ts": {"path":"C:\\Users\\Tobi\\betail\\TradeFlow-Web\\src\\app\\api\\pnl\\route.ts","statementMap":{"0":{"start":{"line":23,"column":22},"end":{"line":23,"column":null}},"1":{"start":{"line":7,"column":29},"end":{"line":7,"column":null}},"2":{"start":{"line":25,"column":26},"end":{"line":25,"column":28}},"3":{"start":{"line":26,"column":16},"end":{"line":26,"column":null}},"4":{"start":{"line":29,"column":21},"end":{"line":29,"column":null}},"5":{"start":{"line":31,"column":2},"end":{"line":44,"column":null}},"6":{"start":{"line":31,"column":15},"end":{"line":31,"column":19}},"7":{"start":{"line":32,"column":17},"end":{"line":32,"column":null}},"8":{"start":{"line":33,"column":4},"end":{"line":33,"column":null}},"9":{"start":{"line":37,"column":19},"end":{"line":37,"column":null}},"10":{"start":{"line":38,"column":4},"end":{"line":38,"column":null}},"11":{"start":{"line":40,"column":4},"end":{"line":43,"column":null}},"12":{"start":{"line":47,"column":2},"end":{"line":47,"column":null}}},"fnMap":{"0":{"name":"GET","decl":{"start":{"line":23,"column":22},"end":{"line":23,"column":null}},"loc":{"start":{"line":23,"column":22},"end":{"line":48,"column":null}}}},"branchMap":{},"s":{"0":0,"1":0,"2":0,"3":0,"4":0,"5":0,"6":0,"7":0,"8":0,"9":0,"10":0,"11":0,"12":0},"f":{"0":0},"b":{}}
,"C:\\Users\\Tobi\\betail\\TradeFlow-Web\\src\\app\\api\\upload\\route.ts": {"path":"C:\\Users\\Tobi\\betail\\TradeFlow-Web\\src\\app\\api\\upload\\route.ts","statementMap":{"0":{"start":{"line":15,"column":22},"end":{"line":15,"column":27}},"1":{"start":{"line":7,"column":42},"end":{"line":7,"column":null}},"2":{"start":{"line":17,"column":19},"end":{"line":17,"column":null}},"3":{"start":{"line":18,"column":2},"end":{"line":18,"column":null}},"4":{"start":{"line":21,"column":2},"end":{"line":27,"column":null}}},"fnMap":{"0":{"name":"POST","decl":{"start":{"line":15,"column":22},"end":{"line":15,"column":27}},"loc":{"start":{"line":15,"column":47},"end":{"line":29,"column":null}}}},"branchMap":{"0":{"loc":{"start":{"line":17,"column":19},"end":{"line":17,"column":null}},"type":"binary-expr","locations":[{"start":{"line":17,"column":19},"end":{"line":17,"column":61}},{"start":{"line":17,"column":61},"end":{"line":17,"column":null}}]}},"s":{"0":0,"1":0,"2":0,"3":0,"4":0},"f":{"0":0},"b":{"0":[0,0]}}
,"C:\\Users\\Tobi\\betail\\TradeFlow-Web\\src\\app\\api\\v1\\network\\fees\\route.ts": {"path":"C:\\Users\\Tobi\\betail\\TradeFlow-Web\\src\\app\\api\\v1\\network\\fees\\route.ts","statementMap":{"0":{"start":{"line":20,"column":22},"end":{"line":20,"column":26}},"1":{"start":{"line":1,"column":42},"end":{"line":1,"column":null}},"2":{"start":{"line":2,"column":30},"end":{"line":2,"column":null}},"3":{"start":{"line":4,"column":26},"end":{"line":4,"column":null}},"4":{"start":{"line":5,"column":25},"end":{"line":5,"column":null}},"5":{"start":{"line":8,"column":35},"end":{"line":8,"column":null}},"6":{"start":{"line":9,"column":25},"end":{"line":9,"column":null}},"7":{"start":{"line":11,"column":2},"end":{"line":17,"column":null}},"8":{"start":{"line":21,"column":2},"end":{"line":21,"column":null}}},"fnMap":{"0":{"name":"handler","decl":{"start":{"line":7,"column":15},"end":{"line":7,"column":23}},"loc":{"start":{"line":7,"column":43},"end":{"line":18,"column":null}}},"1":{"name":"GET","decl":{"start":{"line":20,"column":22},"end":{"line":20,"column":26}},"loc":{"start":{"line":20,"column":46},"end":{"line":22,"column":null}}}},"branchMap":{"0":{"loc":{"start":{"line":9,"column":25},"end":{"line":9,"column":null}},"type":"cond-expr","locations":[{"start":{"line":9,"column":52},"end":{"line":9,"column":71}},{"start":{"line":9,"column":71},"end":{"line":9,"column":null}}]},"1":{"loc":{"start":{"line":16,"column":9},"end":{"line":16,"column":null}},"type":"cond-expr","locations":[{"start":{"line":16,"column":36},"end":{"line":16,"column":42}},{"start":{"line":16,"column":42},"end":{"line":16,"column":null}}]}},"s":{"0":0,"1":0,"2":0,"3":0,"4":0,"5":0,"6":0,"7":0,"8":0},"f":{"0":0,"1":0},"b":{"0":[0,0],"1":[0,0]}}
,"C:\\Users\\Tobi\\betail\\TradeFlow-Web\\src\\app\\faq\\page.tsx": {"path":"C:\\Users\\Tobi\\betail\\TradeFlow-Web\\src\\app\\faq\\page.tsx","statementMap":{"0":{"start":{"line":6,"column":24},"end":{"line":6,"column":null}},"1":{"start":{"line":1,"column":18},"end":{"line":1,"column":null}},"2":{"start":{"line":2,"column":17},"end":{"line":2,"column":null}},"3":{"start":{"line":3,"column":21},"end":{"line":3,"column":null}},"4":{"start":{"line":4,"column":17},"end":{"line":4,"column":null}}},"fnMap":{"0":{"name":"FAQ","decl":{"start":{"line":6,"column":24},"end":{"line":6,"column":null}},"loc":{"start":{"line":6,"column":24},"end":{"line":110,"column":null}}}},"branchMap":{},"s":{"0":0,"1":0,"2":0,"3":0,"4":0},"f":{"0":0},"b":{}}
,"C:\\Users\\Tobi\\betail\\TradeFlow-Web\\src\\app\\health\\route.ts": {"path":"C:\\Users\\Tobi\\betail\\TradeFlow-Web\\src\\app\\health\\route.ts","statementMap":{"0":{"start":{"line":32,"column":22},"end":{"line":32,"column":26}},"1":{"start":{"line":28,"column":22},"end":{"line":28,"column":30}},"2":{"start":{"line":1,"column":42},"end":{"line":1,"column":null}},"3":{"start":{"line":2,"column":30},"end":{"line":2,"column":null}},"4":{"start":{"line":5,"column":17},"end":{"line":5,"column":null}},"5":{"start":{"line":6,"column":20},"end":{"line":9,"column":null}},"6":{"start":{"line":8,"column":16},"end":{"line":8,"column":null}},"7":{"start":{"line":11,"column":42},"end":{"line":16,"column":null}},"8":{"start":{"line":18,"column":2},"end":{"line":23,"column":null}},"9":{"start":{"line":22,"column":4},"end":{"line":22,"column":null}},"10":{"start":{"line":25,"column":2},"end":{"line":25,"column":null}},"11":{"start":{"line":29,"column":2},"end":{"line":29,"column":null}},"12":{"start":{"line":33,"column":22},"end":{"line":33,"column":null}},"13":{"start":{"line":35,"column":17},"end":{"line":35,"column":null}},"14":{"start":{"line":36,"column":2},"end":{"line":45,"column":null}},"15":{"start":{"line":37,"column":4},"end":{"line":43,"column":null}},"16":{"start":{"line":47,"column":22},"end":{"line":47,"column":40}},"17":{"start":{"line":48,"column":15},"end":{"line":48,"column":null}},"18":{"start":{"line":50,"column":21},"end":{"line":50,"column":null}},"19":{"start":{"line":51,"column":18},"end":{"line":51,"column":null}},"20":{"start":{"line":51,"column":35},"end":{"line":51,"column":55}},"21":{"start":{"line":53,"column":2},"end":{"line":85,"column":null}},"22":{"start":{"line":54,"column":24},"end":{"line":62,"column":null}},"23":{"start":{"line":64,"column":17},"end":{"line":64,"column":null}},"24":{"start":{"line":65,"column":24},"end":{"line":65,"column":null}},"25":{"start":{"line":67,"column":4},"end":{"line":73,"column":null}},"26":{"start":{"line":76,"column":6},"end":{"line":80,"column":null}},"27":{"start":{"line":82,"column":4},"end":{"line":82,"column":null}},"28":{"start":{"line":84,"column":4},"end":{"line":84,"column":null}}},"fnMap":{"0":{"name":"getCorsHeaders","decl":{"start":{"line":4,"column":9},"end":{"line":4,"column":24}},"loc":{"start":{"line":4,"column":44},"end":{"line":26,"column":null}}},"1":{"name":"(anonymous_4)","decl":{"start":{"line":8,"column":9},"end":{"line":8,"column":10}},"loc":{"start":{"line":8,"column":16},"end":{"line":8,"column":null}}},"2":{"name":"OPTIONS","decl":{"start":{"line":28,"column":22},"end":{"line":28,"column":30}},"loc":{"start":{"line":28,"column":50},"end":{"line":30,"column":null}}},"3":{"name":"GET","decl":{"start":{"line":32,"column":22},"end":{"line":32,"column":26}},"loc":{"start":{"line":32,"column":46},"end":{"line":86,"column":null}}},"4":{"name":"(anonymous_7)","decl":{"start":{"line":51,"column":29},"end":{"line":51,"column":35}},"loc":{"start":{"line":51,"column":35},"end":{"line":51,"column":55}}}},"branchMap":{"0":{"loc":{"start":{"line":6,"column":21},"end":{"line":6,"column":56}},"type":"binary-expr","locations":[{"start":{"line":6,"column":21},"end":{"line":6,"column":51}},{"start":{"line":6,"column":55},"end":{"line":6,"column":56}}]},"1":{"loc":{"start":{"line":18,"column":2},"end":{"line":23,"column":null}},"type":"if","locations":[{"start":{"line":18,"column":2},"end":{"line":23,"column":null}}]},"2":{"loc":{"start":{"line":19,"column":4},"end":{"line":20,"column":null}},"type":"binary-expr","locations":[{"start":{"line":19,"column":4},"end":{"line":19,"column":null}},{"start":{"line":20,"column":5},"end":{"line":20,"column":95}}]},"3":{"loc":{"start":{"line":20,"column":5},"end":{"line":20,"column":95}},"type":"cond-expr","locations":[{"start":{"line":20,"column":30},"end":{"line":20,"column":70}},{"start":{"line":20,"column":70},"end":{"line":20,"column":95}}]},"4":{"loc":{"start":{"line":36,"column":2},"end":{"line":45,"column":null}},"type":"if","locations":[{"start":{"line":36,"column":2},"end":{"line":45,"column":null}}]},"5":{"loc":{"start":{"line":48,"column":15},"end":{"line":48,"column":null}},"type":"binary-expr","locations":[{"start":{"line":48,"column":15},"end":{"line":48,"column":55}},{"start":{"line":48,"column":55},"end":{"line":48,"column":null}}]},"6":{"loc":{"start":{"line":58,"column":12},"end":{"line":58,"column":47}},"type":"cond-expr","locations":[{"start":{"line":58,"column":19},"end":{"line":58,"column":45}},{"start":{"line":58,"column":45},"end":{"line":58,"column":47}}]},"7":{"loc":{"start":{"line":65,"column":24},"end":{"line":65,"column":null}},"type":"binary-expr","locations":[{"start":{"line":65,"column":24},"end":{"line":65,"column":67}},{"start":{"line":65,"column":67},"end":{"line":65,"column":null}}]},"8":{"loc":{"start":{"line":76,"column":6},"end":{"line":80,"column":null}},"type":"cond-expr","locations":[{"start":{"line":77,"column":10},"end":{"line":77,"column":null}},{"start":{"line":78,"column":10},"end":{"line":80,"column":null}}]},"9":{"loc":{"start":{"line":76,"column":6},"end":{"line":76,"column":null}},"type":"binary-expr","locations":[{"start":{"line":76,"column":6},"end":{"line":76,"column":39}},{"start":{"line":76,"column":39},"end":{"line":76,"column":null}}]},"10":{"loc":{"start":{"line":78,"column":10},"end":{"line":80,"column":null}},"type":"cond-expr","locations":[{"start":{"line":79,"column":12},"end":{"line":79,"column":25}},{"start":{"line":80,"column":12},"end":{"line":80,"column":null}}]}},"s":{"0":0,"1":0,"2":0,"3":0,"4":0,"5":0,"6":0,"7":0,"8":0,"9":0,"10":0,"11":0,"12":0,"13":0,"14":0,"15":0,"16":0,"17":0,"18":0,"19":0,"20":0,"21":0,"22":0,"23":0,"24":0,"25":0,"26":0,"27":0,"28":0},"f":{"0":0,"1":0,"2":0,"3":0,"4":0},"b":{"0":[0,0],"1":[0],"2":[0,0],"3":[0,0],"4":[0],"5":[0,0],"6":[0,0],"7":[0,0],"8":[0,0],"9":[0,0],"10":[0,0]}}
,"C:\\Users\\Tobi\\betail\\TradeFlow-Web\\src\\app\\legal\\terms\\page.tsx": {"path":"C:\\Users\\Tobi\\betail\\TradeFlow-Web\\src\\app\\legal\\terms\\page.tsx","statementMap":{"0":{"start":{"line":11,"column":24},"end":{"line":11,"column":null}},"1":{"start":{"line":3,"column":18},"end":{"line":3,"column":null}},"2":{"start":{"line":4,"column":19},"end":{"line":4,"column":null}},"3":{"start":{"line":5,"column":19},"end":{"line":5,"column":null}}},"fnMap":{"0":{"name":"TermsPage","decl":{"start":{"line":11,"column":24},"end":{"line":11,"column":null}},"loc":{"start":{"line":11,"column":24},"end":{"line":86,"column":null}}},"1":{"name":"(anonymous_3)","decl":{"start":{"line":14,"column":25},"end":{"line":14,"column":32}},"loc":{"start":{"line":14,"column":25},"end":{"line":14,"column":35}}}},"branchMap":{},"s":{"0":0,"1":0,"2":0,"3":0},"f":{"0":0,"1":0},"b":{}}
,"C:\\Users\\Tobi\\betail\\TradeFlow-Web\\src\\app\\marketplace\\inv-123\\page.tsx": {"path":"C:\\Users\\Tobi\\betail\\TradeFlow-Web\\src\\app\\marketplace\\inv-123\\page.tsx","statementMap":{"0":{"start":{"line":38,"column":24},"end":{"line":38,"column":null}},"1":{"start":{"line":3,"column":43},"end":{"line":3,"column":null}},"2":{"start":{"line":4,"column":25},"end":{"line":4,"column":null}},"3":{"start":{"line":5,"column":54},"end":{"line":5,"column":null}},"4":{"start":{"line":6,"column":39},"end":{"line":6,"column":null}},"5":{"start":{"line":7,"column":31},"end":{"line":7,"column":null}},"6":{"start":{"line":8,"column":30},"end":{"line":8,"column":null}},"7":{"start":{"line":9,"column":31},"end":{"line":9,"column":null}},"8":{"start":{"line":10,"column":27},"end":{"line":10,"column":null}},"9":{"start":{"line":11,"column":52},"end":{"line":11,"column":null}},"10":{"start":{"line":12,"column":17},"end":{"line":12,"column":null}},"11":{"start":{"line":13,"column":17},"end":{"line":13,"column":null}},"12":{"start":{"line":16,"column":18},"end":{"line":16,"column":null}},"13":{"start":{"line":17,"column":20},"end":{"line":17,"column":null}},"14":{"start":{"line":21,"column":30},"end":{"line":27,"column":null}},"15":{"start":{"line":29,"column":23},"end":{"line":36,"column":null}},"16":{"start":{"line":39,"column":37},"end":{"line":39,"column":null}},"17":{"start":{"line":40,"column":42},"end":{"line":40,"column":null}},"18":{"start":{"line":41,"column":40},"end":{"line":41,"column":null}},"19":{"start":{"line":43,"column":24},"end":{"line":43,"column":null}},"20":{"start":{"line":44,"column":38},"end":{"line":44,"column":null}},"21":{"start":{"line":45,"column":19},"end":{"line":45,"column":null}},"22":{"start":{"line":46,"column":19},"end":{"line":46,"column":null}},"23":{"start":{"line":49,"column":2},"end":{"line":71,"column":null}},"24":{"start":{"line":50,"column":4},"end":{"line":53,"column":null}},"25":{"start":{"line":51,"column":6},"end":{"line":51,"column":null}},"26":{"start":{"line":52,"column":6},"end":{"line":52,"column":null}},"27":{"start":{"line":55,"column":25},"end":{"line":68,"column":null}},"28":{"start":{"line":56,"column":6},"end":{"line":67,"column":null}},"29":{"start":{"line":57,"column":20},"end":{"line":57,"column":null}},"30":{"start":{"line":58,"column":8},"end":{"line":58,"column":null}},"31":{"start":{"line":58,"column":21},"end":{"line":58,"column":null}},"32":{"start":{"line":59,"column":32},"end":{"line":59,"column":null}},"33":{"start":{"line":60,"column":26},"end":{"line":62,"column":null}},"34":{"start":{"line":62,"column":12},"end":{"line":62,"column":null}},"35":{"start":{"line":64,"column":8},"end":{"line":64,"column":null}},"36":{"start":{"line":66,"column":8},"end":{"line":66,"column":null}},"37":{"start":{"line":70,"column":4},"end":{"line":70,"column":null}},"38":{"start":{"line":75,"column":28},"end":{"line":85,"column":null}},"39":{"start":{"line":76,"column":4},"end":{"line":84,"column":null}},"40":{"start":{"line":82,"column":6},"end":{"line":82,"column":null}},"41":{"start":{"line":83,"column":6},"end":{"line":83,"column":null}},"42":{"start":{"line":83,"column":31},"end":{"line":83,"column":null}},"43":{"start":{"line":102,"column":29},"end":{"line":102,"column":null}},"44":{"start":{"line":194,"column":18},"end":{"line":195,"column":null}},"45":{"start":{"line":221,"column":33},"end":{"line":221,"column":null}},"46":{"start":{"line":254,"column":27},"end":{"line":254,"column":null}}},"fnMap":{"0":{"name":"InvoiceDetailPage","decl":{"start":{"line":38,"column":24},"end":{"line":38,"column":null}},"loc":{"start":{"line":38,"column":24},"end":{"line":261,"column":null}}},"1":{"name":"(anonymous_6)","decl":{"start":{"line":49,"column":12},"end":{"line":49,"column":null}},"loc":{"start":{"line":49,"column":12},"end":{"line":71,"column":5}}},"2":{"name":"(anonymous_7)","decl":{"start":{"line":55,"column":25},"end":{"line":55,"column":null}},"loc":{"start":{"line":55,"column":25},"end":{"line":68,"column":null}}},"3":{"name":"(anonymous_8)","decl":{"start":{"line":61,"column":10},"end":{"line":61,"column":11}},"loc":{"start":{"line":62,"column":12},"end":{"line":62,"column":null}}},"4":{"name":"(anonymous_9)","decl":{"start":{"line":75,"column":28},"end":{"line":75,"column":35}},"loc":{"start":{"line":75,"column":58},"end":{"line":85,"column":null}}},"5":{"name":"(anonymous_10)","decl":{"start":{"line":76,"column":20},"end":{"line":76,"column":null}},"loc":{"start":{"line":76,"column":20},"end":{"line":84,"column":null}}},"6":{"name":"(anonymous_11)","decl":{"start":{"line":83,"column":24},"end":{"line":83,"column":25}},"loc":{"start":{"line":83,"column":31},"end":{"line":83,"column":null}}},"7":{"name":"(anonymous_12)","decl":{"start":{"line":102,"column":23},"end":{"line":102,"column":29}},"loc":{"start":{"line":102,"column":29},"end":{"line":102,"column":null}}},"8":{"name":"(anonymous_13)","decl":{"start":{"line":193,"column":22},"end":{"line":193,"column":23}},"loc":{"start":{"line":194,"column":18},"end":{"line":195,"column":null}}},"9":{"name":"(anonymous_14)","decl":{"start":{"line":221,"column":27},"end":{"line":221,"column":33}},"loc":{"start":{"line":221,"column":33},"end":{"line":221,"column":null}}},"10":{"name":"(anonymous_15)","decl":{"start":{"line":233,"column":31},"end":{"line":233,"column":null}},"loc":{"start":{"line":233,"column":31},"end":{"line":235,"column":null}}},"11":{"name":"(anonymous_16)","decl":{"start":{"line":254,"column":21},"end":{"line":254,"column":27}},"loc":{"start":{"line":254,"column":27},"end":{"line":254,"column":null}}}},"branchMap":{"0":{"loc":{"start":{"line":46,"column":19},"end":{"line":46,"column":null}},"type":"cond-expr","locations":[{"start":{"line":46,"column":29},"end":{"line":46,"column":67}},{"start":{"line":46,"column":67},"end":{"line":46,"column":null}}]},"1":{"loc":{"start":{"line":50,"column":4},"end":{"line":53,"column":null}},"type":"if","locations":[{"start":{"line":50,"column":4},"end":{"line":53,"column":null}}]},"2":{"loc":{"start":{"line":50,"column":8},"end":{"line":50,"column":36}},"type":"binary-expr","locations":[{"start":{"line":50,"column":8},"end":{"line":50,"column":24}},{"start":{"line":50,"column":24},"end":{"line":50,"column":36}}]},"3":{"loc":{"start":{"line":58,"column":8},"end":{"line":58,"column":null}},"type":"if","locations":[{"start":{"line":58,"column":8},"end":{"line":58,"column":null}}]},"4":{"loc":{"start":{"line":62,"column":12},"end":{"line":62,"column":null}},"type":"binary-expr","locations":[{"start":{"line":62,"column":12},"end":{"line":62,"column":42}},{"start":{"line":62,"column":42},"end":{"line":62,"column":null}}]},"5":{"loc":{"start":{"line":64,"column":23},"end":{"line":64,"column":null}},"type":"cond-expr","locations":[{"start":{"line":64,"column":35},"end":{"line":64,"column":52}},{"start":{"line":64,"column":55},"end":{"line":64,"column":null}}]},"6":{"loc":{"start":{"line":120,"column":15},"end":{"line":120,"column":null}},"type":"binary-expr","locations":[{"start":{"line":120,"column":15},"end":{"line":120,"column":null}}]},"7":{"loc":{"start":{"line":123,"column":15},"end":{"line":123,"column":null}},"type":"binary-expr","locations":[{"start":{"line":123,"column":15},"end":{"line":123,"column":null}}]},"8":{"loc":{"start":{"line":132,"column":58},"end":{"line":132,"column":null}},"type":"binary-expr","locations":[{"start":{"line":132,"column":58},"end":{"line":132,"column":73}},{"start":{"line":132,"column":73},"end":{"line":132,"column":null}}]},"9":{"loc":{"start":{"line":141,"column":21},"end":{"line":143,"column":null}},"type":"cond-expr","locations":[{"start":{"line":142,"column":24},"end":{"line":142,"column":84}},{"start":{"line":143,"column":24},"end":{"line":143,"column":null}}]},"10":{"loc":{"start":{"line":149,"column":21},"end":{"line":149,"column":null}},"type":"binary-expr","locations":[{"start":{"line":149,"column":21},"end":{"line":149,"column":43}},{"start":{"line":149,"column":43},"end":{"line":149,"column":null}}]},"11":{"loc":{"start":{"line":160,"column":22},"end":{"line":162,"column":null}},"type":"cond-expr","locations":[{"start":{"line":161,"column":26},"end":{"line":161,"column":null}},{"start":{"line":162,"column":26},"end":{"line":162,"column":null}}]},"12":{"loc":{"start":{"line":165,"column":21},"end":{"line":165,"column":null}},"type":"cond-expr","locations":[{"start":{"line":165,"column":54},"end":{"line":165,"column":68}},{"start":{"line":165,"column":68},"end":{"line":165,"column":null}}]},"13":{"loc":{"start":{"line":165,"column":68},"end":{"line":165,"column":null}},"type":"binary-expr","locations":[{"start":{"line":165,"column":68},"end":{"line":165,"column":87}},{"start":{"line":165,"column":87},"end":{"line":165,"column":null}}]},"14":{"loc":{"start":{"line":228,"column":17},"end":{"line":228,"column":32}},"type":"binary-expr","locations":[{"start":{"line":228,"column":17},"end":{"line":228,"column":32}},{"start":{"line":228,"column":32},"end":{"line":228,"column":44}},{"start":{"line":228,"column":44},"end":{"line":228,"column":null}}]},"15":{"loc":{"start":{"line":230,"column":31},"end":{"line":230,"column":null}},"type":"binary-expr","locations":[{"start":{"line":230,"column":31},"end":{"line":230,"column":46}},{"start":{"line":230,"column":46},"end":{"line":230,"column":null}}]},"16":{"loc":{"start":{"line":250,"column":9},"end":{"line":250,"column":null}},"type":"binary-expr","locations":[{"start":{"line":250,"column":9},"end":{"line":250,"column":null}}]}},"s":{"0":0,"1":0,"2":0,"3":0,"4":0,"5":0,"6":0,"7":0,"8":0,"9":0,"10":0,"11":0,"12":0,"13":0,"14":0,"15":0,"16":0,"17":0,"18":0,"19":0,"20":0,"21":0,"22":0,"23":0,"24":0,"25":0,"26":0,"27":0,"28":0,"29":0,"30":0,"31":0,"32":0,"33":0,"34":0,"35":0,"36":0,"37":0,"38":0,"39":0,"40":0,"41":0,"42":0,"43":0,"44":0,"45":0,"46":0},"f":{"0":0,"1":0,"2":0,"3":0,"4":0,"5":0,"6":0,"7":0,"8":0,"9":0,"10":0,"11":0},"b":{"0":[0,0],"1":[0],"2":[0,0],"3":[0],"4":[0,0],"5":[0,0],"6":[0],"7":[0],"8":[0,0],"9":[0,0],"10":[0,0],"11":[0,0],"12":[0,0],"13":[0,0],"14":[0,0,0],"15":[0,0],"16":[0]}}
,"C:\\Users\\Tobi\\betail\\TradeFlow-Web\\src\\app\\metrics-demo\\page.tsx": {"path":"C:\\Users\\Tobi\\betail\\TradeFlow-Web\\src\\app\\metrics-demo\\page.tsx","statementMap":{"0":{"start":{"line":20,"column":24},"end":{"line":20,"column":null}},"1":{"start":{"line":3,"column":43},"end":{"line":3,"column":null}},"2":{"start":{"line":4,"column":23},"end":{"line":4,"column":null}},"3":{"start":{"line":5,"column":19},"end":{"line":5,"column":null}},"4":{"start":{"line":6,"column":20},"end":{"line":6,"column":null}},"5":{"start":{"line":7,"column":33},"end":{"line":7,"column":null}},"6":{"start":{"line":9,"column":16},"end":{"line":18,"column":null}},"7":{"start":{"line":21,"column":40},"end":{"line":21,"column":null}},"8":{"start":{"line":22,"column":40},"end":{"line":22,"column":null}},"9":{"start":{"line":23,"column":36},"end":{"line":23,"column":null}},"10":{"start":{"line":24,"column":36},"end":{"line":24,"column":null}},"11":{"start":{"line":25,"column":34},"end":{"line":25,"column":null}},"12":{"start":{"line":27,"column":2},"end":{"line":61,"column":null}},"13":{"start":{"line":28,"column":23},"end":{"line":28,"column":null}},"14":{"start":{"line":30,"column":16},"end":{"line":54,"column":null}},"15":{"start":{"line":31,"column":6},"end":{"line":31,"column":null}},"16":{"start":{"line":33,"column":24},"end":{"line":33,"column":null}},"17":{"start":{"line":34,"column":6},"end":{"line":42,"column":null}},"18":{"start":{"line":35,"column":8},"end":{"line":35,"column":null}},"19":{"start":{"line":36,"column":8},"end":{"line":36,"column":null}},"20":{"start":{"line":37,"column":8},"end":{"line":37,"column":null}},"21":{"start":{"line":39,"column":8},"end":{"line":39,"column":null}},"22":{"start":{"line":40,"column":8},"end":{"line":40,"column":null}},"23":{"start":{"line":41,"column":8},"end":{"line":41,"column":null}},"24":{"start":{"line":44,"column":22},"end":{"line":44,"column":null}},"25":{"start":{"line":45,"column":6},"end":{"line":53,"column":null}},"26":{"start":{"line":46,"column":8},"end":{"line":46,"column":null}},"27":{"start":{"line":47,"column":8},"end":{"line":47,"column":null}},"28":{"start":{"line":48,"column":8},"end":{"line":48,"column":null}},"29":{"start":{"line":50,"column":8},"end":{"line":50,"column":null}},"30":{"start":{"line":51,"column":8},"end":{"line":51,"column":null}},"31":{"start":{"line":52,"column":8},"end":{"line":52,"column":null}},"32":{"start":{"line":52,"column":30},"end":{"line":52,"column":59}},"33":{"start":{"line":56,"column":4},"end":{"line":56,"column":null}},"34":{"start":{"line":58,"column":4},"end":{"line":60,"column":null}},"35":{"start":{"line":59,"column":6},"end":{"line":59,"column":null}},"36":{"start":{"line":63,"column":2},"end":{"line":80,"column":null}},"37":{"start":{"line":64,"column":25},"end":{"line":64,"column":null}},"38":{"start":{"line":65,"column":4},"end":{"line":65,"column":null}},"39":{"start":{"line":66,"column":4},"end":{"line":66,"column":null}},"40":{"start":{"line":68,"column":24},"end":{"line":74,"column":null}},"41":{"start":{"line":69,"column":6},"end":{"line":69,"column":null}},"42":{"start":{"line":69,"column":41},"end":{"line":69,"column":null}},"43":{"start":{"line":70,"column":6},"end":{"line":70,"column":null}},"44":{"start":{"line":70,"column":51},"end":{"line":70,"column":null}},"45":{"start":{"line":71,"column":6},"end":{"line":71,"column":null}},"46":{"start":{"line":72,"column":6},"end":{"line":72,"column":null}},"47":{"start":{"line":73,"column":6},"end":{"line":73,"column":null}},"48":{"start":{"line":76,"column":4},"end":{"line":79,"column":null}},"49":{"start":{"line":77,"column":6},"end":{"line":77,"column":null}},"50":{"start":{"line":78,"column":6},"end":{"line":78,"column":null}},"51":{"start":{"line":99,"column":14},"end":{"line":99,"column":40}}},"fnMap":{"0":{"name":"MetricsDemoPage","decl":{"start":{"line":20,"column":24},"end":{"line":20,"column":null}},"loc":{"start":{"line":20,"column":24},"end":{"line":133,"column":null}}},"1":{"name":"(anonymous_6)","decl":{"start":{"line":27,"column":12},"end":{"line":27,"column":null}},"loc":{"start":{"line":27,"column":12},"end":{"line":61,"column":5}}},"2":{"name":"(anonymous_7)","decl":{"start":{"line":30,"column":16},"end":{"line":30,"column":null}},"loc":{"start":{"line":30,"column":16},"end":{"line":54,"column":null}}},"3":{"name":"(anonymous_8)","decl":{"start":{"line":52,"column":20},"end":{"line":52,"column":21}},"loc":{"start":{"line":52,"column":30},"end":{"line":52,"column":59}}},"4":{"name":"(anonymous_9)","decl":{"start":{"line":58,"column":11},"end":{"line":58,"column":null}},"loc":{"start":{"line":58,"column":11},"end":{"line":60,"column":null}}},"5":{"name":"(anonymous_10)","decl":{"start":{"line":63,"column":12},"end":{"line":63,"column":null}},"loc":{"start":{"line":63,"column":12},"end":{"line":80,"column":5}}},"6":{"name":"(anonymous_11)","decl":{"start":{"line":68,"column":40},"end":{"line":68,"column":41}},"loc":{"start":{"line":68,"column":41},"end":{"line":74,"column":null}}},"7":{"name":"(anonymous_12)","decl":{"start":{"line":76,"column":11},"end":{"line":76,"column":null}},"loc":{"start":{"line":76,"column":11},"end":{"line":79,"column":null}}},"8":{"name":"(anonymous_13)","decl":{"start":{"line":84,"column":36},"end":{"line":84,"column":43}},"loc":{"start":{"line":84,"column":36},"end":{"line":84,"column":null}}},"9":{"name":"(anonymous_14)","decl":{"start":{"line":98,"column":25},"end":{"line":98,"column":26}},"loc":{"start":{"line":99,"column":14},"end":{"line":99,"column":40}}}},"branchMap":{"0":{"loc":{"start":{"line":34,"column":6},"end":{"line":42,"column":null}},"type":"if","locations":[{"start":{"line":34,"column":6},"end":{"line":42,"column":null}},{"start":{"line":38,"column":13},"end":{"line":42,"column":null}}]},"1":{"loc":{"start":{"line":40,"column":23},"end":{"line":40,"column":null}},"type":"cond-expr","locations":[{"start":{"line":40,"column":42},"end":{"line":40,"column":68}},{"start":{"line":40,"column":71},"end":{"line":40,"column":null}}]},"2":{"loc":{"start":{"line":45,"column":6},"end":{"line":53,"column":null}},"type":"if","locations":[{"start":{"line":45,"column":6},"end":{"line":53,"column":null}},{"start":{"line":49,"column":13},"end":{"line":53,"column":null}}]},"3":{"loc":{"start":{"line":51,"column":21},"end":{"line":51,"column":null}},"type":"cond-expr","locations":[{"start":{"line":51,"column":38},"end":{"line":51,"column":62}},{"start":{"line":51,"column":65},"end":{"line":51,"column":null}}]},"4":{"loc":{"start":{"line":52,"column":30},"end":{"line":52,"column":59}},"type":"binary-expr","locations":[{"start":{"line":52,"column":30},"end":{"line":52,"column":38}},{"start":{"line":52,"column":38},"end":{"line":52,"column":59}}]},"5":{"loc":{"start":{"line":69,"column":6},"end":{"line":69,"column":null}},"type":"if","locations":[{"start":{"line":69,"column":6},"end":{"line":69,"column":null}}]},"6":{"loc":{"start":{"line":70,"column":6},"end":{"line":70,"column":null}},"type":"if","locations":[{"start":{"line":70,"column":6},"end":{"line":70,"column":null}}]},"7":{"loc":{"start":{"line":109,"column":49},"end":{"line":109,"column":null}},"type":"binary-expr","locations":[{"start":{"line":109,"column":49},"end":{"line":109,"column":61}},{"start":{"line":109,"column":61},"end":{"line":109,"column":null}}]}},"s":{"0":0,"1":0,"2":0,"3":0,"4":0,"5":0,"6":0,"7":0,"8":0,"9":0,"10":0,"11":0,"12":0,"13":0,"14":0,"15":0,"16":0,"17":0,"18":0,"19":0,"20":0,"21":0,"22":0,"23":0,"24":0,"25":0,"26":0,"27":0,"28":0,"29":0,"30":0,"31":0,"32":0,"33":0,"34":0,"35":0,"36":0,"37":0,"38":0,"39":0,"40":0,"41":0,"42":0,"43":0,"44":0,"45":0,"46":0,"47":0,"48":0,"49":0,"50":0,"51":0},"f":{"0":0,"1":0,"2":0,"3":0,"4":0,"5":0,"6":0,"7":0,"8":0,"9":0},"b":{"0":[0,0],"1":[0,0],"2":[0,0],"3":[0,0],"4":[0,0],"5":[0],"6":[0],"7":[0,0]}}
,"C:\\Users\\Tobi\\betail\\TradeFlow-Web\\src\\app\\pools\\page.tsx": {"path":"C:\\Users\\Tobi\\betail\\TradeFlow-Web\\src\\app\\pools\\page.tsx","statementMap":{"0":{"start":{"line":20,"column":24},"end":{"line":20,"column":null}},"1":{"start":{"line":3,"column":32},"end":{"line":3,"column":null}},"2":{"start":{"line":4,"column":43},"end":{"line":4,"column":null}},"3":{"start":{"line":5,"column":23},"end":{"line":5,"column":null}},"4":{"start":{"line":6,"column":31},"end":{"line":6,"column":null}},"5":{"start":{"line":7,"column":19},"end":{"line":7,"column":null}},"6":{"start":{"line":10,"column":19},"end":{"line":18,"column":null}},"7":{"start":{"line":21,"column":40},"end":{"line":21,"column":null}},"8":{"start":{"line":22,"column":21},"end":{"line":22,"column":24}},"9":{"start":{"line":72,"column":18},"end":{"line":72,"column":36}}},"fnMap":{"0":{"name":"PoolsPage","decl":{"start":{"line":20,"column":24},"end":{"line":20,"column":null}},"loc":{"start":{"line":20,"column":24},"end":{"line":108,"column":null}}},"1":{"name":"(anonymous_6)","decl":{"start":{"line":71,"column":32},"end":{"line":71,"column":33}},"loc":{"start":{"line":72,"column":18},"end":{"line":72,"column":36}}}},"branchMap":{},"s":{"0":0,"1":0,"2":0,"3":0,"4":0,"5":0,"6":0,"7":0,"8":0,"9":0},"f":{"0":0,"1":0},"b":{}}
,"C:\\Users\\Tobi\\betail\\TradeFlow-Web\\src\\app\\portfolio\\page.tsx": {"path":"C:\\Users\\Tobi\\betail\\TradeFlow-Web\\src\\app\\portfolio\\page.tsx","statementMap":{"0":{"start":{"line":12,"column":24},"end":{"line":12,"column":null}},"1":{"start":{"line":3,"column":32},"end":{"line":3,"column":null}},"2":{"start":{"line":4,"column":42},"end":{"line":4,"column":null}},"3":{"start":{"line":5,"column":19},"end":{"line":5,"column":null}},"4":{"start":{"line":6,"column":24},"end":{"line":6,"column":null}},"5":{"start":{"line":7,"column":27},"end":{"line":7,"column":null}},"6":{"start":{"line":8,"column":31},"end":{"line":8,"column":null}},"7":{"start":{"line":9,"column":23},"end":{"line":9,"column":null}},"8":{"start":{"line":10,"column":26},"end":{"line":10,"column":null}},"9":{"start":{"line":13,"column":32},"end":{"line":13,"column":null}},"10":{"start":{"line":14,"column":40},"end":{"line":14,"column":null}},"11":{"start":{"line":16,"column":30},"end":{"line":26,"column":null}},"12":{"start":{"line":17,"column":4},"end":{"line":25,"column":null}},"13":{"start":{"line":18,"column":23},"end":{"line":18,"column":null}},"14":{"start":{"line":19,"column":6},"end":{"line":21,"column":null}},"15":{"start":{"line":20,"column":8},"end":{"line":20,"column":null}},"16":{"start":{"line":23,"column":6},"end":{"line":23,"column":null}},"17":{"start":{"line":24,"column":6},"end":{"line":24,"column":null}},"18":{"start":{"line":30,"column":49},"end":{"line":30,"column":null}},"19":{"start":{"line":34,"column":47},"end":{"line":34,"column":null}},"20":{"start":{"line":68,"column":23},"end":{"line":68,"column":null}}},"fnMap":{"0":{"name":"PortfolioPage","decl":{"start":{"line":12,"column":24},"end":{"line":12,"column":null}},"loc":{"start":{"line":12,"column":24},"end":{"line":73,"column":null}}},"1":{"name":"(anonymous_6)","decl":{"start":{"line":16,"column":30},"end":{"line":16,"column":37}},"loc":{"start":{"line":16,"column":37},"end":{"line":26,"column":null}}},"2":{"name":"(anonymous_7)","decl":{"start":{"line":30,"column":43},"end":{"line":30,"column":49}},"loc":{"start":{"line":30,"column":49},"end":{"line":30,"column":null}}},"3":{"name":"(anonymous_8)","decl":{"start":{"line":34,"column":41},"end":{"line":34,"column":47}},"loc":{"start":{"line":34,"column":47},"end":{"line":34,"column":null}}},"4":{"name":"(anonymous_9)","decl":{"start":{"line":68,"column":17},"end":{"line":68,"column":23}},"loc":{"start":{"line":68,"column":23},"end":{"line":68,"column":null}}}},"branchMap":{"0":{"loc":{"start":{"line":19,"column":6},"end":{"line":21,"column":null}},"type":"if","locations":[{"start":{"line":19,"column":6},"end":{"line":21,"column":null}}]},"1":{"loc":{"start":{"line":19,"column":10},"end":{"line":19,"column":40}},"type":"binary-expr","locations":[{"start":{"line":19,"column":10},"end":{"line":19,"column":22}},{"start":{"line":19,"column":22},"end":{"line":19,"column":40}}]},"2":{"loc":{"start":{"line":24,"column":12},"end":{"line":24,"column":null}},"type":"binary-expr","locations":[{"start":{"line":24,"column":12},"end":{"line":24,"column":21}},{"start":{"line":24,"column":25},"end":{"line":24,"column":null}}]},"3":{"loc":{"start":{"line":34,"column":10},"end":{"line":36,"column":null}},"type":"cond-expr","locations":[{"start":{"line":34,"column":10},"end":{"line":36,"column":null}}]}},"s":{"0":0,"1":0,"2":0,"3":0,"4":0,"5":0,"6":0,"7":0,"8":0,"9":0,"10":0,"11":0,"12":0,"13":0,"14":0,"15":0,"16":0,"17":0,"18":0,"19":0,"20":0},"f":{"0":0,"1":0,"2":0,"3":0,"4":0},"b":{"0":[0],"1":[0,0],"2":[0,0],"3":[0]}}
,"C:\\Users\\Tobi\\betail\\TradeFlow-Web\\src\\app\\settings\\page.tsx": {"path":"C:\\Users\\Tobi\\betail\\TradeFlow-Web\\src\\app\\settings\\page.tsx","statementMap":{"0":{"start":{"line":7,"column":24},"end":{"line":7,"column":null}},"1":{"start":{"line":3,"column":18},"end":{"line":3,"column":null}},"2":{"start":{"line":4,"column":54},"end":{"line":4,"column":null}},"3":{"start":{"line":5,"column":17},"end":{"line":5,"column":null}}},"fnMap":{"0":{"name":"SettingsPage","decl":{"start":{"line":7,"column":24},"end":{"line":7,"column":null}},"loc":{"start":{"line":7,"column":24},"end":{"line":161,"column":null}}}},"branchMap":{},"s":{"0":0,"1":0,"2":0,"3":0},"f":{"0":0},"b":{}}
,"C:\\Users\\Tobi\\betail\\TradeFlow-Web\\src\\app\\swap\\page.tsx": {"path":"C:\\Users\\Tobi\\betail\\TradeFlow-Web\\src\\app\\swap\\page.tsx","statementMap":{"0":{"start":{"line":10,"column":24},"end":{"line":10,"column":null}},"1":{"start":{"line":3,"column":32},"end":{"line":3,"column":null}},"2":{"start":{"line":4,"column":42},"end":{"line":4,"column":null}},"3":{"start":{"line":5,"column":19},"end":{"line":5,"column":null}},"4":{"start":{"line":6,"column":24},"end":{"line":6,"column":null}},"5":{"start":{"line":7,"column":25},"end":{"line":7,"column":null}},"6":{"start":{"line":8,"column":31},"end":{"line":8,"column":null}},"7":{"start":{"line":11,"column":32},"end":{"line":11,"column":null}},"8":{"start":{"line":12,"column":40},"end":{"line":12,"column":null}},"9":{"start":{"line":14,"column":30},"end":{"line":24,"column":null}},"10":{"start":{"line":15,"column":4},"end":{"line":23,"column":null}},"11":{"start":{"line":16,"column":23},"end":{"line":16,"column":null}},"12":{"start":{"line":17,"column":6},"end":{"line":19,"column":null}},"13":{"start":{"line":18,"column":8},"end":{"line":18,"column":null}},"14":{"start":{"line":21,"column":6},"end":{"line":21,"column":null}},"15":{"start":{"line":22,"column":6},"end":{"line":22,"column":null}},"16":{"start":{"line":28,"column":49},"end":{"line":28,"column":null}},"17":{"start":{"line":32,"column":47},"end":{"line":32,"column":null}},"18":{"start":{"line":42,"column":23},"end":{"line":42,"column":null}}},"fnMap":{"0":{"name":"SwapPage","decl":{"start":{"line":10,"column":24},"end":{"line":10,"column":null}},"loc":{"start":{"line":10,"column":24},"end":{"line":47,"column":null}}},"1":{"name":"(anonymous_6)","decl":{"start":{"line":14,"column":30},"end":{"line":14,"column":37}},"loc":{"start":{"line":14,"column":37},"end":{"line":24,"column":null}}},"2":{"name":"(anonymous_7)","decl":{"start":{"line":28,"column":43},"end":{"line":28,"column":49}},"loc":{"start":{"line":28,"column":49},"end":{"line":28,"column":null}}},"3":{"name":"(anonymous_8)","decl":{"start":{"line":32,"column":41},"end":{"line":32,"column":47}},"loc":{"start":{"line":32,"column":47},"end":{"line":32,"column":null}}},"4":{"name":"(anonymous_9)","decl":{"start":{"line":42,"column":17},"end":{"line":42,"column":23}},"loc":{"start":{"line":42,"column":23},"end":{"line":42,"column":null}}}},"branchMap":{"0":{"loc":{"start":{"line":17,"column":6},"end":{"line":19,"column":null}},"type":"if","locations":[{"start":{"line":17,"column":6},"end":{"line":19,"column":null}}]},"1":{"loc":{"start":{"line":17,"column":10},"end":{"line":17,"column":40}},"type":"binary-expr","locations":[{"start":{"line":17,"column":10},"end":{"line":17,"column":22}},{"start":{"line":17,"column":22},"end":{"line":17,"column":40}}]},"2":{"loc":{"start":{"line":22,"column":12},"end":{"line":22,"column":null}},"type":"binary-expr","locations":[{"start":{"line":22,"column":12},"end":{"line":22,"column":21}},{"start":{"line":22,"column":25},"end":{"line":22,"column":null}}]},"3":{"loc":{"start":{"line":32,"column":10},"end":{"line":34,"column":11}},"type":"cond-expr","locations":[{"start":{"line":32,"column":10},"end":{"line":34,"column":11}}]}},"s":{"0":0,"1":0,"2":0,"3":0,"4":0,"5":0,"6":0,"7":0,"8":0,"9":0,"10":0,"11":0,"12":0,"13":0,"14":0,"15":0,"16":0,"17":0,"18":0},"f":{"0":0,"1":0,"2":0,"3":0,"4":0},"b":{"0":[0],"1":[0,0],"2":[0,0],"3":[0]}}
,"C:\\Users\\Tobi\\betail\\TradeFlow-Web\\src\\app\\v1\\risk\\route.ts": {"path":"C:\\Users\\Tobi\\betail\\TradeFlow-Web\\src\\app\\v1\\risk\\route.ts","statementMap":{"0":{"start":{"line":38,"column":22},"end":{"line":38,"column":26}},"1":{"start":{"line":34,"column":22},"end":{"line":34,"column":30}},"2":{"start":{"line":1,"column":42},"end":{"line":1,"column":null}},"3":{"start":{"line":2,"column":30},"end":{"line":2,"column":null}},"4":{"start":{"line":5,"column":17},"end":{"line":5,"column":null}},"5":{"start":{"line":6,"column":20},"end":{"line":9,"column":null}},"6":{"start":{"line":8,"column":16},"end":{"line":8,"column":null}},"7":{"start":{"line":11,"column":42},"end":{"line":16,"column":null}},"8":{"start":{"line":18,"column":2},"end":{"line":23,"column":null}},"9":{"start":{"line":22,"column":4},"end":{"line":22,"column":null}},"10":{"start":{"line":25,"column":2},"end":{"line":25,"column":null}},"11":{"start":{"line":29,"column":2},"end":{"line":29,"column":null}},"12":{"start":{"line":29,"column":18},"end":{"line":29,"column":null}},"13":{"start":{"line":30,"column":2},"end":{"line":30,"column":null}},"14":{"start":{"line":30,"column":30},"end":{"line":30,"column":null}},"15":{"start":{"line":31,"column":2},"end":{"line":31,"column":null}},"16":{"start":{"line":35,"column":2},"end":{"line":35,"column":null}},"17":{"start":{"line":39,"column":22},"end":{"line":39,"column":null}},"18":{"start":{"line":40,"column":20},"end":{"line":40,"column":null}},"19":{"start":{"line":42,"column":2},"end":{"line":47,"column":null}},"20":{"start":{"line":43,"column":4},"end":{"line":45,"column":null}},"21":{"start":{"line":49,"column":17},"end":{"line":49,"column":null}},"22":{"start":{"line":50,"column":2},"end":{"line":60,"column":null}},"23":{"start":{"line":51,"column":18},"end":{"line":51,"column":null}},"24":{"start":{"line":51,"column":58},"end":{"line":51,"column":82}},"25":{"start":{"line":52,"column":4},"end":{"line":58,"column":null}},"26":{"start":{"line":62,"column":22},"end":{"line":62,"column":null}},"27":{"start":{"line":63,"column":2},"end":{"line":63,"column":null}},"28":{"start":{"line":65,"column":15},"end":{"line":65,"column":null}},"29":{"start":{"line":67,"column":21},"end":{"line":67,"column":null}},"30":{"start":{"line":68,"column":18},"end":{"line":68,"column":null}},"31":{"start":{"line":68,"column":35},"end":{"line":68,"column":55}},"32":{"start":{"line":70,"column":2},"end":{"line":102,"column":null}},"33":{"start":{"line":71,"column":24},"end":{"line":79,"column":null}},"34":{"start":{"line":81,"column":17},"end":{"line":81,"column":null}},"35":{"start":{"line":82,"column":24},"end":{"line":82,"column":null}},"36":{"start":{"line":84,"column":4},"end":{"line":90,"column":null}},"37":{"start":{"line":93,"column":6},"end":{"line":97,"column":null}},"38":{"start":{"line":99,"column":4},"end":{"line":99,"column":null}},"39":{"start":{"line":101,"column":4},"end":{"line":101,"column":null}}},"fnMap":{"0":{"name":"getCorsHeaders","decl":{"start":{"line":4,"column":9},"end":{"line":4,"column":24}},"loc":{"start":{"line":4,"column":44},"end":{"line":26,"column":null}}},"1":{"name":"(anonymous_4)","decl":{"start":{"line":8,"column":9},"end":{"line":8,"column":10}},"loc":{"start":{"line":8,"column":16},"end":{"line":8,"column":null}}},"2":{"name":"isSafeInvoiceId","decl":{"start":{"line":28,"column":9},"end":{"line":28,"column":25}},"loc":{"start":{"line":28,"column":42},"end":{"line":32,"column":null}}},"3":{"name":"OPTIONS","decl":{"start":{"line":34,"column":22},"end":{"line":34,"column":30}},"loc":{"start":{"line":34,"column":50},"end":{"line":36,"column":null}}},"4":{"name":"GET","decl":{"start":{"line":38,"column":22},"end":{"line":38,"column":26}},"loc":{"start":{"line":38,"column":46},"end":{"line":103,"column":null}}},"5":{"name":"(anonymous_8)","decl":{"start":{"line":51,"column":45},"end":{"line":51,"column":46}},"loc":{"start":{"line":51,"column":58},"end":{"line":51,"column":82}}},"6":{"name":"(anonymous_9)","decl":{"start":{"line":68,"column":29},"end":{"line":68,"column":35}},"loc":{"start":{"line":68,"column":35},"end":{"line":68,"column":55}}}},"branchMap":{"0":{"loc":{"start":{"line":6,"column":21},"end":{"line":6,"column":56}},"type":"binary-expr","locations":[{"start":{"line":6,"column":21},"end":{"line":6,"column":51}},{"start":{"line":6,"column":55},"end":{"line":6,"column":56}}]},"1":{"loc":{"start":{"line":18,"column":2},"end":{"line":23,"column":null}},"type":"if","locations":[{"start":{"line":18,"column":2},"end":{"line":23,"column":null}}]},"2":{"loc":{"start":{"line":19,"column":4},"end":{"line":20,"column":null}},"type":"binary-expr","locations":[{"start":{"line":19,"column":4},"end":{"line":19,"column":null}},{"start":{"line":20,"column":5},"end":{"line":20,"column":95}}]},"3":{"loc":{"start":{"line":20,"column":5},"end":{"line":20,"column":95}},"type":"cond-expr","locations":[{"start":{"line":20,"column":30},"end":{"line":20,"column":70}},{"start":{"line":20,"column":70},"end":{"line":20,"column":95}}]},"4":{"loc":{"start":{"line":29,"column":2},"end":{"line":29,"column":null}},"type":"if","locations":[{"start":{"line":29,"column":2},"end":{"line":29,"column":null}}]},"5":{"loc":{"start":{"line":30,"column":2},"end":{"line":30,"column":null}},"type":"if","locations":[{"start":{"line":30,"column":2},"end":{"line":30,"column":null}}]},"6":{"loc":{"start":{"line":40,"column":20},"end":{"line":40,"column":null}},"type":"binary-expr","locations":[{"start":{"line":40,"column":20},"end":{"line":40,"column":69}},{"start":{"line":40,"column":69},"end":{"line":40,"column":null}}]},"7":{"loc":{"start":{"line":42,"column":2},"end":{"line":47,"column":null}},"type":"if","locations":[{"start":{"line":42,"column":2},"end":{"line":47,"column":null}}]},"8":{"loc":{"start":{"line":50,"column":2},"end":{"line":60,"column":null}},"type":"if","locations":[{"start":{"line":50,"column":2},"end":{"line":60,"column":null}}]},"9":{"loc":{"start":{"line":65,"column":15},"end":{"line":65,"column":null}},"type":"binary-expr","locations":[{"start":{"line":65,"column":15},"end":{"line":65,"column":55}},{"start":{"line":65,"column":55},"end":{"line":65,"column":null}}]},"10":{"loc":{"start":{"line":75,"column":12},"end":{"line":75,"column":47}},"type":"cond-expr","locations":[{"start":{"line":75,"column":19},"end":{"line":75,"column":45}},{"start":{"line":75,"column":45},"end":{"line":75,"column":47}}]},"11":{"loc":{"start":{"line":82,"column":24},"end":{"line":82,"column":null}},"type":"binary-expr","locations":[{"start":{"line":82,"column":24},"end":{"line":82,"column":67}},{"start":{"line":82,"column":67},"end":{"line":82,"column":null}}]},"12":{"loc":{"start":{"line":93,"column":6},"end":{"line":97,"column":null}},"type":"cond-expr","locations":[{"start":{"line":94,"column":10},"end":{"line":94,"column":null}},{"start":{"line":95,"column":10},"end":{"line":97,"column":null}}]},"13":{"loc":{"start":{"line":93,"column":6},"end":{"line":93,"column":null}},"type":"binary-expr","locations":[{"start":{"line":93,"column":6},"end":{"line":93,"column":39}},{"start":{"line":93,"column":39},"end":{"line":93,"column":null}}]},"14":{"loc":{"start":{"line":95,"column":10},"end":{"line":97,"column":null}},"type":"cond-expr","locations":[{"start":{"line":96,"column":12},"end":{"line":96,"column":25}},{"start":{"line":97,"column":12},"end":{"line":97,"column":null}}]}},"s":{"0":0,"1":0,"2":0,"3":0,"4":0,"5":0,"6":0,"7":0,"8":0,"9":0,"10":0,"11":0,"12":0,"13":0,"14":0,"15":0,"16":0,"17":0,"18":0,"19":0,"20":0,"21":0,"22":0,"23":0,"24":0,"25":0,"26":0,"27":0,"28":0,"29":0,"30":0,"31":0,"32":0,"33":0,"34":0,"35":0,"36":0,"37":0,"38":0,"39":0},"f":{"0":0,"1":0,"2":0,"3":0,"4":0,"5":0,"6":0},"b":{"0":[0,0],"1":[0],"2":[0,0],"3":[0,0],"4":[0],"5":[0],"6":[0,0],"7":[0],"8":[0],"9":[0,0],"10":[0,0],"11":[0,0],"12":[0,0],"13":[0,0],"14":[0,0]}}
[...]
,"C:\\Users\\Tobi\\betail\\TradeFlow-Web\\src\\stores\\tokenStore.ts": {"path":"C:\\Users\\Tobi\\betail\\TradeFlow-Web\\src\\stores\\tokenStore.ts","statementMap":{"0":{"start":{"line":146,"column":13},"end":{"line":146,"column":41}},"1":{"start":{"line":147,"column":13},"end":{"line":147,"column":29}},"2":{"start":{"line":61,"column":13},"end":{"line":61,"column":29}},"3":{"start":{"line":7,"column":23},"end":{"line":7,"column":null}},"4":{"start":{"line":8,"column":23},"end":{"line":8,"column":null}},"5":{"start":{"line":14,"column":22},"end":{"line":14,"column":null}},"6":{"start":{"line":15,"column":24},"end":{"line":15,"column":84}},"7":{"start":{"line":16,"column":27},"end":{"line":16,"column":33}},"8":{"start":{"line":61,"column":29},"end":{"line":141,"column":null}},"9":{"start":{"line":61,"column":63},"end":{"line":141,"column":null}},"10":{"start":{"line":73,"column":4},"end":{"line":73,"column":null}},"11":{"start":{"line":75,"column":4},"end":{"line":112,"column":null}},"12":{"start":{"line":77,"column":21},"end":{"line":77,"column":null}},"13":{"start":{"line":79,"column":6},"end":{"line":104,"column":null}},"14":{"start":{"line":81,"column":29},"end":{"line":81,"column":null}},"15":{"start":{"line":85,"column":26},"end":{"line":87,"column":null}},"16":{"start":{"line":87,"column":12},"end":{"line":87,"column":null}},"17":{"start":{"line":91,"column":24},"end":{"line":91,"column":null}},"18":{"start":{"line":93,"column":8},"end":{"line":96,"column":null}},"19":{"start":{"line":99,"column":8},"end":{"line":103,"column":null}},"20":{"start":{"line":106,"column":6},"end":{"line":106,"column":null}},"21":{"start":{"line":107,"column":6},"end":{"line":111,"column":null}},"22":{"start":{"line":119,"column":4},"end":{"line":123,"column":null}},"23":{"start":{"line":126,"column":4},"end":{"line":131,"column":null}},"24":{"start":{"line":127,"column":6},"end":{"line":127,"column":null}},"25":{"start":{"line":130,"column":6},"end":{"line":130,"column":null}},"26":{"start":{"line":138,"column":44},"end":{"line":138,"column":null}},"27":{"start":{"line":139,"column":4},"end":{"line":139,"column":null}},"28":{"start":{"line":146,"column":41},"end":{"line":146,"column":null}},"29":{"start":{"line":147,"column":29},"end":{"line":153,"column":null}}},"fnMap":{"0":{"name":"(anonymous_4)","decl":{"start":{"line":61,"column":48},"end":{"line":61,"column":49}},"loc":{"start":{"line":61,"column":63},"end":{"line":141,"column":null}}},"1":{"name":"(anonymous_5)","decl":{"start":{"line":72,"column":21},"end":{"line":72,"column":28}},"loc":{"start":{"line":72,"column":28},"end":{"line":113,"column":null}}},"2":{"name":"(anonymous_6)","decl":{"start":{"line":86,"column":10},"end":{"line":86,"column":11}},"loc":{"start":{"line":87,"column":12},"end":{"line":87,"column":null}}},"3":{"name":"(anonymous_7)","decl":{"start":{"line":118,"column":16},"end":{"line":118,"column":17}},"loc":{"start":{"line":118,"column":37},"end":{"line":132,"column":null}}},"4":{"name":"(anonymous_8)","decl":{"start":{"line":137,"column":20},"end":{"line":137,"column":null}},"loc":{"start":{"line":137,"column":20},"end":{"line":140,"column":null}}}},"branchMap":{"0":{"loc":{"start":{"line":87,"column":12},"end":{"line":87,"column":null}},"type":"binary-expr","locations":[{"start":{"line":87,"column":12},"end":{"line":87,"column":52}},{"start":{"line":87,"column":52},"end":{"line":87,"column":null}}]},"1":{"loc":{"start":{"line":91,"column":24},"end":{"line":91,"column":null}},"type":"cond-expr","locations":[{"start":{"line":91,"column":36},"end":{"line":91,"column":68}},{"start":{"line":91,"column":68},"end":{"line":91,"column":null}}]},"2":{"loc":{"start":{"line":121,"column":17},"end":{"line":121,"column":null}},"type":"binary-expr","locations":[{"start":{"line":121,"column":17},"end":{"line":121,"column":30}},{"start":{"line":121,"column":30},"end":{"line":121,"column":null}}]},"3":{"loc":{"start":{"line":126,"column":4},"end":{"line":131,"column":null}},"type":"if","locations":[{"start":{"line":126,"column":4},"end":{"line":131,"column":null}},{"start":{"line":128,"column":11},"end":{"line":131,"column":null}}]},"4":{"loc":{"start":{"line":126,"column":8},"end":{"line":126,"column":32}},"type":"binary-expr","locations":[{"start":{"line":126,"column":8},"end":{"line":126,"column":21}},{"start":{"line":126,"column":21},"end":{"line":126,"column":32}}]},"5":{"loc":{"start":{"line":139,"column":11},"end":{"line":139,"column":null}},"type":"binary-expr","locations":[{"start":{"line":139,"column":11},"end":{"line":139,"column":26}},{"start":{"line":139,"column":26},"end":{"line":139,"column":null}}]}},"s":{"0":0,"1":0,"2":0,"3":0,"4":0,"5":0,"6":0,"7":0,"8":0,"9":0,"10":0,"11":0,"12":0,"13":0,"14":0,"15":0,"16":0,"17":0,"18":0,"19":0,"20":0,"21":0,"22":0,"23":0,"24":0,"25":0,"26":0,"27":0,"28":0,"29":0},"f":{"0":0,"1":0,"2":0,"3":0,"4":0},"b":{"0":[0,0],"1":[0,0],"2":[0,0],"3":[0,0],"4":[0,0],"5":[0,0]}}
,"C:\\Users\\Tobi\\betail\\TradeFlow-Web\\src\\stores\\useWeb3Store.ts": {"path":"C:\\Users\\Tobi\\betail\\TradeFlow-Web\\src\\stores\\useWeb3Store.ts","statementMap":{"0":{"start":{"line":16,"column":13},"end":{"line":16,"column":24}},"1":{"start":{"line":332,"column":13},"end":{"line":332,"column":27}},"2":{"start":{"line":327,"column":13},"end":{"line":327,"column":26}},"3":{"start":{"line":338,"column":13},"end":{"line":338,"column":31}},"4":{"start":{"line":306,"column":13},"end":{"line":306,"column":35}},"5":{"start":{"line":99,"column":13},"end":{"line":99,"column":28}},"6":{"start":{"line":7,"column":23},"end":{"line":7,"column":null}},"7":{"start":{"line":8,"column":23},"end":{"line":8,"column":null}},"8":{"start":{"line":9,"column":41},"end":{"line":9,"column":null}},"9":{"start":{"line":10,"column":60},"end":{"line":10,"column":null}},"10":{"start":{"line":11,"column":54},"end":{"line":11,"column":null}},"11":{"start":{"line":16,"column":24},"end":{"line":21,"column":null}},"12":{"start":{"line":99,"column":28},"end":{"line":303,"column":null}},"13":{"start":{"line":99,"column":61},"end":{"line":303,"column":null}},"14":{"start":{"line":112,"column":28},"end":{"line":112,"column":null}},"15":{"start":{"line":114,"column":4},"end":{"line":117,"column":null}},"16":{"start":{"line":115,"column":6},"end":{"line":115,"column":null}},"17":{"start":{"line":116,"column":6},"end":{"line":116,"column":null}},"18":{"start":{"line":119,"column":4},"end":{"line":119,"column":null}},"19":{"start":{"line":121,"column":4},"end":{"line":157,"column":null}},"20":{"start":{"line":122,"column":30},"end":{"line":122,"column":null}},"21":{"start":{"line":125,"column":25},"end":{"line":125,"column":null}},"22":{"start":{"line":127,"column":6},"end":{"line":129,"column":null}},"23":{"start":{"line":128,"column":8},"end":{"line":128,"column":null}},"24":{"start":{"line":132,"column":22},"end":{"line":132,"column":null}},"25":{"start":{"line":133,"column":6},"end":{"line":138,"column":null}},"26":{"start":{"line":134,"column":27},"end":{"line":134,"column":null}},"27":{"start":{"line":135,"column":8},"end":{"line":136,"column":null}},"28":{"start":{"line":141,"column":6},"end":{"line":147,"column":null}},"29":{"start":{"line":150,"column":6},"end":{"line":150,"column":null}},"30":{"start":{"line":152,"column":6},"end":{"line":152,"column":null}},"31":{"start":{"line":153,"column":6},"end":{"line":156,"column":null}},"32":{"start":{"line":162,"column":27},"end":{"line":162,"column":null}},"33":{"start":{"line":164,"column":4},"end":{"line":171,"column":null}},"34":{"start":{"line":165,"column":6},"end":{"line":168,"column":null}},"35":{"start":{"line":166,"column":32},"end":{"line":166,"column":null}},"36":{"start":{"line":167,"column":8},"end":{"line":167,"column":null}},"37":{"start":{"line":170,"column":6},"end":{"line":170,"column":null}},"38":{"start":{"line":173,"column":4},"end":{"line":180,"column":null}},"39":{"start":{"line":185,"column":53},"end":{"line":185,"column":null}},"40":{"start":{"line":187,"column":4},"end":{"line":189,"column":null}},"41":{"start":{"line":188,"column":6},"end":{"line":188,"column":14}},"42":{"start":{"line":191,"column":4},"end":{"line":191,"column":null}},"43":{"start":{"line":193,"column":4},"end":{"line":212,"column":null}},"44":{"start":{"line":196,"column":6},"end":{"line":200,"column":null}},"45":{"start":{"line":203,"column":6},"end":{"line":205,"column":null}},"46":{"start":{"line":204,"column":8},"end":{"line":204,"column":null}},"47":{"start":{"line":207,"column":6},"end":{"line":207,"column":null}},"48":{"start":{"line":208,"column":6},"end":{"line":211,"column":null}},"49":{"start":{"line":217,"column":30},"end":{"line":217,"column":null}},"50":{"start":{"line":219,"column":4},"end":{"line":222,"column":null}},"51":{"start":{"line":220,"column":6},"end":{"line":220,"column":null}},"52":{"start":{"line":221,"column":6},"end":{"line":221,"column":null}},"53":{"start":{"line":224,"column":4},"end":{"line":224,"column":null}},"54":{"start":{"line":226,"column":4},"end":{"line":281,"column":null}},"55":{"start":{"line":228,"column":22},"end":{"line":228,"column":null}},"56":{"start":{"line":229,"column":21},"end":{"line":229,"column":null}},"57":{"start":{"line":230,"column":21},"end":{"line":230,"column":null}},"58":{"start":{"line":231,"column":27},"end":{"line":231,"column":null}},"59":{"start":{"line":233,"column":50},"end":{"line":233,"column":null}},"60":{"start":{"line":236,"column":25},"end":{"line":236,"column":null}},"61":{"start":{"line":236,"column":65},"end":{"line":236,"column":null}},"62":{"start":{"line":237,"column":6},"end":{"line":239,"column":null}},"63":{"start":{"line":238,"column":8},"end":{"line":238,"column":null}},"64":{"start":{"line":242,"column":30},"end":{"line":246,"column":null}},"65":{"start":{"line":249,"column":6},"end":{"line":268,"column":null}},"66":{"start":{"line":250,"column":8},"end":{"line":267,"column":null}},"67":{"start":{"line":251,"column":28},"end":{"line":251,"column":null}},"68":{"start":{"line":252,"column":31},"end":{"line":252,"column":null}},"69":{"start":{"line":255,"column":10},"end":{"line":266,"column":null}},"70":{"start":{"line":257,"column":12},"end":{"line":265,"column":null}},"71":{"start":{"line":258,"column":37},"end":{"line":258,"column":95}},"72":{"start":{"line":259,"column":14},"end":{"line":261,"column":null}},"73":{"start":{"line":260,"column":16},"end":{"line":260,"column":null}},"74":{"start":{"line":264,"column":14},"end":{"line":264,"column":null}},"75":{"start":{"line":270,"column":6},"end":{"line":274,"column":null}},"76":{"start":{"line":276,"column":6},"end":{"line":276,"column":null}},"77":{"start":{"line":277,"column":6},"end":{"line":280,"column":null}},"78":{"start":{"line":286,"column":4},"end":{"line":291,"column":null}},"79":{"start":{"line":286,"column":20},"end":{"line":291,"column":null}},"80":{"start":{"line":296,"column":4},"end":{"line":296,"column":null}},"81":{"start":{"line":301,"column":4},"end":{"line":301,"column":null}},"82":{"start":{"line":306,"column":35},"end":{"line":325,"column":null}},"83":{"start":{"line":315,"column":6},"end":{"line":315,"column":null}},"84":{"start":{"line":316,"column":2},"end":{"line":324,"column":null}},"85":{"start":{"line":327,"column":26},"end":{"line":330,"column":null}},"86":{"start":{"line":328,"column":37},"end":{"line":328,"column":null}},"87":{"start":{"line":329,"column":2},"end":{"line":329,"column":null}},"88":{"start":{"line":332,"column":27},"end":{"line":335,"column":null}},"89":{"start":{"line":333,"column":57},"end":{"line":333,"column":null}},"90":{"start":{"line":334,"column":2},"end":{"line":334,"column":null}},"91":{"start":{"line":338,"column":31},"end":{"line":341,"column":null}},"92":{"start":{"line":339,"column":19},"end":{"line":339,"column":null}},"93":{"start":{"line":339,"column":43},"end":{"line":339,"column":57}},"94":{"start":{"line":340,"column":2},"end":{"line":340,"column":null}}},"fnMap":{"0":{"name":"(anonymous_7)","decl":{"start":{"line":99,"column":46},"end":{"line":99,"column":47}},"loc":{"start":{"line":99,"column":61},"end":{"line":303,"column":null}}},"1":{"name":"(anonymous_8)","decl":{"start":{"line":111,"column":17},"end":{"line":111,"column":24}},"loc":{"start":{"line":111,"column":61},"end":{"line":158,"column":null}}},"2":{"name":"(anonymous_9)","decl":{"start":{"line":161,"column":20},"end":{"line":161,"column":null}},"loc":{"start":{"line":161,"column":20},"end":{"line":181,"column":null}}},"3":{"name":"(anonymous_10)","decl":{"start":{"line":184,"column":17},"end":{"line":184,"column":24}},"loc":{"start":{"line":184,"column":24},"end":{"line":213,"column":null}}},"4":{"name":"(anonymous_11)","decl":{"start":{"line":216,"column":18},"end":{"line":216,"column":null}},"loc":{"start":{"line":216,"column":18},"end":{"line":282,"column":null}}},"5":{"name":"(anonymous_12)","decl":{"start":{"line":236,"column":47},"end":{"line":236,"column":48}},"loc":{"start":{"line":236,"column":65},"end":{"line":236,"column":null}}},"6":{"name":"(anonymous_13)","decl":{"start":{"line":249,"column":31},"end":{"line":249,"column":32}},"loc":{"start":{"line":249,"column":32},"end":{"line":268,"column":null}}},"7":{"name":"(anonymous_14)","decl":{"start":{"line":285,"column":22},"end":{"line":285,"column":23}},"loc":{"start":{"line":285,"column":42},"end":{"line":292,"column":null}}},"8":{"name":"(anonymous_15)","decl":{"start":{"line":286,"column":8},"end":{"line":286,"column":9}},"loc":{"start":{"line":286,"column":20},"end":{"line":291,"column":null}}},"9":{"name":"(anonymous_16)","decl":{"start":{"line":295,"column":14},"end":{"line":295,"column":null}},"loc":{"start":{"line":295,"column":14},"end":{"line":297,"column":null}}},"10":{"name":"(anonymous_17)","decl":{"start":{"line":300,"column":14},"end":{"line":300,"column":15}},"loc":{"start":{"line":300,"column":15},"end":{"line":302,"column":null}}},"11":{"name":"(anonymous_18)","decl":{"start":{"line":306,"column":35},"end":{"line":306,"column":null}},"loc":{"start":{"line":306,"column":35},"end":{"line":325,"column":null}}},"12":{"name":"(anonymous_19)","decl":{"start":{"line":327,"column":26},"end":{"line":327,"column":null}},"loc":{"start":{"line":327,"column":26},"end":{"line":330,"column":null}}},"13":{"name":"(anonymous_20)","decl":{"start":{"line":332,"column":27},"end":{"line":332,"column":null}},"loc":{"start":{"line":332,"column":27},"end":{"line":335,"column":null}}},"14":{"name":"(anonymous_21)","decl":{"start":{"line":338,"column":31},"end":{"line":338,"column":32}},"loc":{"start":{"line":338,"column":32},"end":{"line":341,"column":null}}},"15":{"name":"(anonymous_22)","decl":{"start":{"line":339,"column":32},"end":{"line":339,"column":33}},"loc":{"start":{"line":339,"column":43},"end":{"line":339,"column":57}}}},"branchMap":{"0":{"loc":{"start":{"line":111,"column":24},"end":{"line":111,"column":61}},"type":"default-arg","locations":[{"start":{"line":111,"column":49},"end":{"line":111,"column":61}}]},"1":{"loc":{"start":{"line":114,"column":4},"end":{"line":117,"column":null}},"type":"if","locations":[{"start":{"line":114,"column":4},"end":{"line":117,"column":null}}]},"2":{"loc":{"start":{"line":127,"column":6},"end":{"line":129,"column":null}},"type":"if","locations":[{"start":{"line":127,"column":6},"end":{"line":129,"column":null}}]},"3":{"loc":{"start":{"line":133,"column":6},"end":{"line":138,"column":null}},"type":"if","locations":[{"start":{"line":133,"column":6},"end":{"line":138,"column":null}}]},"4":{"loc":{"start":{"line":133,"column":10},"end":{"line":133,"column":74}},"type":"binary-expr","locations":[{"start":{"line":133,"column":10},"end":{"line":133,"column":35}},{"start":{"line":133,"column":35},"end":{"line":133,"column":74}}]},"5":{"loc":{"start":{"line":155,"column":15},"end":{"line":155,"column":null}},"type":"cond-expr","locations":[{"start":{"line":155,"column":40},"end":{"line":155,"column":53}},{"start":{"line":155,"column":56},"end":{"line":155,"column":null}}]},"6":{"loc":{"start":{"line":165,"column":6},"end":{"line":168,"column":null}},"type":"if","locations":[{"start":{"line":165,"column":6},"end":{"line":168,"column":null}}]},"7":{"loc":{"start":{"line":187,"column":4},"end":{"line":189,"column":null}},"type":"if","locations":[{"start":{"line":187,"column":4},"end":{"line":189,"column":null}}]},"8":{"loc":{"start":{"line":203,"column":6},"end":{"line":205,"column":null}},"type":"if","locations":[{"start":{"line":203,"column":6},"end":{"line":205,"column":null}}]},"9":{"loc":{"start":{"line":210,"column":15},"end":{"line":210,"column":null}},"type":"cond-expr","locations":[{"start":{"line":210,"column":40},"end":{"line":210,"column":53}},{"start":{"line":210,"column":56},"end":{"line":210,"column":null}}]},"10":{"loc":{"start":{"line":219,"column":4},"end":{"line":222,"column":null}},"type":"if","locations":[{"start":{"line":219,"column":4},"end":{"line":222,"column":null}}]},"11":{"loc":{"start":{"line":237,"column":6},"end":{"line":239,"column":null}},"type":"if","locations":[{"start":{"line":237,"column":6},"end":{"line":239,"column":null}}]},"12":{"loc":{"start":{"line":250,"column":8},"end":{"line":267,"column":null}},"type":"if","locations":[{"start":{"line":250,"column":8},"end":{"line":267,"column":null}}]},"13":{"loc":{"start":{"line":250,"column":12},"end":{"line":250,"column":65}},"type":"binary-expr","locations":[{"start":{"line":250,"column":12},"end":{"line":250,"column":47}},{"start":{"line":250,"column":47},"end":{"line":250,"column":65}}]},"14":{"loc":{"start":{"line":255,"column":10},"end":{"line":266,"column":null}},"type":"if","locations":[{"start":{"line":255,"column":10},"end":{"line":266,"column":null}}]},"15":{"loc":{"start":{"line":257,"column":12},"end":{"line":265,"column":null}},"type":"if","locations":[{"start":{"line":257,"column":12},"end":{"line":265,"column":null}},{"start":{"line":262,"column":19},"end":{"line":265,"column":null}}]},"16":{"loc":{"start":{"line":259,"column":14},"end":{"line":261,"column":null}},"type":"if","locations":[{"start":{"line":259,"column":14},"end":{"line":261,"column":null}}]},"17":{"loc":{"start":{"line":279,"column":15},"end":{"line":279,"column":null}},"type":"cond-expr","locations":[{"start":{"line":279,"column":40},"end":{"line":279,"column":53}},{"start":{"line":279,"column":56},"end":{"line":279,"column":null}}]},"18":{"loc":{"start":{"line":340,"column":9},"end":{"line":340,"column":null}},"type":"binary-expr","locations":[{"start":{"line":340,"column":9},"end":{"line":340,"column":28}},{"start":{"line":340,"column":32},"end":{"line":340,"column":null}}]}},"s":{"0":1,"1":1,"2":1,"3":1,"4":1,"5":1,"6":1,"7":1,"8":1,"9":1,"10":1,"11":1,"12":1,"13":1,"14":0,"15":0,"16":0,"17":0,"18":0,"19":0,"20":0,"21":0,"22":0,"23":0,"24":0,"25":0,"26":0,"27":0,"28":0,"29":0,"30":0,"31":0,"32":0,"33":0,"34":0,"35":0,"36":0,"37":0,"38":0,"39":0,"40":0,"41":0,"42":0,"43":0,"44":0,"45":0,"46":0,"47":0,"48":0,"49":0,"50":0,"51":0,"52":0,"53":0,"54":0,"55":0,"56":0,"57":0,"58":0,"59":0,"60":0,"61":0,"62":0,"63":0,"64":0,"65":0,"66":0,"67":0,"68":0,"69":0,"70":0,"71":0,"72":0,"73":0,"74":0,"75":0,"76":0,"77":0,"78":0,"79":0,"80":0,"81":0,"82":1,"83":0,"84":0,"85":1,"86":0,"87":0,"88":1,"89":0,"90":0,"91":1,"92":0,"93":0,"94":0},"f":{"0":1,"1":0,"2":0,"3":0,"4":0,"5":0,"6":0,"7":0,"8":0,"9":0,"10":0,"11":0,"12":0,"13":0,"14":0,"15":0},"b":{"0":[0],"1":[0],"2":[0],"3":[0],"4":[0,0],"5":[0,0],"6":[0],"7":[0],"8":[0],"9":[0,0],"10":[0],"11":[0],"12":[0],"13":[0,0],"14":[0],"15":[0,0],"16":[0],"17":[0,0],"18":[0,0]}}
}
