TN:
SF:src\proxy.ts
FN:3,proxy
FNF:1
FNH:0
FNDA:0,proxy
DA:1,0
DA:3,0
DA:5,0
DA:8,0
LF:4
LH:0
BRF:0
BRH:0
end_of_record
TN:
SF:src\app\Toggle.tsx
FN:11,Toggle
FNF:1
FNH:0
FNDA:0,Toggle
DA:3,0
DA:11,0
LF:2
LH:0
BRDA:18,0,0,0
BRDA:18,0,1,0
BRDA:20,1,0,0
BRDA:20,1,1,0
BRDA:30,2,0,0
BRDA:30,2,1,0
BRDA:32,3,0,0
BRDA:32,3,1,0
BRF:8
BRH:0
end_of_record
TN:
SF:src\app\error.tsx
FN:9,ErrorPage
FN:10,(anonymous_6)
FNF:2
FNH:0
FNDA:0,ErrorPage
FNDA:0,(anonymous_6)
DA:3,0
DA:4,0
DA:5,0
DA:6,0
DA:7,0
DA:9,0
DA:10,0
DA:12,0
LF:8
LH:0
BRDA:71,0,0,0
BRF:1
BRH:0
end_of_record
TN:
SF:src\app\not-found.tsx
FN:8,NotFound
FN:38,(anonymous_3)
FNF:2
FNH:0
FNDA:0,NotFound
FNDA:0,(anonymous_3)
DA:3,0
DA:4,0
DA:5,0
DA:6,0
DA:8,0
DA:38,0
LF:6
LH:0
BRF:0
BRH:0
end_of_record
TN:
SF:src\app\page.tsx
FN:39,DashboardContent
FN:57,(anonymous_6)
FN:64,(anonymous_7)
FN:76,(anonymous_8)
FN:92,(anonymous_9)
FN:95,(anonymous_10)
FN:111,(anonymous_11)
FN:116,(anonymous_12)
FN:127,(anonymous_13)
FN:131,(anonymous_14)
FN:132,(anonymous_15)
FN:136,(anonymous_16)
FN:145,(anonymous_17)
FN:149,(anonymous_18)
FN:153,(anonymous_19)
FN:194,(anonymous_20)
FN:231,(anonymous_21)
FN:253,(anonymous_22)
FN:266,(anonymous_23)
FN:295,(anonymous_24)
FN:298,(anonymous_25)
FN:350,(anonymous_26)
FN:354,(anonymous_27)
FN:360,(anonymous_28)
FN:366,Page
FNF:25
FNH:0
FNDA:0,DashboardContent
FNDA:0,(anonymous_6)
FNDA:0,(anonymous_7)
FNDA:0,(anonymous_8)
FNDA:0,(anonymous_9)
FNDA:0,(anonymous_10)
FNDA:0,(anonymous_11)
FNDA:0,(anonymous_12)
FNDA:0,(anonymous_13)
FNDA:0,(anonymous_14)
FNDA:0,(anonymous_15)
FNDA:0,(anonymous_16)
FNDA:0,(anonymous_17)
FNDA:0,(anonymous_18)
FNDA:0,(anonymous_19)
FNDA:0,(anonymous_20)
FNDA:0,(anonymous_21)
FNDA:0,(anonymous_22)
FNDA:0,(anonymous_23)
FNDA:0,(anonymous_24)
FNDA:0,(anonymous_25)
FNDA:0,(anonymous_26)
FNDA:0,(anonymous_27)
FNDA:0,(anonymous_28)
FNDA:0,Page
DA:9,0
DA:10,0
DA:11,0
DA:12,0
DA:13,0
DA:14,0
DA:15,0
DA:16,0
DA:17,0
DA:18,0
DA:19,0
DA:20,0
DA:21,0
DA:22,0
DA:23,0
DA:24,0
DA:25,0
DA:26,0
DA:27,0
DA:28,0
DA:30,0
DA:31,0
DA:32,0
DA:33,0
DA:40,0
DA:41,0
DA:42,0
DA:43,0
DA:44,0
DA:46,0
DA:48,0
DA:50,0
DA:53,0
DA:54,0
DA:57,0
DA:64,0
DA:65,0
DA:66,0
DA:67,0
DA:68,0
DA:70,0
DA:71,0
DA:72,0
DA:76,0
DA:77,0
DA:78,0
DA:79,0
DA:80,0
DA:81,0
DA:84,0
DA:85,0
DA:86,0
DA:92,0
DA:93,0
DA:95,0
DA:96,0
DA:97,0
DA:98,0
DA:99,0
DA:100,0
DA:102,0
DA:105,0
DA:109,0
DA:111,0
DA:112,0
DA:116,0
DA:117,0
DA:118,0
DA:119,0
DA:120,0
DA:123,0
DA:124,0
DA:125,0
DA:127,0
DA:128,0
DA:129,0
DA:131,0
DA:132,0
DA:136,0
DA:137,0
DA:138,0
DA:139,0
DA:140,0
DA:145,0
DA:146,0
DA:147,0
DA:149,0
DA:151,0
DA:153,0
DA:154,0
DA:155,0
DA:161,0
DA:194,0
DA:231,0
DA:253,0
DA:266,0
DA:296,0
DA:299,0
DA:350,0
DA:354,0
DA:360,0
DA:366,0
LF:102
LH:0
BRDA:58,0,0,0
BRDA:58,0,1,0
BRDA:59,1,0,0
BRDA:59,1,1,0
BRDA:60,2,0,0
BRDA:60,2,1,0
BRDA:66,3,0,0
BRDA:67,4,0,0
BRDA:68,5,0,0
BRDA:71,6,0,0
BRDA:71,6,1,0
BRDA:79,7,0,0
BRDA:79,8,0,0
BRDA:79,8,1,0
BRDA:86,9,0,0
BRDA:86,9,1,0
BRDA:99,10,0,0
BRDA:99,10,1,0
BRDA:117,11,0,0
BRDA:123,12,0,0
BRDA:123,12,1,0
BRDA:128,13,0,0
BRDA:132,14,0,0
BRDA:132,14,1,0
BRDA:139,15,0,0
BRDA:146,16,0,0
BRDA:147,17,0,0
BRDA:196,18,0,0
BRDA:196,18,1,0
BRDA:196,19,0,0
BRDA:196,19,1,0
BRDA:199,20,0,0
BRDA:199,20,1,0
BRDA:201,21,0,0
BRDA:201,21,1,0
BRDA:215,22,0,0
BRDA:293,23,0,0
BRDA:293,23,1,0
BRDA:316,24,0,0
BRDA:316,24,1,0
BRDA:359,25,0,0
BRF:41
BRH:0
end_of_record
TN:
SF:src\app\api\auth\route.ts
FN:19,POST
FN:42,DELETE
FNF:2
FNH:2
FNDA:4,POST
FNDA:1,DELETE
DA:1,1
DA:3,1
DA:5,1
DA:19,4
DA:22,4
DA:23,4
DA:24,3
DA:26,1
DA:29,3
DA:30,2
DA:33,1
DA:34,1
DA:35,1
DA:42,1
DA:43,1
DA:44,1
DA:45,1
LF:17
LH:17
BRDA:24,0,0,2
BRDA:24,0,1,1
BRDA:29,1,0,2
BRF:3
BRH:3
end_of_record
TN:
SF:src\app\api\invoices\route.ts
FN:4,(anonymous_1)
FN:5,(anonymous_2)
FN:31,GET
FN:48,(anonymous_4)
FNF:4
FNH:0
FNDA:0,(anonymous_1)
FNDA:0,(anonymous_2)
FNDA:0,GET
FNDA:0,(anonymous_4)
DA:1,0
DA:4,0
DA:5,0
DA:6,0
DA:9,0
DA:10,0
DA:11,0
DA:12,0
DA:15,0
DA:17,0
DA:29,0
DA:31,0
DA:32,0
DA:35,0
DA:36,0
DA:39,0
DA:40,0
DA:41,0
DA:44,0
DA:45,0
DA:48,0
DA:50,0
DA:51,0
DA:55,0
DA:56,0
DA:59,0
DA:63,0
DA:64,0
DA:65,0
DA:68,0
DA:71,0
LF:31
LH:0
BRDA:9,0,0,0
BRDA:9,0,1,0
BRDA:10,1,0,0
BRDA:10,1,1,0
BRDA:11,2,0,0
BRDA:11,2,1,0
BRDA:20,3,0,0
BRDA:20,3,1,0
BRDA:35,4,0,0
BRDA:35,4,1,0
BRDA:36,5,0,0
BRDA:36,5,1,0
BRDA:39,6,0,0
BRDA:39,6,1,0
BRDA:40,7,0,0
BRDA:40,7,1,0
BRDA:41,8,0,0
BRDA:41,8,1,0
BRDA:50,9,0,0
BRDA:50,10,0,0
BRDA:50,10,1,0
BRDA:50,10,2,0
BRDA:55,11,0,0
BRDA:55,12,0,0
BRDA:55,12,1,0
BRDA:55,12,2,0
BRF:26
BRH:0
end_of_record
TN:
SF:src\app\api\pnl\route.ts
FN:23,GET
FNF:1
FNH:0
FNDA:0,GET
DA:7,0
DA:23,0
DA:25,0
DA:26,0
DA:29,0
DA:31,0
DA:32,0
DA:33,0
DA:37,0
DA:38,0
DA:40,0
DA:47,0
LF:12
LH:0
BRF:0
BRH:0
end_of_record
TN:
SF:src\app\api\upload\route.ts
FN:15,POST
FNF:1
FNH:0
FNDA:0,POST
DA:7,0
DA:15,0
DA:17,0
DA:18,0
DA:21,0
LF:5
LH:0
BRDA:17,0,0,0
BRDA:17,0,1,0
BRF:2
BRH:0
end_of_record
TN:
SF:src\app\api\v1\network\fees\route.ts
FN:7,handler
FN:20,GET
FNF:2
FNH:0
FNDA:0,handler
FNDA:0,GET
DA:1,0
DA:2,0
DA:4,0
DA:5,0
DA:8,0
DA:9,0
DA:11,0
DA:20,0
DA:21,0
LF:9
LH:0
BRDA:9,0,0,0
BRDA:9,0,1,0
BRDA:16,1,0,0
BRDA:16,1,1,0
BRF:4
BRH:0
end_of_record
TN:
SF:src\app\faq\page.tsx
FN:6,FAQ
FNF:1
FNH:0
FNDA:0,FAQ
DA:1,0
DA:2,0
DA:3,0
DA:4,0
DA:6,0
LF:5
LH:0
BRF:0
BRH:0
end_of_record
TN:
SF:src\app\health\route.ts
FN:4,getCorsHeaders
FN:8,(anonymous_4)
FN:28,OPTIONS
FN:32,GET
FN:51,(anonymous_7)
FNF:5
FNH:0
FNDA:0,getCorsHeaders
FNDA:0,(anonymous_4)
FNDA:0,OPTIONS
FNDA:0,GET
FNDA:0,(anonymous_7)
DA:1,0
DA:2,0
DA:5,0
DA:6,0
DA:8,0
DA:11,0
DA:18,0
DA:22,0
DA:25,0
DA:28,0
DA:29,0
DA:32,0
DA:33,0
DA:35,0
DA:36,0
DA:37,0
DA:47,0
DA:48,0
DA:50,0
DA:51,0
DA:53,0
DA:54,0
DA:64,0
DA:65,0
DA:67,0
DA:76,0
DA:82,0
DA:84,0
LF:28
LH:0
BRDA:6,0,0,0
BRDA:6,0,1,0
BRDA:18,1,0,0
BRDA:19,2,0,0
BRDA:19,2,1,0
BRDA:20,3,0,0
BRDA:20,3,1,0
BRDA:36,4,0,0
BRDA:48,5,0,0
BRDA:48,5,1,0
BRDA:58,6,0,0
BRDA:58,6,1,0
BRDA:65,7,0,0
BRDA:65,7,1,0
BRDA:76,8,0,0
BRDA:76,8,1,0
BRDA:76,9,0,0
BRDA:76,9,1,0
BRDA:78,10,0,0
BRDA:78,10,1,0
BRF:20
BRH:0
end_of_record
TN:
SF:src\app\legal\terms\page.tsx
FN:11,TermsPage
FN:14,(anonymous_3)
FNF:2
FNH:0
FNDA:0,TermsPage
FNDA:0,(anonymous_3)
DA:3,0
DA:4,0
DA:5,0
DA:11,0
LF:4
LH:0
BRF:0
BRH:0
end_of_record
TN:
SF:src\app\marketplace\inv-123\page.tsx
FN:38,InvoiceDetailPage
FN:49,(anonymous_6)
FN:55,(anonymous_7)
FN:61,(anonymous_8)
FN:75,(anonymous_9)
FN:76,(anonymous_10)
FN:83,(anonymous_11)
FN:102,(anonymous_12)
FN:193,(anonymous_13)
FN:221,(anonymous_14)
FN:233,(anonymous_15)
FN:254,(anonymous_16)
FNF:12
FNH:0
FNDA:0,InvoiceDetailPage
FNDA:0,(anonymous_6)
FNDA:0,(anonymous_7)
FNDA:0,(anonymous_8)
FNDA:0,(anonymous_9)
FNDA:0,(anonymous_10)
FNDA:0,(anonymous_11)
FNDA:0,(anonymous_12)
FNDA:0,(anonymous_13)
FNDA:0,(anonymous_14)
FNDA:0,(anonymous_15)
FNDA:0,(anonymous_16)
DA:3,0
DA:4,0
DA:5,0
DA:6,0
DA:7,0
DA:8,0
DA:9,0
DA:10,0
DA:11,0
DA:12,0
DA:13,0
DA:16,0
DA:17,0
DA:21,0
DA:29,0
DA:38,0
DA:39,0
DA:40,0
DA:41,0
DA:43,0
DA:44,0
DA:45,0
DA:46,0
DA:49,0
DA:50,0
DA:51,0
DA:52,0
DA:55,0
DA:56,0
DA:57,0
DA:58,0
DA:59,0
DA:60,0
DA:62,0
DA:64,0
DA:66,0
DA:70,0
DA:75,0
DA:76,0
DA:82,0
DA:83,0
DA:102,0
DA:194,0
DA:221,0
DA:254,0
LF:45
LH:0
BRDA:46,0,0,0
BRDA:46,0,1,0
BRDA:50,1,0,0
BRDA:50,2,0,0
BRDA:50,2,1,0
BRDA:58,3,0,0
BRDA:62,4,0,0
BRDA:62,4,1,0
BRDA:64,5,0,0
BRDA:64,5,1,0
BRDA:120,6,0,0
BRDA:123,7,0,0
BRDA:132,8,0,0
BRDA:132,8,1,0
BRDA:141,9,0,0
BRDA:141,9,1,0
BRDA:149,10,0,0
BRDA:149,10,1,0
BRDA:160,11,0,0
BRDA:160,11,1,0
BRDA:165,12,0,0
BRDA:165,12,1,0
BRDA:165,13,0,0
BRDA:165,13,1,0
BRDA:228,14,0,0
BRDA:228,14,1,0
BRDA:228,14,2,0
BRDA:230,15,0,0
BRDA:230,15,1,0
BRDA:250,16,0,0
BRF:30
BRH:0
end_of_record
TN:
SF:src\app\metrics-demo\page.tsx
FN:20,MetricsDemoPage
FN:27,(anonymous_6)
FN:30,(anonymous_7)
FN:52,(anonymous_8)
FN:58,(anonymous_9)
FN:63,(anonymous_10)
FN:68,(anonymous_11)
FN:76,(anonymous_12)
FN:84,(anonymous_13)
FN:98,(anonymous_14)
FNF:10
FNH:0
FNDA:0,MetricsDemoPage
FNDA:0,(anonymous_6)
FNDA:0,(anonymous_7)
FNDA:0,(anonymous_8)
FNDA:0,(anonymous_9)
FNDA:0,(anonymous_10)
FNDA:0,(anonymous_11)
FNDA:0,(anonymous_12)
FNDA:0,(anonymous_13)
FNDA:0,(anonymous_14)
DA:3,0
DA:4,0
DA:5,0
DA:6,0
DA:7,0
DA:9,0
DA:20,0
DA:21,0
DA:22,0
DA:23,0
DA:24,0
DA:25,0
DA:27,0
DA:28,0
DA:30,0
DA:31,0
DA:33,0
DA:34,0
DA:35,0
DA:36,0
DA:37,0
DA:39,0
DA:40,0
DA:41,0
DA:44,0
DA:45,0
DA:46,0
DA:47,0
DA:48,0
DA:50,0
DA:51,0
DA:52,0
DA:56,0
DA:58,0
DA:59,0
DA:63,0
DA:64,0
DA:65,0
DA:66,0
DA:68,0
DA:69,0
DA:70,0
DA:71,0
DA:72,0
DA:73,0
DA:76,0
DA:77,0
DA:78,0
DA:99,0
LF:49
LH:0
BRDA:34,0,0,0
BRDA:34,0,1,0
BRDA:40,1,0,0
BRDA:40,1,1,0
BRDA:45,2,0,0
BRDA:45,2,1,0
BRDA:51,3,0,0
BRDA:51,3,1,0
BRDA:52,4,0,0
BRDA:52,4,1,0
BRDA:69,5,0,0
BRDA:70,6,0,0
BRDA:109,7,0,0
BRDA:109,7,1,0
BRF:14
BRH:0
end_of_record
TN:
SF:src\app\pools\page.tsx
FN:20,PoolsPage
FN:71,(anonymous_6)
FNF:2
FNH:0
FNDA:0,PoolsPage
FNDA:0,(anonymous_6)
DA:3,0
DA:4,0
DA:5,0
DA:6,0
DA:7,0
DA:10,0
DA:20,0
DA:21,0
DA:22,0
DA:72,0
LF:10
LH:0
BRF:0
BRH:0
end_of_record
TN:
SF:src\app\portfolio\page.tsx
FN:12,PortfolioPage
FN:16,(anonymous_6)
FN:30,(anonymous_7)
FN:34,(anonymous_8)
FN:68,(anonymous_9)
FNF:5
FNH:0
FNDA:0,PortfolioPage
FNDA:0,(anonymous_6)
FNDA:0,(anonymous_7)
FNDA:0,(anonymous_8)
FNDA:0,(anonymous_9)
DA:3,0
DA:4,0
DA:5,0
DA:6,0
DA:7,0
DA:8,0
DA:9,0
DA:10,0
DA:12,0
DA:13,0
DA:14,0
DA:16,0
DA:17,0
DA:18,0
DA:19,0
DA:20,0
DA:23,0
DA:24,0
DA:30,0
DA:34,0
DA:68,0
LF:21
LH:0
BRDA:19,0,0,0
BRDA:19,1,0,0
BRDA:19,1,1,0
BRDA:24,2,0,0
BRDA:24,2,1,0
BRDA:34,3,0,0
BRF:6
BRH:0
end_of_record
TN:
SF:src\app\settings\page.tsx
FN:7,SettingsPage
FNF:1
FNH:0
FNDA:0,SettingsPage
DA:3,0
DA:4,0
DA:5,0
DA:7,0
LF:4
LH:0
BRF:0
BRH:0
end_of_record
TN:
SF:src\app\swap\page.tsx
FN:10,SwapPage
FN:14,(anonymous_6)
FN:28,(anonymous_7)
FN:32,(anonymous_8)
FN:42,(anonymous_9)
FNF:5
FNH:0
FNDA:0,SwapPage
FNDA:0,(anonymous_6)
FNDA:0,(anonymous_7)
FNDA:0,(anonymous_8)
FNDA:0,(anonymous_9)
DA:3,0
DA:4,0
DA:5,0
DA:6,0
DA:7,0
DA:8,0
DA:10,0
DA:11,0
DA:12,0
DA:14,0
DA:15,0
DA:16,0
DA:17,0
DA:18,0
DA:21,0
DA:22,0
DA:28,0
DA:32,0
DA:42,0
LF:19
LH:0
BRDA:17,0,0,0
BRDA:17,1,0,0
BRDA:17,1,1,0
BRDA:22,2,0,0
BRDA:22,2,1,0
BRDA:32,3,0,0
BRF:6
BRH:0
end_of_record
TN:
SF:src\app\v1\risk\route.ts
FN:4,getCorsHeaders
FN:8,(anonymous_4)
FN:28,isSafeInvoiceId
FN:34,OPTIONS
FN:38,GET
FN:51,(anonymous_8)
FN:68,(anonymous_9)
FNF:7
FNH:0
FNDA:0,getCorsHeaders
FNDA:0,(anonymous_4)
FNDA:0,isSafeInvoiceId
FNDA:0,OPTIONS
FNDA:0,GET
FNDA:0,(anonymous_8)
FNDA:0,(anonymous_9)
DA:1,0
DA:2,0
DA:5,0
DA:6,0
DA:8,0
DA:11,0
DA:18,0
DA:22,0
DA:25,0
DA:29,0
DA:30,0
DA:31,0
DA:34,0
DA:35,0
DA:38,0
DA:39,0
DA:40,0
DA:42,0
DA:43,0
DA:49,0
DA:50,0
DA:51,0
DA:52,0
DA:62,0
DA:63,0
DA:65,0
DA:67,0
DA:68,0
DA:70,0
DA:71,0
DA:81,0
DA:82,0
DA:84,0
DA:93,0
DA:99,0
DA:101,0
LF:36
LH:0
BRDA:6,0,0,0
BRDA:6,0,1,0
BRDA:18,1,0,0
BRDA:19,2,0,0
BRDA:19,2,1,0
BRDA:20,3,0,0
BRDA:20,3,1,0
BRDA:29,4,0,0
BRDA:30,5,0,0
BRDA:40,6,0,0
BRDA:40,6,1,0
BRDA:42,7,0,0
BRDA:50,8,0,0
BRDA:65,9,0,0
BRDA:65,9,1,0
BRDA:75,10,0,0
BRDA:75,10,1,0
BRDA:82,11,0,0
BRDA:82,11,1,0
BRDA:93,12,0,0
BRDA:93,12,1,0
BRDA:93,13,0,0
BRDA:93,13,1,0
BRDA:95,14,0,0
BRDA:95,14,1,0
BRF:25
BRH:0
end_of_record
TN:
SF:src\components\AddTrustlineButton.tsx
FN:23,AddTrustlineButton
FN:31,(anonymous_6)
FN:47,(anonymous_7)
FN:62,(anonymous_8)
FNF:4
FNH:0
FNDA:0,AddTrustlineButton
FNDA:0,(anonymous_6)
FNDA:0,(anonymous_7)
FNDA:0,(anonymous_8)
DA:3,0
DA:4,0
DA:5,0
DA:6,0
DA:7,0
DA:8,0
DA:23,0
DA:26,0
DA:31,0
DA:33,0
DA:35,0
DA:36,0
DA:38,0
DA:40,0
DA:42,0
DA:43,0
DA:44,0
DA:47,0
DA:48,0
DA:50,0
DA:51,0
DA:54,0
DA:58,0
DA:59,0
DA:62,0
LF:25
LH:0
BRDA:33,0,0,0
BRDA:33,1,0,0
BRDA:33,1,1,0
BRDA:54,2,0,0
BRDA:54,2,1,0
BRDA:70,3,0,0
BRDA:70,3,1,0
BRDA:72,4,0,0
BRDA:72,4,1,0
BRDA:77,5,0,0
BRDA:79,6,0,0
BRDA:85,7,0,0
BRDA:85,7,1,0
BRDA:87,8,0,0
BRDA:87,8,1,0
BRDA:89,9,0,0
BRDA:89,9,1,0
BRF:17
BRH:0
end_of_record
TN:
SF:src\components\AssetsList.tsx
FN:58,AssetsList
FN:67,(anonymous_3)
FNF:2
FNH:0
FNDA:0,AssetsList
FNDA:0,(anonymous_3)
DA:3,0
DA:4,0
DA:15,0
DA:58,0
DA:68,0
LF:5
LH:0
BRDA:87,0,0,0
BRDA:87,0,1,0
BRDA:93,1,0,0
BRF:3
BRH:0
end_of_record
TN:
SF:src\components\AuthenticatedSkeleton.tsx
FN:13,AuthenticatedSkeleton
FNF:1
FNH:0
FNDA:0,AuthenticatedSkeleton
DA:3,0
DA:4,0
DA:5,0
DA:13,0
DA:19,0
LF:5
LH:0
BRDA:16,0,0,0
BRDA:19,1,0,0
BRDA:19,1,1,0
BRDA:33,2,0,0
BRDA:38,3,0,0
BRF:5
BRH:0
end_of_record
TN:
SF:src\components\Breadcrumbs.tsx
FN:10,Breadcrumbs
FN:16,(anonymous_3)
FNF:2
FNH:0
FNDA:0,Breadcrumbs
FNDA:0,(anonymous_3)
DA:3,0
DA:4,0
DA:5,0
DA:6,0
DA:7,0
DA:8,0
DA:10,0
DA:11,0
DA:12,0
DA:17,0
DA:18,0
DA:20,0
LF:12
LH:0
BRDA:22,0,0,0
BRDA:25,1,0,0
BRDA:30,2,0,0
BRDA:30,2,1,0
BRDA:36,3,0,0
BRF:5
BRH:0
end_of_record
TN:
SF:src\components\Card.tsx
FN:26,Card
FN:43,(anonymous_3)
FNF:2
FNH:0
FNDA:0,Card
FNDA:0,(anonymous_3)
DA:7,0
DA:26,0
DA:29,0
DA:30,0
DA:33,0
DA:44,0
DA:45,0
DA:46,0
LF:8
LH:0
BRDA:26,0,0,0
BRDA:26,1,0,0
BRDA:30,2,0,0
BRDA:30,2,1,0
BRDA:33,3,0,0
BRDA:33,3,1,0
BRDA:39,4,0,0
BRDA:39,4,1,0
BRDA:40,5,0,0
BRDA:40,5,1,0
BRDA:42,6,0,0
BRDA:42,6,1,0
BRDA:44,7,0,0
BRDA:44,8,0,0
BRDA:44,8,1,0
BRF:15
BRH:0
end_of_record
TN:
SF:src\components\DataUnavailable.tsx
FN:16,DataUnavailable
FN:25,(anonymous_3)
FN:62,(anonymous_4)
FNF:3
FNH:0
FNDA:0,DataUnavailable
FNDA:0,(anonymous_3)
FNDA:0,(anonymous_4)
DA:3,0
DA:4,0
DA:5,0
DA:6,0
DA:16,0
DA:23,0
DA:25,0
DA:26,0
DA:27,0
DA:37,0
DA:38,0
DA:50,0
DA:60,0
DA:62,0
DA:63,0
DA:65,0
DA:67,0
DA:69,0
LF:18
LH:0
BRDA:20,0,0,0
BRDA:21,1,0,0
BRDA:26,2,0,0
BRDA:29,3,0,0
BRDA:29,3,1,0
BRDA:30,4,0,0
BRDA:30,4,1,0
BRDA:37,5,0,0
BRDA:40,6,0,0
BRDA:40,6,1,0
BRDA:42,7,0,0
BRDA:42,7,1,0
BRDA:52,8,0,0
BRDA:52,8,1,0
BRDA:53,9,0,0
BRDA:53,9,1,0
BRDA:63,10,0,0
BRDA:63,10,1,0
BRDA:63,10,2,0
BRDA:88,11,0,0
BRDA:94,12,0,0
BRDA:94,12,1,0
BRF:22
BRH:0
end_of_record
TN:
SF:src\components\DegradedPerformanceBanner.tsx
FN:8,DegradedPerformanceBanner
FN:16,(anonymous_3)
FN:20,(anonymous_4)
FN:23,(anonymous_5)
FN:28,(anonymous_6)
FN:85,(anonymous_7)
FNF:6
FNH:0
FNDA:0,DegradedPerformanceBanner
FNDA:0,(anonymous_3)
FNDA:0,(anonymous_4)
FNDA:0,(anonymous_5)
FNDA:0,(anonymous_6)
FNDA:0,(anonymous_7)
DA:3,0
DA:4,0
DA:5,0
DA:6,0
DA:8,0
DA:9,0
DA:12,0
DA:13,0
DA:16,0
DA:17,0
DA:19,0
DA:28,0
DA:29,0
DA:30,0
DA:42,0
DA:54,0
DA:85,0
LF:17
LH:0
BRDA:12,0,0,0
BRDA:12,1,0,0
BRDA:12,1,1,0
BRDA:29,2,0,0
BRF:4
BRH:0
end_of_record
TN:
SF:src\components\DynamicRiskAssessmentChart.tsx
FN:26,(anonymous_6)
FN:38,(anonymous_7)
FN:38,(anonymous_8)
FN:38,(anonymous_9)
FN:41,(anonymous_11)
FN:59,(anonymous_12)
FNF:6
FNH:0
FNDA:0,(anonymous_6)
FNDA:0,(anonymous_7)
FNDA:0,(anonymous_8)
FNDA:0,(anonymous_9)
FNDA:0,(anonymous_11)
FNDA:0,(anonymous_12)
DA:3,0
DA:4,0
DA:5,0
DA:27,0
DA:38,0
DA:41,0
DA:59,0
DA:70,0
LF:8
LH:0
BRDA:61,0,0,0
BRF:1
BRH:0
end_of_record
TN:
SF:src\components\ErrorBoundary.tsx
FN:22,(anonymous_5)
FN:26,(anonymous_6)
FN:35,(anonymous_7)
FN:30,(anonymous_9)
FNF:4
FNH:0
FNDA:0,(anonymous_5)
FNDA:0,(anonymous_6)
FNDA:0,(anonymous_7)
FNDA:0,(anonymous_9)
DA:3,0
DA:4,0
DA:5,0
DA:16,0
DA:23,0
DA:27,0
DA:31,0
DA:32,0
DA:36,0
DA:65,0
DA:69,0
LF:11
LH:0
BRDA:36,0,0,0
BRDA:50,1,0,0
BRDA:50,1,1,0
BRF:3
BRH:0
end_of_record
TN:
SF:src\components\FiatOnRampModal.tsx
FN:13,FiatOnRampModal
FN:54,(anonymous_3)
FNF:2
FNH:0
FNDA:0,FiatOnRampModal
FNDA:0,(anonymous_3)
DA:3,0
DA:4,0
DA:5,0
DA:6,0
DA:13,0
DA:14,0
DA:16,0
DA:55,0
LF:8
LH:0
BRDA:14,0,0,0
BRDA:78,1,0,0
BRF:2
BRH:0
end_of_record
TN:
SF:src\components\FractionalPurchaseModal.tsx
FN:29,daysToMaturity
FN:34,calcExpectedReturn
FN:46,toStroops
FN:53,FractionalPurchaseModal
FN:71,(anonymous_9)
FN:79,(anonymous_10)
FN:84,(anonymous_11)
FN:102,(anonymous_12)
FNF:8
FNH:0
FNDA:0,daysToMaturity
FNDA:0,calcExpectedReturn
FNDA:0,toStroops
FNDA:0,FractionalPurchaseModal
FNDA:0,(anonymous_9)
FNDA:0,(anonymous_10)
FNDA:0,(anonymous_11)
FNDA:0,(anonymous_12)
DA:3,0
DA:4,0
DA:5,0
DA:6,0
DA:7,0
DA:8,0
DA:10,0
DA:12,0
DA:30,0
DA:31,0
DA:35,0
DA:36,0
DA:38,0
DA:39,0
DA:40,0
DA:47,0
DA:53,0
DA:59,0
DA:60,0
DA:61,0
DA:63,0
DA:65,0
DA:66,0
DA:67,0
DA:68,0
DA:69,0
DA:71,0
DA:72,0
DA:73,0
DA:74,0
DA:75,0
DA:79,0
DA:80,0
DA:81,0
DA:84,0
DA:86,0
DA:87,0
DA:92,0
DA:95,0
DA:96,0
DA:102,0
DA:104,0
DA:106,0
DA:107,0
LF:44
LH:0
BRDA:35,0,0,0
BRDA:35,1,0,0
BRDA:35,1,1,0
BRDA:66,2,0,0
BRDA:66,2,1,0
BRDA:67,3,0,0
BRDA:67,3,1,0
BRDA:68,4,0,0
BRDA:68,4,1,0
BRDA:73,5,0,0
BRDA:73,6,0,0
BRDA:73,6,1,0
BRDA:86,7,0,0
BRDA:88,8,0,0
BRDA:88,8,1,0
BRDA:106,9,0,0
BRDA:187,10,0,0
BRDA:202,11,0,0
BRDA:202,11,1,0
BRDA:226,12,0,0
BRDA:226,12,1,0
BRDA:230,13,0,0
BRDA:230,13,1,0
BRF:23
BRH:0
end_of_record
TN:
SF:src\components\FreighterConnectModal.tsx
FN:14,FreighterConnectModal
FN:20,(anonymous_6)
FN:21,(anonymous_7)
FN:43,(anonymous_8)
FN:55,(anonymous_9)
FNF:5
FNH:0
FNDA:0,FreighterConnectModal
FNDA:0,(anonymous_6)
FNDA:0,(anonymous_7)
FNDA:0,(anonymous_8)
FNDA:0,(anonymous_9)
DA:3,0
DA:4,0
DA:5,0
DA:6,0
DA:7,0
DA:14,0
DA:15,0
DA:16,0
DA:17,0
DA:20,0
DA:21,0
DA:22,0
DA:24,0
DA:26,0
DA:28,0
DA:30,0
DA:32,0
DA:33,0
DA:35,0
DA:39,0
DA:43,0
DA:44,0
DA:45,0
DA:46,0
DA:47,0
DA:49,0
DA:50,0
DA:55,0
DA:56,0
DA:59,0
LF:30
LH:0
BRDA:22,0,0,0
BRDA:28,1,0,0
BRDA:28,1,1,0
BRDA:50,2,0,0
BRDA:50,2,1,0
BRDA:59,3,0,0
BRDA:95,4,0,0
BRDA:100,5,0,0
BRDA:121,6,0,0
BRDA:134,7,0,0
BRF:10
BRH:0
end_of_record
TN:
SF:src\components\InvoiceFilter.tsx
FN:20,(anonymous_2)
FN:21,(anonymous_3)
FN:29,(anonymous_4)
FN:31,(anonymous_5)
FN:40,(anonymous_6)
FN:82,(anonymous_7)
FN:93,(anonymous_8)
FN:108,(anonymous_9)
FNF:8
FNH:0
FNDA:0,(anonymous_2)
FNDA:0,(anonymous_3)
FNDA:0,(anonymous_4)
FNDA:0,(anonymous_5)
FNDA:0,(anonymous_6)
FNDA:0,(anonymous_7)
FNDA:0,(anonymous_8)
FNDA:0,(anonymous_9)
DA:3,0
DA:4,0
DA:5,0
DA:18,0
DA:20,0
DA:21,0
DA:22,0
DA:29,0
DA:30,0
DA:31,0
DA:34,0
DA:40,0
DA:41,0
DA:43,0
DA:45,0
DA:47,0
DA:49,0
DA:51,0
DA:83,0
DA:93,0
DA:108,0
DA:118,0
LF:22
LH:0
BRDA:30,0,0,0
BRDA:30,0,1,0
BRDA:41,1,0,0
BRDA:41,1,1,0
BRDA:41,1,2,0
BRDA:41,1,3,0
BRDA:41,1,4,0
BRDA:86,2,0,0
BRDA:86,2,1,0
BRDA:104,3,0,0
BRDA:104,3,1,0
BRDA:104,3,2,0
BRF:12
BRH:0
end_of_record
TN:
SF:src\components\InvoiceMintForm.tsx
FN:20,(anonymous_5)
FN:36,(anonymous_6)
FN:44,(anonymous_7)
FN:45,(anonymous_8)
FN:68,InvoiceMintForm
FN:93,(anonymous_10)
FN:121,(anonymous_11)
FN:130,(anonymous_12)
FN:149,(anonymous_13)
FNF:9
FNH:0
FNDA:0,(anonymous_5)
FNDA:0,(anonymous_6)
FNDA:0,(anonymous_7)
FNDA:0,(anonymous_8)
FNDA:0,InvoiceMintForm
FNDA:0,(anonymous_10)
FNDA:0,(anonymous_11)
FNDA:0,(anonymous_12)
FNDA:0,(anonymous_13)
DA:9,0
DA:10,0
DA:11,0
DA:12,0
DA:13,0
DA:14,0
DA:15,0
DA:16,0
DA:17,0
DA:20,0
DA:22,0
DA:37,0
DA:38,0
DA:39,0
DA:40,0
DA:44,0
DA:45,0
DA:68,0
DA:69,0
DA:70,0
DA:75,0
DA:76,0
DA:86,0
DA:91,0
DA:93,0
DA:94,0
DA:97,0
DA:98,0
DA:99,0
DA:100,0
DA:102,0
DA:108,0
DA:121,0
DA:122,0
DA:123,0
DA:124,0
DA:125,0
DA:130,0
DA:131,0
DA:132,0
DA:133,0
DA:135,0
DA:149,0
DA:150,0
DA:151,0
DA:152,0
DA:153,0
DA:157,0
DA:158,0
DA:159,0
DA:162,0
DA:163,0
DA:164,0
DA:166,0
DA:167,0
DA:168,0
DA:169,0
DA:175,0
LF:58
LH:0
BRDA:94,0,0,0
BRDA:94,0,1,0
BRDA:94,1,0,0
BRDA:94,1,1,0
BRDA:123,2,0,0
BRDA:143,3,0,0
BRDA:143,3,1,0
BRDA:151,4,0,0
BRDA:157,5,0,0
BRDA:157,6,0,0
BRDA:157,6,1,0
BRDA:175,7,0,0
BRDA:175,7,1,0
BRDA:203,8,0,0
BRDA:222,9,0,0
BRDA:236,10,0,0
BRDA:259,11,0,0
BRDA:259,11,1,0
BRDA:265,12,0,0
BRDA:265,12,1,0
BRDA:268,13,0,0
BRDA:285,14,0,0
BRDA:294,15,0,0
BRDA:318,16,0,0
BRDA:321,17,0,0
BRDA:329,18,0,0
BRDA:329,18,1,0
BRDA:329,18,2,0
BRDA:329,18,3,0
BRDA:332,19,0,0
BRDA:332,19,1,0
BRF:31
BRH:0
end_of_record
TN:
SF:src\components\InvoiceTable.tsx
FN:42,(anonymous_5)
FN:63,(anonymous_6)
FN:84,(anonymous_7)
FN:94,(anonymous_8)
FN:120,(anonymous_9)
FN:123,(anonymous_10)
FNF:6
FNH:0
FNDA:0,(anonymous_5)
FNDA:0,(anonymous_6)
FNDA:0,(anonymous_7)
FNDA:0,(anonymous_8)
FNDA:0,(anonymous_9)
FNDA:0,(anonymous_10)
DA:3,0
DA:4,0
DA:5,0
DA:6,0
DA:7,0
DA:8,0
DA:9,0
DA:42,0
DA:43,0
DA:44,0
DA:45,0
DA:48,0
DA:61,0
DA:64,0
DA:65,0
DA:66,0
DA:67,0
DA:69,0
DA:70,0
DA:71,0
DA:73,0
DA:74,0
DA:75,0
DA:77,0
DA:84,0
DA:85,0
DA:88,0
DA:94,0
DA:121,0
DA:124,0
DA:196,0
LF:31
LH:0
BRDA:51,0,0,0
BRDA:51,0,1,0
BRDA:52,1,0,0
BRDA:52,1,1,0
BRDA:53,2,0,0
BRDA:53,2,1,0
BRDA:53,2,2,0
BRDA:66,3,0,0
BRDA:74,4,0,0
BRDA:88,5,0,0
BRDA:118,6,0,0
BRDA:118,6,1,0
BRDA:118,7,0,0
BRDA:118,7,1,0
BRDA:127,8,0,0
BRDA:127,8,1,0
BRDA:140,9,0,0
BRDA:143,10,0,0
BRDA:143,10,1,0
BRDA:145,11,0,0
BRDA:145,11,1,0
BRDA:147,12,0,0
BRDA:147,12,1,0
BRDA:157,13,0,0
BRDA:157,13,1,0
BRDA:162,14,0,0
BRDA:162,14,1,0
BRDA:177,15,0,0
BRDA:177,15,1,0
BRDA:185,16,0,0
BRF:30
BRH:0
end_of_record
TN:
SF:src\components\LiquidityList.tsx
FN:61,LiquidityList
FN:73,(anonymous_3)
FNF:2
FNH:0
FNDA:0,LiquidityList
FNDA:0,(anonymous_3)
DA:3,0
DA:4,0
DA:22,0
DA:61,0
DA:74,0
LF:5
LH:0
BRF:0
BRH:0
end_of_record
TN:
SF:src\components\LivePriceChart.tsx
FN:20,LivePriceChart
FN:27,(anonymous_5)
FN:165,(anonymous_6)
FN:175,(anonymous_7)
FN:183,(anonymous_8)
FN:187,(anonymous_9)
FN:192,(anonymous_10)
FN:245,(anonymous_11)
FN:250,(anonymous_12)
FN:256,(anonymous_13)
FN:268,(anonymous_14)
FNF:11
FNH:0
FNDA:0,LivePriceChart
FNDA:0,(anonymous_5)
FNDA:0,(anonymous_6)
FNDA:0,(anonymous_7)
FNDA:0,(anonymous_8)
FNDA:0,(anonymous_9)
FNDA:0,(anonymous_10)
FNDA:0,(anonymous_11)
FNDA:0,(anonymous_12)
FNDA:0,(anonymous_13)
FNDA:0,(anonymous_14)
DA:3,0
DA:4,0
DA:20,0
DA:21,0
DA:22,0
DA:23,0
DA:24,0
DA:25,0
DA:27,0
DA:28,0
DA:31,0
DA:68,0
DA:78,0
DA:91,0
DA:158,0
DA:159,0
DA:162,0
DA:165,0
DA:166,0
DA:167,0
DA:173,0
DA:175,0
DA:176,0
DA:177,0
DA:178,0
DA:183,0
DA:185,0
DA:187,0
DA:188,0
DA:189,0
DA:192,0
DA:193,0
DA:194,0
DA:197,0
DA:198,0
DA:200,0
DA:201,0
DA:204,0
DA:214,0
DA:215,0
DA:218,0
DA:221,0
DA:223,0
DA:224,0
DA:227,0
DA:229,0
DA:231,0
DA:232,0
DA:234,0
DA:236,0
DA:237,0
DA:241,0
DA:245,0
DA:246,0
DA:247,0
DA:250,0
DA:251,0
DA:252,0
DA:256,0
DA:257,0
DA:268,0
DA:269,0
LF:62
LH:0
BRDA:20,0,0,0
BRDA:28,1,0,0
BRDA:166,2,0,0
BRDA:166,3,0,0
BRDA:166,3,1,0
BRDA:177,4,0,0
BRDA:197,5,0,0
BRDA:197,5,1,0
BRDA:197,6,0,0
BRDA:197,6,1,0
BRDA:200,7,0,0
BRDA:200,8,0,0
BRDA:200,8,1,0
BRDA:221,9,0,0
BRDA:229,10,0,0
BRDA:229,11,0,0
BRDA:229,11,1,0
BRDA:234,12,0,0
BRDA:281,13,0,0
BRDA:281,13,1,0
BRDA:286,14,0,0
BRDA:286,14,1,0
BRDA:290,15,0,0
BRDA:293,16,0,0
BRDA:296,17,0,0
BRDA:296,17,1,0
BRDA:299,18,0,0
BRDA:299,18,1,0
BRF:28
BRH:0
end_of_record
TN:
SF:src\components\LoanTable.tsx
FN:62,(anonymous_2)
FN:75,(anonymous_3)
FN:102,LoanTable
FN:107,(anonymous_5)
FN:134,(anonymous_6)
FN:152,(anonymous_7)
FNF:6
FNH:0
FNDA:0,(anonymous_2)
FNDA:0,(anonymous_3)
FNDA:0,LoanTable
FNDA:0,(anonymous_5)
FNDA:0,(anonymous_6)
FNDA:0,(anonymous_7)
DA:3,0
DA:4,0
DA:32,0
DA:62,0
DA:63,0
DA:64,0
DA:65,0
DA:66,0
DA:68,0
DA:69,0
DA:75,0
DA:76,0
DA:102,0
DA:107,0
DA:108,0
DA:135,0
DA:152,0
LF:17
LH:0
BRDA:76,0,0,0
BRDA:155,1,0,0
BRDA:155,1,1,0
BRDA:167,2,0,0
BRF:4
BRH:0
end_of_record
TN:
SF:src\components\Navbar.tsx
FN:27,Navbar
FN:34,(anonymous_6)
FN:39,(anonymous_7)
FN:69,(anonymous_8)
FN:93,(anonymous_9)
FN:104,(anonymous_10)
FN:128,(anonymous_11)
FN:143,(anonymous_12)
FN:150,(anonymous_13)
FNF:9
FNH:0
FNDA:0,Navbar
FNDA:0,(anonymous_6)
FNDA:0,(anonymous_7)
FNDA:0,(anonymous_8)
FNDA:0,(anonymous_9)
FNDA:0,(anonymous_10)
FNDA:0,(anonymous_11)
FNDA:0,(anonymous_12)
FNDA:0,(anonymous_13)
DA:9,0
DA:10,0
DA:11,0
DA:12,0
DA:13,0
DA:16,0
DA:17,0
DA:18,0
DA:19,0
DA:20,0
DA:27,0
DA:28,0
DA:29,0
DA:30,0
DA:31,0
DA:32,0
DA:34,0
DA:35,0
DA:36,0
DA:37,0
DA:38,0
DA:39,0
DA:40,0
DA:42,0
DA:43,0
DA:48,0
DA:70,0
DA:71,0
DA:93,0
DA:104,0
DA:128,0
DA:143,0
DA:150,0
LF:33
LH:0
BRDA:35,0,0,0
BRDA:76,1,0,0
BRDA:76,1,1,0
BRDA:102,2,0,0
BRDA:119,3,0,0
BRDA:144,4,0,0
BRDA:144,4,1,0
BRDA:146,5,0,0
BRF:8
BRH:0
end_of_record
TN:
SF:src\components\NetworkCongestionBanner.tsx
FN:7,NetworkCongestionBanner
FNF:1
FNH:0
FNDA:0,NetworkCongestionBanner
DA:3,0
DA:4,0
DA:5,0
DA:7,0
DA:8,0
DA:10,0
DA:11,0
LF:7
LH:0
BRDA:10,0,0,0
BRDA:10,1,0,0
BRDA:10,1,1,0
BRF:3
BRH:0
end_of_record
TN:
SF:src\components\NetworkCongestionDetector.tsx
FN:16,NetworkCongestionDetector
FN:19,(anonymous_2)
FN:20,(anonymous_3)
FN:52,(anonymous_4)
FNF:4
FNH:0
FNDA:0,NetworkCongestionDetector
FNDA:0,(anonymous_2)
FNDA:0,(anonymous_3)
FNDA:0,(anonymous_4)
DA:3,0
DA:4,0
DA:7,0
DA:10,0
DA:16,0
DA:17,0
DA:19,0
DA:20,0
DA:21,0
DA:22,0
DA:23,0
DA:24,0
DA:25,0
DA:27,0
DA:28,0
DA:30,0
DA:31,0
DA:32,0
DA:35,0
DA:36,0
DA:39,0
DA:41,0
DA:43,0
DA:48,0
DA:51,0
DA:52,0
DA:55,0
LF:27
LH:0
BRDA:23,0,0,0
BRDA:30,1,0,0
BRDA:30,2,0,0
BRDA:30,2,1,0
BRF:4
BRH:0
end_of_record
TN:
SF:src\components\NetworkMismatchWarning.tsx
FN:6,NetworkMismatchWarning
FN:21,(anonymous_2)
FN:34,(anonymous_3)
FNF:3
FNH:0
FNDA:0,NetworkMismatchWarning
FNDA:0,(anonymous_2)
FNDA:0,(anonymous_3)
DA:3,0
DA:4,0
DA:6,0
DA:15,0
DA:17,0
DA:18,0
DA:21,0
DA:22,0
DA:24,0
DA:26,0
DA:28,0
DA:30,0
DA:34,0
DA:35,0
DA:37,0
DA:38,0
DA:40,0
LF:17
LH:0
BRDA:17,0,0,0
BRDA:17,1,0,0
BRDA:17,1,1,0
BRDA:22,2,0,0
BRDA:22,2,1,0
BRDA:22,2,2,0
BRDA:22,2,3,0
BRDA:37,3,0,0
BRDA:37,3,1,0
BRDA:53,4,0,0
BRDA:53,4,1,0
BRDA:59,5,0,0
BRDA:59,5,1,0
BRF:13
BRH:0
end_of_record
TN:
SF:src\components\NetworkSelector.tsx
FN:19,NetworkSelector
FN:39,(anonymous_6)
FN:40,(anonymous_7)
FN:47,(anonymous_8)
FN:52,(anonymous_9)
FN:60,(anonymous_10)
FN:65,(anonymous_11)
FN:99,(anonymous_12)
FN:102,(anonymous_13)
FNF:9
FNH:0
FNDA:0,NetworkSelector
FNDA:0,(anonymous_6)
FNDA:0,(anonymous_7)
FNDA:0,(anonymous_8)
FNDA:0,(anonymous_9)
FNDA:0,(anonymous_10)
FNDA:0,(anonymous_11)
FNDA:0,(anonymous_12)
FNDA:0,(anonymous_13)
DA:9,0
DA:10,0
DA:11,0
DA:19,0
DA:20,0
DA:21,0
DA:22,0
DA:24,0
DA:39,0
DA:40,0
DA:41,0
DA:42,0
DA:46,0
DA:47,0
DA:48,0
DA:52,0
DA:53,0
DA:54,0
DA:55,0
DA:56,0
DA:60,0
DA:65,0
DA:100,0
DA:102,0
LF:24
LH:0
BRDA:41,0,0,0
BRDA:41,1,0,0
BRDA:41,1,1,0
BRDA:55,2,0,0
BRDA:82,3,0,0
BRDA:82,3,1,0
BRDA:86,4,0,0
BRDA:93,5,0,0
BRDA:104,6,0,0
BRDA:104,6,1,0
BRDA:114,7,0,0
BRDA:114,7,1,0
BRDA:125,8,0,0
BRF:13
BRH:0
end_of_record
TN:
SF:src\components\NetworkToggle.tsx
FN:19,NetworkToggle
FN:25,(anonymous_7)
FN:31,(anonymous_8)
FN:43,(anonymous_9)
FN:60,(anonymous_10)
FN:96,(anonymous_11)
FN:130,useEffectiveNetwork
FN:131,(anonymous_13)
FN:133,(anonymous_14)
FN:134,(anonymous_15)
FN:145,(anonymous_16)
FN:152,(anonymous_17)
FNF:12
FNH:0
FNDA:0,NetworkToggle
FNDA:0,(anonymous_7)
FNDA:0,(anonymous_8)
FNDA:0,(anonymous_9)
FNDA:0,(anonymous_10)
FNDA:0,(anonymous_11)
FNDA:0,useEffectiveNetwork
FNDA:0,(anonymous_13)
FNDA:0,(anonymous_14)
FNDA:0,(anonymous_15)
FNDA:0,(anonymous_16)
FNDA:0,(anonymous_17)
DA:3,0
DA:11,0
DA:19,0
DA:25,0
DA:26,0
DA:29,0
DA:31,0
DA:32,0
DA:33,0
DA:34,0
DA:39,0
DA:40,0
DA:43,0
DA:44,0
DA:46,0
DA:48,0
DA:50,0
DA:51,0
DA:54,0
DA:55,0
DA:60,0
DA:61,0
DA:64,0
DA:66,0
DA:70,0
DA:71,0
DA:96,0
DA:130,0
DA:131,0
DA:133,0
DA:134,0
DA:135,0
DA:136,0
DA:137,0
DA:142,0
DA:145,0
DA:146,0
DA:147,0
DA:151,0
DA:152,0
DA:155,0
LF:41
LH:0
BRDA:22,0,0,0
BRDA:26,1,0,0
BRDA:26,1,1,0
BRDA:26,1,2,0
BRDA:33,2,0,0
BRDA:39,3,0,0
BRDA:44,4,0,0
BRDA:44,5,0,0
BRDA:44,5,1,0
BRDA:54,6,0,0
BRDA:81,7,0,0
BRDA:81,7,1,0
BRDA:88,8,0,0
BRDA:88,8,1,0
BRDA:89,9,0,0
BRDA:89,9,1,0
BRDA:96,10,0,0
BRDA:96,10,1,0
BRDA:99,11,0,0
BRDA:99,11,1,0
BRDA:100,12,0,0
BRDA:100,12,1,0
BRDA:101,13,0,0
BRDA:101,13,1,0
BRDA:105,14,0,0
BRDA:105,14,1,0
BRDA:119,15,0,0
BRDA:130,16,0,0
BRDA:136,17,0,0
BRDA:146,18,0,0
BRF:30
BRH:0
end_of_record
TN:
SF:src\components\NewsBanner.tsx
FN:10,NewsBanner
FN:40,(anonymous_6)
FNF:2
FNH:0
FNDA:0,NewsBanner
FNDA:0,(anonymous_6)
DA:3,0
DA:4,0
DA:5,0
DA:10,0
DA:12,0
DA:15,0
DA:40,0
LF:7
LH:0
BRDA:15,0,0,0
BRF:1
BRH:0
end_of_record
TN:
SF:src\components\PageTransition.tsx
FN:35,(anonymous_1)
FN:39,(anonymous_2)
FN:43,(anonymous_3)
FN:48,(anonymous_4)
FNF:4
FNH:0
FNDA:0,(anonymous_1)
FNDA:0,(anonymous_2)
FNDA:0,(anonymous_3)
FNDA:0,(anonymous_4)
DA:3,0
DA:4,0
DA:5,0
DA:11,0
DA:29,0
DA:35,0
DA:36,0
DA:37,0
DA:39,0
DA:40,0
DA:41,0
DA:43,0
DA:44,0
DA:47,0
DA:48,0
DA:51,0
DA:75,0
LF:17
LH:0
BRDA:51,0,0,0
BRF:1
BRH:0
end_of_record
TN:
SF:src\components\PaginationControls.tsx
FN:22,(anonymous_2)
FN:31,(anonymous_3)
FN:85,(anonymous_4)
FN:95,(anonymous_5)
FN:102,(anonymous_6)
FN:119,(anonymous_7)
FNF:6
FNH:0
FNDA:0,(anonymous_2)
FNDA:0,(anonymous_3)
FNDA:0,(anonymous_4)
FNDA:0,(anonymous_5)
FNDA:0,(anonymous_6)
FNDA:0,(anonymous_7)
DA:3,0
DA:4,0
DA:5,0
DA:22,0
DA:28,0
DA:31,0
DA:32,0
DA:33,0
DA:35,0
DA:37,0
DA:38,0
DA:42,0
DA:45,0
DA:46,0
DA:49,0
DA:50,0
DA:54,0
DA:55,0
DA:59,0
DA:60,0
DA:64,0
DA:65,0
DA:69,0
DA:72,0
DA:73,0
DA:74,0
DA:85,0
DA:96,0
DA:102,0
DA:119,0
DA:131,0
LF:31
LH:0
BRDA:25,0,0,0
BRDA:35,1,0,0
BRDA:35,1,1,0
BRDA:49,2,0,0
BRDA:59,3,0,0
BRDA:64,4,0,0
BRDA:86,5,0,0
BRDA:86,5,1,0
BRDA:99,6,0,0
BRDA:103,7,0,0
BRDA:103,7,1,0
BRDA:105,8,0,0
BRDA:105,8,1,0
BRDA:120,9,0,0
BRDA:120,9,1,0
BRF:15
BRH:0
end_of_record
TN:
SF:src\components\PortfolioChart.tsx
FN:28,(anonymous_5)
FN:45,PortfolioChart
FN:51,(anonymous_7)
FN:55,(anonymous_8)
FN:77,(anonymous_9)
FN:98,(anonymous_10)
FN:104,(anonymous_11)
FNF:7
FNH:0
FNDA:0,(anonymous_5)
FNDA:0,PortfolioChart
FNDA:0,(anonymous_7)
FNDA:0,(anonymous_8)
FNDA:0,(anonymous_9)
FNDA:0,(anonymous_10)
FNDA:0,(anonymous_11)
DA:3,0
DA:13,0
DA:14,0
DA:15,0
DA:28,0
DA:29,0
DA:30,0
DA:31,0
DA:42,0
DA:45,0
DA:46,0
DA:47,0
DA:48,0
DA:51,0
DA:52,0
DA:53,0
DA:55,0
DA:56,0
DA:57,0
DA:58,0
DA:60,0
DA:61,0
DA:62,0
DA:65,0
DA:66,0
DA:68,0
DA:74,0
DA:77,0
DA:78,0
DA:79,0
DA:80,0
DA:81,0
DA:82,0
DA:83,0
DA:88,0
DA:89,0
DA:90,0
DA:92,0
DA:96,0
DA:98,0
DA:99,0
DA:104,0
DA:105,0
DA:106,0
DA:107,0
DA:108,0
DA:112,0
LF:47
LH:0
BRDA:29,0,0,0
BRDA:29,1,0,0
BRDA:29,1,1,0
BRDA:29,1,2,0
BRDA:36,2,0,0
BRDA:36,2,1,0
BRDA:81,3,0,0
BRDA:88,4,0,0
BRDA:105,5,0,0
BRDA:112,6,0,0
BRDA:130,7,0,0
BRDA:130,7,1,0
BRDA:135,8,0,0
BRDA:135,8,1,0
BRDA:153,9,0,0
BRDA:153,9,1,0
BRDA:165,10,0,0
BRDA:165,10,1,0
BRDA:168,11,0,0
BRDA:168,11,1,0
BRDA:172,12,0,0
BRF:21
BRH:0
end_of_record
TN:
SF:src\components\PremiumUnlockModal.tsx
FN:15,PremiumUnlockModal
FN:25,(anonymous_3)
FNF:2
FNH:0
FNDA:0,PremiumUnlockModal
FNDA:0,(anonymous_3)
DA:3,0
DA:4,0
DA:5,0
DA:6,0
DA:7,0
DA:15,0
DA:20,0
DA:22,0
DA:23,0
DA:25,0
DA:28,0
LF:11
LH:0
BRDA:20,0,0,0
BRDA:84,1,0,0
BRDA:84,1,1,0
BRF:3
BRH:0
end_of_record
TN:
SF:src\components\PriceChart.tsx
FN:29,PriceChart
FN:42,(anonymous_3)
FN:52,(anonymous_4)
FNF:3
FNH:0
FNDA:0,PriceChart
FNDA:0,(anonymous_3)
FNDA:0,(anonymous_4)
DA:3,0
DA:12,0
DA:19,0
DA:29,0
DA:42,0
DA:52,0
LF:6
LH:0
BRF:0
BRH:0
end_of_record
TN:
SF:src\components\ProModeSection.tsx
FN:17,(anonymous_5)
FN:17,(anonymous_6)
FN:31,ProModeSection
FN:37,(anonymous_10)
FN:109,(anonymous_11)
FNF:5
FNH:0
FNDA:0,(anonymous_5)
FNDA:0,(anonymous_6)
FNDA:0,ProModeSection
FNDA:0,(anonymous_10)
FNDA:0,(anonymous_11)
DA:9,0
DA:10,0
DA:11,0
DA:12,0
DA:13,0
DA:14,0
DA:15,0
DA:17,0
DA:31,0
DA:32,0
DA:33,0
DA:35,0
DA:37,0
DA:38,0
DA:39,0
DA:40,0
DA:41,0
DA:44,0
DA:45,0
DA:46,0
DA:50,0
DA:109,0
LF:22
LH:0
BRDA:38,0,0,0
BRDA:39,1,0,0
BRDA:44,2,0,0
BRDA:63,3,0,0
BRDA:63,3,1,0
BRDA:65,4,0,0
BRDA:73,5,0,0
BRDA:78,6,0,0
BRDA:78,6,1,0
BRDA:88,7,0,0
BRDA:88,7,1,0
BRDA:90,8,0,0
BRDA:90,8,1,0
BRDA:95,9,0,0
BRDA:95,9,1,0
BRDA:95,9,2,0
BRDA:100,10,0,0
BRF:17
BRH:0
end_of_record
TN:
SF:src\components\RWALoansDashboard.tsx
FN:88,(anonymous_4)
FN:98,(anonymous_5)
FN:107,(anonymous_6)
FN:135,RWALoansDashboard
FN:140,(anonymous_8)
FN:149,(anonymous_9)
FN:152,(anonymous_10)
FN:169,(anonymous_11)
FN:198,(anonymous_12)
FN:240,(anonymous_13)
FN:250,(anonymous_14)
FN:270,(anonymous_15)
FN:308,(anonymous_16)
FNF:13
FNH:0
FNDA:0,(anonymous_4)
FNDA:0,(anonymous_5)
FNDA:0,(anonymous_6)
FNDA:0,RWALoansDashboard
FNDA:0,(anonymous_8)
FNDA:0,(anonymous_9)
FNDA:0,(anonymous_10)
FNDA:0,(anonymous_11)
FNDA:0,(anonymous_12)
FNDA:0,(anonymous_13)
FNDA:0,(anonymous_14)
FNDA:0,(anonymous_15)
FNDA:0,(anonymous_16)
DA:3,0
DA:16,0
DA:37,0
DA:88,0
DA:89,0
DA:98,0
DA:99,0
DA:107,0
DA:108,0
DA:135,0
DA:136,0
DA:137,0
DA:140,0
DA:141,0
DA:142,0
DA:143,0
DA:145,0
DA:149,0
DA:150,0
DA:151,0
DA:152,0
DA:153,0
DA:154,0
DA:156,0
DA:157,0
DA:159,0
DA:160,0
DA:162,0
DA:165,0
DA:169,0
DA:170,0
DA:181,0
DA:183,0
DA:198,0
DA:240,0
DA:250,0
DA:271,0
DA:308,0
LF:38
LH:0
BRDA:108,0,0,0
BRDA:142,1,0,0
BRDA:142,2,0,0
BRDA:142,2,1,0
BRDA:151,3,0,0
BRDA:156,4,0,0
BRDA:157,5,0,0
BRDA:157,5,1,0
BRDA:159,6,0,0
BRDA:160,7,0,0
BRDA:160,7,1,0
BRDA:170,8,0,0
BRDA:174,9,0,0
BRDA:183,10,0,0
BRDA:216,11,0,0
BRDA:216,11,1,0
BRF:16
BRH:0
end_of_record
TN:
SF:src\components\RepayInvoiceButton.tsx
FN:20,RepayInvoiceButton
FN:28,(anonymous_3)
FNF:2
FNH:0
FNDA:0,RepayInvoiceButton
FNDA:0,(anonymous_3)
DA:3,0
DA:4,0
DA:5,0
DA:20,0
DA:26,0
DA:28,0
DA:29,0
DA:30,0
DA:31,0
DA:37,0
LF:10
LH:0
BRDA:37,0,0,0
BRDA:48,1,0,0
BRDA:62,2,0,0
BRDA:62,2,1,0
BRDA:72,3,0,0
BRF:5
BRH:0
end_of_record
TN:
SF:src\components\RiskAssessmentChart.tsx
FN:35,(anonymous_2)
FN:66,(anonymous_3)
FN:112,(anonymous_4)
FN:165,(anonymous_5)
FNF:4
FNH:0
FNDA:0,(anonymous_2)
FNDA:0,(anonymous_3)
FNDA:0,(anonymous_4)
FNDA:0,(anonymous_5)
DA:3,0
DA:13,0
DA:35,0
DA:36,0
DA:37,0
DA:38,0
DA:41,0
DA:42,0
DA:44,0
DA:45,0
DA:46,0
DA:47,0
DA:48,0
DA:49,0
DA:51,0
DA:52,0
DA:63,0
DA:66,0
DA:68,0
DA:102,0
DA:112,0
DA:113,0
DA:114,0
DA:115,0
DA:118,0
DA:166,0
DA:167,0
DA:199,0
LF:28
LH:0
BRDA:36,0,0,0
BRDA:36,1,0,0
BRDA:36,1,1,0
BRDA:36,1,2,0
BRDA:44,2,0,0
BRDA:44,2,1,0
BRDA:47,3,0,0
BRDA:47,3,1,0
BRDA:66,4,0,0
BRDA:113,5,0,0
BRDA:114,6,0,0
BRDA:181,7,0,0
BRDA:181,7,1,0
BRDA:183,8,0,0
BRDA:183,8,1,0
BRF:15
BRH:0
end_of_record
TN:
SF:src\components\SignatureOverlay.tsx
FN:13,SignatureOverlay
FNF:1
FNH:0
FNDA:0,SignatureOverlay
DA:3,0
DA:4,0
DA:10,0
DA:11,0
DA:13,0
DA:14,0
DA:15,0
DA:16,0
DA:17,0
DA:20,0
LF:10
LH:0
BRDA:20,0,0,0
BRDA:54,1,0,0
BRDA:58,2,0,0
BRDA:62,3,0,0
BRDA:62,3,1,0
BRDA:67,4,0,0
BRDA:67,4,1,0
BRDA:76,5,0,0
BRDA:85,6,0,0
BRF:9
BRH:0
end_of_record
TN:
SF:src\components\SkeletonRow.tsx
FN:13,(anonymous_2)
FNF:1
FNH:0
FNDA:0,(anonymous_2)
DA:7,0
DA:13,0
DA:44,0
LF:3
LH:0
BRF:0
BRH:0
end_of_record
TN:
SF:src\components\StarIcon.tsx
FN:24,StarIcon
FN:27,(anonymous_3)
FNF:2
FNH:0
FNDA:0,StarIcon
FNDA:0,(anonymous_3)
DA:3,0
DA:4,0
DA:5,0
DA:24,0
DA:28,0
DA:29,0
LF:6
LH:0
BRDA:24,0,0,0
BRDA:24,1,0,0
BRDA:32,2,0,0
BRDA:32,2,1,0
BRDA:34,3,0,0
BRDA:34,3,1,0
BRDA:40,4,0,0
BRDA:40,4,1,0
BRF:8
BRH:0
end_of_record
TN:
SF:src\components\StickyHeader.tsx
FN:14,StickyHeader
FNF:1
FNH:0
FNDA:0,StickyHeader
DA:3,0
DA:4,0
DA:5,0
DA:6,0
DA:14,0
DA:15,0
DA:16,0
DA:17,0
DA:18,0
LF:9
LH:0
BRDA:18,0,0,0
BRDA:18,0,1,0
BRDA:34,1,0,0
BRDA:40,2,0,0
BRF:4
BRH:0
end_of_record
TN:
SF:src\components\SwapCard.tsx
FN:8,(anonymous_5)
FN:11,(anonymous_6)
FN:15,(anonymous_7)
FN:33,(anonymous_8)
FN:48,(anonymous_9)
FNF:5
FNH:0
FNDA:0,(anonymous_5)
FNDA:0,(anonymous_6)
FNDA:0,(anonymous_7)
FNDA:0,(anonymous_8)
FNDA:0,(anonymous_9)
DA:3,0
DA:4,0
DA:5,0
DA:6,0
DA:8,0
DA:9,0
DA:11,0
DA:12,0
DA:13,0
DA:15,0
DA:16,0
LF:11
LH:0
BRDA:12,0,0,0
BRDA:29,1,0,0
BRDA:29,1,1,0
BRF:3
BRH:0
end_of_record
TN:
SF:src\components\TabNavigation.tsx
FN:23,TabNavigation
FN:36,(anonymous_3)
FN:42,(anonymous_4)
FNF:3
FNH:0
FNDA:0,TabNavigation
FNDA:0,(anonymous_3)
FNDA:0,(anonymous_4)
DA:8,0
DA:23,0
DA:37,0
DA:39,0
DA:42,0
LF:5
LH:0
BRDA:27,0,0,0
BRDA:44,1,0,0
BRDA:44,1,1,0
BRDA:54,2,0,0
BRDA:56,3,0,0
BRDA:56,3,1,0
BRDA:64,4,0,0
BRF:7
BRH:0
end_of_record
TN:
SF:src\components\ThemeToggle.tsx
FN:6,ThemeToggle
FNF:1
FNH:1
FNDA:16,ThemeToggle
DA:3,1
DA:4,1
DA:6,6
DA:7,16
DA:8,16
LF:5
LH:5
BRDA:15,0,0,13
BRDA:15,0,1,3
BRDA:19,1,0,13
BRDA:19,1,1,3
BRDA:23,2,0,13
BRDA:23,2,1,3
BRF:6
BRH:6
end_of_record
TN:
SF:src\components\TokenInput.tsx
FN:17,(anonymous_4)
FNF:1
FNH:0
FNDA:0,(anonymous_4)
DA:3,0
DA:4,0
DA:5,0
DA:17,0
DA:49,0
LF:5
LH:0
BRF:0
BRH:0
end_of_record
TN:
SF:src\components\TokenSelectModal.tsx
FN:22,(anonymous_5)
FN:31,(anonymous_6)
FN:33,(anonymous_7)
FN:64,(anonymous_8)
FN:94,(anonymous_9)
FN:104,(anonymous_10)
FN:115,(anonymous_11)
FN:118,(anonymous_12)
FNF:8
FNH:0
FNDA:0,(anonymous_5)
FNDA:0,(anonymous_6)
FNDA:0,(anonymous_7)
FNDA:0,(anonymous_8)
FNDA:0,(anonymous_9)
FNDA:0,(anonymous_10)
FNDA:0,(anonymous_11)
FNDA:0,(anonymous_12)
DA:3,0
DA:4,0
DA:5,0
DA:6,0
DA:22,0
DA:28,0
DA:29,0
DA:31,0
DA:32,0
DA:34,0
DA:39,0
DA:40,0
DA:42,0
DA:64,0
DA:94,0
DA:105,0
DA:116,0
DA:118,0
LF:18
LH:0
BRDA:34,0,0,0
BRDA:34,0,1,0
BRDA:40,1,0,0
BRDA:40,1,1,0
BRDA:42,2,0,0
BRDA:70,3,0,0
BRF:6
BRH:0
end_of_record
TN:
SF:src\components\UnsupportedNetwork.tsx
FN:12,UnsupportedNetwork
FN:68,(anonymous_3)
FNF:2
FNH:0
FNDA:0,UnsupportedNetwork
FNDA:0,(anonymous_3)
DA:3,0
DA:4,0
DA:5,0
DA:12,0
DA:68,0
LF:5
LH:0
BRDA:35,0,0,0
BRDA:35,0,1,0
BRDA:55,1,0,0
BRDA:55,1,1,0
BRF:4
BRH:0
end_of_record
TN:
SF:src\components\WalletDropdown.tsx
FN:22,WalletDropdown
FN:29,(anonymous_5)
FN:30,(anonymous_6)
FN:40,(anonymous_7)
FN:46,(anonymous_8)
FN:58,(anonymous_9)
FN:63,(anonymous_10)
FN:79,(anonymous_11)
FN:103,(anonymous_12)
FN:114,(anonymous_13)
FN:118,(anonymous_14)
FN:175,(anonymous_15)
FNF:12
FNH:0
FNDA:0,WalletDropdown
FNDA:0,(anonymous_5)
FNDA:0,(anonymous_6)
FNDA:0,(anonymous_7)
FNDA:0,(anonymous_8)
FNDA:0,(anonymous_9)
FNDA:0,(anonymous_10)
FNDA:0,(anonymous_11)
FNDA:0,(anonymous_12)
FNDA:0,(anonymous_13)
FNDA:0,(anonymous_14)
FNDA:0,(anonymous_15)
DA:3,0
DA:4,0
DA:5,0
DA:6,0
DA:22,0
DA:23,0
DA:24,0
DA:25,0
DA:26,0
DA:29,0
DA:30,0
DA:31,0
DA:32,0
DA:36,0
DA:37,0
DA:40,0
DA:41,0
DA:46,0
DA:47,0
DA:48,0
DA:49,0
DA:51,0
DA:53,0
DA:58,0
DA:59,0
DA:63,0
DA:64,0
DA:66,0
DA:68,0
DA:70,0
DA:72,0
DA:74,0
DA:79,0
DA:80,0
DA:83,0
DA:84,0
DA:93,0
DA:94,0
DA:103,0
DA:104,0
DA:105,0
DA:114,0
DA:117,0
DA:118,0
DA:120,0
DA:176,0
DA:177,0
LF:47
LH:0
BRDA:31,0,0,0
BRDA:31,1,0,0
BRDA:31,1,1,0
BRDA:36,2,0,0
BRDA:64,3,0,0
BRDA:64,3,1,0
BRDA:64,3,2,0
BRDA:64,3,3,0
BRDA:64,3,4,0
BRDA:83,4,0,0
BRDA:93,5,0,0
BRDA:104,6,0,0
BRDA:104,7,0,0
BRDA:104,7,1,0
BRDA:104,7,2,0
BRDA:120,8,0,0
BRDA:136,9,0,0
BRDA:136,9,1,0
BRDA:142,10,0,0
BRDA:142,10,1,0
BRDA:142,11,0,0
BRDA:142,11,1,0
BRDA:167,12,0,0
BRDA:170,13,0,0
BRDA:170,13,1,0
BRDA:184,14,0,0
BRDA:184,14,1,0
BRDA:197,15,0,0
BRDA:207,16,0,0
BRF:29
BRH:0
end_of_record
TN:
SF:src\components\WalletModal.tsx
FN:72,WalletModal
FN:80,(anonymous_3)
FN:117,(anonymous_4)
FN:121,(anonymous_5)
FNF:4
FNH:0
FNDA:0,WalletModal
FNDA:0,(anonymous_3)
FNDA:0,(anonymous_4)
FNDA:0,(anonymous_5)
DA:3,0
DA:4,0
DA:10,0
DA:11,0
DA:12,0
DA:45,0
DA:72,0
DA:74,0
DA:80,0
DA:81,0
DA:82,0
DA:118,0
DA:121,0
LF:13
LH:0
BRDA:74,0,0,0
BRDA:81,1,0,0
BRF:2
BRH:0
end_of_record
TN:
SF:src\components\WalletNotConnected.tsx
FN:10,WalletNotConnected
FNF:1
FNH:0
FNDA:0,WalletNotConnected
DA:3,0
DA:4,0
DA:10,0
LF:3
LH:0
BRF:0
BRH:0
end_of_record
TN:
SF:src\components\WatchlistTab.tsx
FN:13,WatchlistTab
FN:16,(anonymous_3)
FN:54,(anonymous_4)
FN:69,(anonymous_5)
FNF:4
FNH:0
FNDA:0,WatchlistTab
FNDA:0,(anonymous_3)
FNDA:0,(anonymous_4)
FNDA:0,(anonymous_5)
DA:3,0
DA:4,0
DA:5,0
DA:7,0
DA:13,0
DA:14,0
DA:16,0
DA:18,0
DA:55,0
DA:69,0
LF:10
LH:0
BRDA:13,0,0,0
BRDA:18,1,0,0
BRDA:77,2,0,0
BRDA:77,2,1,0
BRDA:79,3,0,0
BRDA:79,3,1,0
BRDA:81,4,0,0
BRDA:81,4,1,0
BRDA:83,5,0,0
BRDA:83,5,1,0
BRDA:96,6,0,0
BRDA:96,6,1,0
BRDA:98,7,0,0
BRDA:98,7,1,0
BRDA:100,8,0,0
BRDA:100,8,1,0
BRDA:102,9,0,0
BRDA:102,9,1,0
BRF:18
BRH:0
end_of_record
TN:
SF:src\components\general\NetworkGuard.tsx
FN:7,NetworkGuard
FN:12,(anonymous_6)
FN:13,(anonymous_7)
FN:35,(anonymous_8)
FNF:4
FNH:0
FNDA:0,NetworkGuard
FNDA:0,(anonymous_6)
FNDA:0,(anonymous_7)
FNDA:0,(anonymous_8)
DA:3,0
DA:4,0
DA:5,0
DA:7,0
DA:8,0
DA:9,0
DA:10,0
DA:12,0
DA:13,0
DA:14,0
DA:15,0
DA:16,0
DA:17,0
DA:18,0
DA:20,0
DA:21,0
DA:23,0
DA:27,0
DA:31,0
DA:34,0
DA:35,0
DA:38,0
LF:22
LH:0
BRDA:16,0,0,0
BRDA:20,1,0,0
BRDA:20,1,1,0
BRDA:20,2,0,0
BRDA:20,2,1,0
BRDA:38,3,0,0
BRDA:38,4,0,0
BRDA:38,4,1,0
BRF:8
BRH:0
end_of_record
TN:
SF:src\components\general\ToasterProvider.tsx
FN:6,ToasterProvider
FNF:1
FNH:0
FNDA:0,ToasterProvider
DA:3,0
DA:4,0
DA:6,0
DA:7,0
LF:4
LH:0
BRF:0
BRH:0
end_of_record
TN:
SF:src\components\icons\ArrowUpIcon.tsx
FN:7,ArrowUpIcon
FNF:1
FNH:0
FNDA:0,ArrowUpIcon
DA:1,0
DA:7,0
LF:2
LH:0
BRDA:7,0,0,0
BRF:1
BRH:0
end_of_record
TN:
SF:src\components\icons\ChevronDownIcon.tsx
FN:7,ChevronDownIcon
FNF:1
FNH:0
FNDA:0,ChevronDownIcon
DA:1,0
DA:7,0
LF:2
LH:0
BRDA:7,0,0,0
BRF:1
BRH:0
end_of_record
TN:
SF:src\components\icons\CloseIcon.tsx
FN:7,CloseIcon
FNF:1
FNH:0
FNDA:0,CloseIcon
DA:1,0
DA:7,0
LF:2
LH:0
BRDA:7,0,0,0
BRF:1
BRH:0
end_of_record
TN:
SF:src\components\icons\WalletIcon.tsx
FN:7,WalletIcon
FNF:1
FNH:0
FNDA:0,WalletIcon
DA:1,0
DA:7,0
LF:2
LH:0
BRDA:7,0,0,0
BRF:1
BRH:0
end_of_record
TN:
SF:src\components\icons\index.ts
FNF:0
FNH:0
DA:1,0
DA:2,0
DA:3,0
DA:4,0
LF:4
LH:0
BRF:0
BRH:0
end_of_record
TN:
SF:src\components\layout\Footer.tsx
FN:15,Footer
FNF:1
FNH:0
FNDA:0,Footer
DA:8,0
DA:9,0
DA:10,0
DA:15,0
DA:16,0
LF:5
LH:0
BRF:0
BRH:0
end_of_record
TN:
SF:src\components\ui\Button.tsx
FN:7,cn
FN:42,(anonymous_5)
FNF:2
FNH:0
FNDA:0,cn
FNDA:0,(anonymous_5)
DA:1,0
DA:2,0
DA:3,0
DA:4,0
DA:5,0
DA:8,0
DA:11,0
DA:41,0
DA:56,0
DA:58,0
LF:10
LH:0
BRDA:47,0,0,0
BRDA:47,0,1,0
BRDA:50,1,0,0
BRF:3
BRH:0
end_of_record
TN:
SF:src\components\ui\Checkbox.tsx
FN:11,(anonymous_2)
FNF:1
FNH:0
FNDA:0,(anonymous_2)
DA:3,0
DA:11,0
DA:22,0
LF:3
LH:0
BRDA:11,0,0,0
BRF:1
BRH:0
end_of_record
TN:
SF:src\components\ui\DataMetric.tsx
FN:10,DataMetric
FNF:1
FNH:0
FNDA:0,DataMetric
DA:1,0
DA:10,0
DA:11,0
DA:12,0
LF:4
LH:0
BRDA:10,0,0,0
BRDA:20,1,0,0
BRDA:23,2,0,0
BRDA:23,2,1,0
BRDA:23,3,0,0
BRDA:23,3,1,0
BRF:6
BRH:0
end_of_record
TN:
SF:src\components\ui\Icon.tsx
FN:38,Icon
FNF:1
FNH:0
FNDA:0,Icon
DA:1,0
DA:38,0
DA:46,0
DA:50,0
LF:4
LH:0
BRDA:40,0,0,0
BRDA:41,1,0,0
BRDA:42,2,0,0
BRDA:43,3,0,0
BRDA:46,4,0,0
BRDA:46,4,1,0
BRDA:50,5,0,0
BRDA:50,5,1,0
BRDA:50,6,0,0
BRDA:50,6,1,0
BRF:10
BRH:0
end_of_record
TN:
SF:src\components\ui\NetworkFeeIndicator.tsx
FN:27,NetworkFeeIndicator
FN:35,(anonymous_6)
FN:55,(anonymous_7)
FN:63,(anonymous_8)
FN:72,(anonymous_9)
FN:84,(anonymous_10)
FNF:6
FNH:0
FNDA:0,NetworkFeeIndicator
FNDA:0,(anonymous_6)
FNDA:0,(anonymous_7)
FNDA:0,(anonymous_8)
FNDA:0,(anonymous_9)
FNDA:0,(anonymous_10)
DA:9,0
DA:10,0
DA:11,0
DA:27,0
DA:28,0
DA:29,0
DA:30,0
DA:35,0
DA:36,0
DA:37,0
DA:39,0
DA:41,0
DA:42,0
DA:45,0
DA:46,0
DA:48,0
DA:49,0
DA:51,0
DA:55,0
DA:57,0
DA:60,0
DA:63,0
DA:72,0
DA:73,0
DA:74,0
DA:75,0
DA:84,0
DA:85,0
DA:86,0
DA:87,0
DA:91,0
DA:101,0
LF:32
LH:0
BRDA:41,0,0,0
BRDA:73,1,0,0
BRDA:74,2,0,0
BRDA:85,3,0,0
BRDA:86,4,0,0
BRDA:91,5,0,0
BRDA:91,6,0,0
BRDA:91,6,1,0
BRDA:101,7,0,0
BRDA:101,8,0,0
BRDA:101,8,1,0
BRF:11
BRH:0
end_of_record
TN:
SF:src\components\ui\Pagination.tsx
FN:12,Pagination
FN:13,(anonymous_3)
FN:25,(anonymous_4)
FN:32,(anonymous_5)
FN:52,(anonymous_6)
FN:60,(anonymous_7)
FN:63,(anonymous_8)
FN:76,(anonymous_9)
FNF:8
FNH:0
FNDA:0,Pagination
FNDA:0,(anonymous_3)
FNDA:0,(anonymous_4)
FNDA:0,(anonymous_5)
FNDA:0,(anonymous_6)
FNDA:0,(anonymous_7)
FNDA:0,(anonymous_8)
FNDA:0,(anonymous_9)
DA:3,0
DA:4,0
DA:12,0
DA:13,0
DA:14,0
DA:15,0
DA:16,0
DA:18,0
DA:25,0
DA:32,0
DA:52,0
DA:61,0
DA:63,0
DA:76,0
LF:14
LH:0
BRDA:64,0,0,0
BRDA:64,0,1,0
BRDA:66,1,0,0
BRDA:66,1,1,0
BRF:4
BRH:0
end_of_record
TN:
SF:src\components\ui\ScrollToTop.tsx
FN:6,(anonymous_4)
FN:9,(anonymous_5)
FN:10,(anonymous_6)
FN:21,(anonymous_7)
FN:24,(anonymous_8)
FNF:5
FNH:0
FNDA:0,(anonymous_4)
FNDA:0,(anonymous_5)
FNDA:0,(anonymous_6)
FNDA:0,(anonymous_7)
FNDA:0,(anonymous_8)
DA:3,0
DA:4,0
DA:6,0
DA:7,0
DA:9,0
DA:10,0
DA:11,0
DA:12,0
DA:14,0
DA:18,0
DA:21,0
DA:24,0
DA:25,0
DA:31,0
DA:32,0
LF:15
LH:0
BRDA:11,0,0,0
BRDA:11,0,1,0
BRDA:31,1,0,0
BRF:3
BRH:0
end_of_record
TN:
SF:src\components\ui\SkeletonCard.tsx
FN:17,(anonymous_2)
FNF:1
FNH:0
FNDA:0,(anonymous_2)
DA:1,0
DA:17,0
DA:32,0
LF:3
LH:0
BRDA:18,0,0,0
BRDA:20,1,0,0
BRF:2
BRH:0
end_of_record
TN:
SF:src\components\ui\Slider.tsx
FN:14,(anonymous_2)
FN:25,(anonymous_3)
FN:30,(anonymous_4)
FN:31,(anonymous_5)
FN:49,(anonymous_6)
FN:58,(anonymous_7)
FN:82,(anonymous_8)
FN:89,(anonymous_9)
FNF:8
FNH:0
FNDA:0,(anonymous_2)
FNDA:0,(anonymous_3)
FNDA:0,(anonymous_4)
FNDA:0,(anonymous_5)
FNDA:0,(anonymous_6)
FNDA:0,(anonymous_7)
FNDA:0,(anonymous_8)
FNDA:0,(anonymous_9)
DA:3,0
DA:14,0
DA:22,0
DA:23,0
DA:25,0
DA:26,0
DA:27,0
DA:30,0
DA:31,0
DA:32,0
DA:34,0
DA:35,0
DA:36,0
DA:37,0
DA:38,0
DA:40,0
DA:41,0
DA:42,0
DA:44,0
DA:46,0
DA:49,0
DA:50,0
DA:53,0
DA:54,0
DA:55,0
DA:58,0
DA:59,0
DA:60,0
DA:64,0
DA:65,0
DA:82,0
DA:89,0
DA:95,0
LF:33
LH:0
BRDA:20,0,0,0
BRDA:32,1,0,0
BRDA:32,2,0,0
BRDA:32,2,1,0
BRDA:41,3,0,0
BRDA:41,3,1,0
BRDA:53,4,0,0
BRF:7
BRH:0
end_of_record
TN:
SF:src\components\ui\Toaster.tsx
FN:5,Toaster
FNF:1
FNH:0
FNDA:0,Toaster
DA:3,0
DA:5,0
LF:2
LH:0
BRF:0
BRH:0
end_of_record
TN:
SF:src\components\ui\Tooltip.tsx
FN:20,Tooltip
FN:45,(anonymous_5)
FN:46,(anonymous_6)
FN:47,(anonymous_7)
FN:48,(anonymous_8)
FNF:5
FNH:0
FNDA:0,Tooltip
FNDA:0,(anonymous_5)
FNDA:0,(anonymous_6)
FNDA:0,(anonymous_7)
FNDA:0,(anonymous_8)
DA:3,0
DA:20,0
DA:22,0
DA:27,0
DA:35,0
DA:45,0
DA:46,0
DA:47,0
DA:48,0
LF:9
LH:0
BRDA:20,0,0,0
BRDA:56,1,0,0
BRDA:56,1,1,0
BRF:3
BRH:0
end_of_record
TN:
SF:src\components\ui\WhaleConfetti.tsx
FN:11,WhaleConfetti
FN:23,(anonymous_3)
FNF:2
FNH:0
FNDA:0,WhaleConfetti
FNDA:0,(anonymous_3)
DA:3,0
DA:4,0
DA:11,0
DA:12,0
DA:24,0
LF:5
LH:0
BRDA:12,0,0,0
BRDA:24,1,0,0
BRF:2
BRH:0
end_of_record
TN:
SF:src\contexts\BackendHealthContext.tsx
FN:33,BackendHealthProvider
FN:41,(anonymous_7)
FN:47,(anonymous_8)
FN:69,(anonymous_9)
FN:70,(anonymous_10)
FN:84,(anonymous_11)
FN:85,(anonymous_12)
FN:105,(anonymous_13)
FN:131,useBackendHealth
FNF:9
FNH:0
FNDA:0,BackendHealthProvider
FNDA:0,(anonymous_7)
FNDA:0,(anonymous_8)
FNDA:0,(anonymous_9)
FNDA:0,(anonymous_10)
FNDA:0,(anonymous_11)
FNDA:0,(anonymous_12)
FNDA:0,(anonymous_13)
FNDA:0,useBackendHealth
DA:3,0
DA:24,0
DA:30,0
DA:31,0
DA:33,0
DA:34,0
DA:41,0
DA:42,0
DA:43,0
DA:45,0
DA:47,0
DA:48,0
DA:51,0
DA:52,0
DA:53,0
DA:54,0
DA:56,0
DA:59,0
DA:69,0
DA:70,0
DA:71,0
DA:72,0
DA:79,0
DA:84,0
DA:85,0
DA:86,0
DA:87,0
DA:90,0
DA:98,0
DA:105,0
DA:106,0
DA:114,0
DA:115,0
DA:116,0
DA:118,0
DA:131,0
DA:132,0
DA:133,0
DA:134,0
DA:136,0
LF:40
LH:0
BRDA:42,0,0,0
BRDA:42,0,1,0
BRDA:43,1,0,0
BRDA:43,1,1,0
BRDA:51,2,0,0
BRDA:51,2,1,0
BRDA:53,3,0,0
BRDA:53,3,1,0
BRDA:71,4,0,0
BRDA:71,5,0,0
BRDA:71,5,1,0
BRDA:86,6,0,0
BRDA:88,7,0,0
BRDA:88,7,1,0
BRDA:133,8,0,0
BRF:15
BRH:0
end_of_record
TN:
SF:src\contexts\NetworkCongestionContext.tsx
FN:14,NetworkCongestionProvider
FN:18,(anonymous_7)
FN:29,useNetworkCongestion
FNF:3
FNH:0
FNDA:0,NetworkCongestionProvider
FNDA:0,(anonymous_7)
FNDA:0,useNetworkCongestion
DA:3,0
DA:12,0
DA:14,0
DA:15,0
DA:16,0
DA:18,0
DA:29,0
DA:30,0
DA:31,0
DA:32,0
DA:34,0
LF:11
LH:0
BRDA:31,0,0,0
BRF:1
BRH:0
end_of_record
TN:
SF:src\contexts\SlippageContext.tsx
FN:35,SlippageProvider
FN:47,(anonymous_7)
FN:58,(anonymous_8)
FN:85,useSlippage
FNF:4
FNH:0
FNDA:0,SlippageProvider
FNDA:0,(anonymous_7)
FNDA:0,(anonymous_8)
FNDA:0,useSlippage
DA:9,0
DA:30,0
DA:35,0
DA:38,0
DA:40,0
DA:42,0
DA:47,0
DA:48,0
DA:49,0
DA:51,0
DA:52,0
DA:58,0
DA:59,0
DA:60,0
DA:85,0
DA:86,0
DA:87,0
DA:88,0
DA:89,0
DA:91,0
LF:20
LH:0
BRDA:51,0,0,0
BRDA:52,1,0,0
BRDA:87,2,0,0
BRF:3
BRH:0
end_of_record
TN:
SF:src\hooks\useInvoice.ts
FN:10,useInvoice
FN:15,(anonymous_2)
FN:23,(anonymous_3)
FN:26,(anonymous_4)
FN:29,(anonymous_5)
FN:33,(anonymous_6)
FNF:6
FNH:0
FNDA:0,useInvoice
FNDA:0,(anonymous_2)
FNDA:0,(anonymous_3)
FNDA:0,(anonymous_4)
FNDA:0,(anonymous_5)
FNDA:0,(anonymous_6)
DA:1,0
DA:2,0
DA:10,0
DA:11,0
DA:12,0
DA:13,0
DA:15,0
DA:16,0
DA:18,0
DA:19,0
DA:20,0
DA:22,0
DA:24,0
DA:27,0
DA:30,0
DA:33,0
DA:34,0
DA:38,0
LF:18
LH:0
BRDA:16,0,0,0
BRDA:24,1,0,0
BRDA:27,2,0,0
BRDA:30,3,0,0
BRF:4
BRH:0
end_of_record
TN:
SF:src\hooks\useMintInvoice.ts
FN:9,useMintInvoice
FN:19,mint
FNF:2
FNH:0
FNDA:0,useMintInvoice
FNDA:0,mint
DA:1,0
DA:2,0
DA:9,0
DA:10,0
DA:11,0
DA:12,0
DA:20,0
DA:21,0
DA:22,0
DA:23,0
DA:24,0
DA:25,0
DA:27,0
DA:28,0
DA:30,0
DA:34,0
LF:16
LH:0
BRF:0
BRH:0
end_of_record
TN:
SF:src\hooks\useNetworkDetection.ts
FN:20,useNetworkDetection
FN:34,(anonymous_2)
FN:40,(anonymous_3)
FN:42,(anonymous_4)
FN:57,(anonymous_5)
FN:79,(anonymous_6)
FN:89,(anonymous_7)
FN:102,(anonymous_8)
FN:110,(anonymous_9)
FN:119,(anonymous_10)
FN:120,(anonymous_11)
FN:124,(anonymous_12)
FN:129,(anonymous_13)
FN:134,(anonymous_14)
FNF:14
FNH:10
FNDA:13,useNetworkDetection
FNDA:4,(anonymous_2)
FNDA:4,(anonymous_3)
FNDA:0,(anonymous_4)
FNDA:4,(anonymous_5)
FNDA:0,(anonymous_6)
FNDA:4,(anonymous_7)
FNDA:0,(anonymous_8)
FNDA:4,(anonymous_9)
FNDA:1,(anonymous_10)
FNDA:1,(anonymous_11)
FNDA:0,(anonymous_12)
FNDA:4,(anonymous_13)
FNDA:4,(anonymous_14)
DA:3,1
DA:4,1
DA:5,1
DA:20,13
DA:21,13
DA:29,13
DA:31,13
DA:34,13
DA:35,4
DA:36,4
DA:40,13
DA:41,4
DA:42,0
DA:48,0
DA:51,4
DA:52,4
DA:53,4
DA:54,4
DA:57,4
DA:58,4
DA:59,2
DA:61,2
DA:62,2
DA:64,0
DA:67,4
DA:68,4
DA:70,4
DA:78,0
DA:79,0
DA:89,13
DA:90,4
DA:91,0
DA:95,4
DA:96,0
DA:99,4
DA:102,4
DA:103,0
DA:107,4
DA:110,4
DA:111,4
DA:112,4
DA:114,4
DA:119,13
DA:120,1
DA:124,13
DA:125,0
DA:129,13
DA:130,4
DA:134,13
DA:135,4
DA:136,4
DA:139,13
LF:52
LH:43
BRDA:36,0,0,1
BRDA:36,0,1,3
BRDA:41,1,0,0
BRDA:41,2,0,4
BRDA:41,2,1,4
BRDA:58,3,0,2
BRDA:58,4,0,4
BRDA:58,4,1,4
BRDA:61,5,0,2
BRDA:61,6,0,2
BRDA:61,6,1,2
BRDA:90,7,0,0
BRDA:90,8,0,4
BRDA:90,8,1,4
BRDA:90,8,2,4
BRDA:95,9,0,0
BRDA:95,10,0,4
BRDA:95,10,1,4
BRDA:111,11,0,4
BRDA:111,12,0,4
BRDA:111,12,1,4
BRF:21
BRH:18
end_of_record
TN:
SF:src\hooks\useRepayInvoice.ts
FN:9,useRepayInvoice
FN:20,repay
FNF:2
FNH:0
FNDA:0,useRepayInvoice
FNDA:0,repay
DA:1,0
DA:2,0
DA:9,0
DA:10,0
DA:11,0
DA:12,0
DA:21,0
DA:22,0
DA:23,0
DA:24,0
DA:25,0
DA:26,0
DA:28,0
DA:29,0
DA:31,0
DA:35,0
LF:16
LH:0
BRF:0
BRH:0
end_of_record
TN:
SF:src\hooks\useTxWithToast.ts
FN:21,useTxWithToast
FN:22,(anonymous_3)
FN:46,(anonymous_4)
FNF:3
FNH:0
FNDA:0,useTxWithToast
FNDA:0,(anonymous_3)
FNDA:0,(anonymous_4)
DA:12,0
DA:13,0
DA:14,0
DA:21,0
DA:22,0
DA:23,0
DA:25,0
DA:26,0
DA:35,0
DA:45,0
DA:47,0
DA:48,0
DA:49,0
DA:51,0
DA:52,0
DA:58,0
LF:16
LH:0
BRDA:25,0,0,0
BRDA:25,0,1,0
BRF:2
BRH:0
end_of_record
TN:
SF:src\hooks\useWatchlist.ts
FN:17,useWatchlist
FN:26,(anonymous_2)
FN:44,(anonymous_3)
FN:58,(anonymous_4)
FN:59,(anonymous_5)
FN:71,(anonymous_6)
FN:72,(anonymous_7)
FN:72,(anonymous_8)
FN:79,(anonymous_9)
FN:92,(anonymous_10)
FNF:10
FNH:0
FNDA:0,useWatchlist
FNDA:0,(anonymous_2)
FNDA:0,(anonymous_3)
FNDA:0,(anonymous_4)
FNDA:0,(anonymous_5)
FNDA:0,(anonymous_6)
FNDA:0,(anonymous_7)
FNDA:0,(anonymous_8)
FNDA:0,(anonymous_9)
FNDA:0,(anonymous_10)
DA:7,0
DA:10,0
DA:17,0
DA:19,0
DA:26,0
DA:27,0
DA:28,0
DA:29,0
DA:31,0
DA:32,0
DA:33,0
DA:37,0
DA:44,0
DA:45,0
DA:46,0
DA:48,0
DA:58,0
DA:59,0
DA:60,0
DA:61,0
DA:63,0
DA:71,0
DA:72,0
DA:79,0
DA:80,0
DA:81,0
DA:83,0
DA:92,0
DA:93,0
DA:96,0
LF:30
LH:0
BRDA:29,0,0,0
BRDA:32,1,0,0
BRDA:60,2,0,0
BRDA:80,3,0,0
BRDA:80,3,1,0
BRF:5
BRH:0
end_of_record
TN:
SF:src\lib\api.ts
FN:22,toHeadersRecord
FN:37,asStatusCode
FN:44,badRequest
FN:52,isSafeInvoiceId
FN:71,getHealth
FN:103,getRiskScore
FN:144,getInvoices
FN:177,getPnl
FNF:8
FNH:8
FNDA:4,toHeadersRecord
FNDA:4,asStatusCode
FNDA:1,badRequest
FNDA:2,isSafeInvoiceId
FNDA:2,getHealth
FNDA:2,getRiskScore
FNDA:1,getInvoices
FNDA:1,getPnl
DA:15,1
DA:16,1
DA:23,4
DA:24,4
DA:25,4
DA:26,1
DA:27,1
DA:28,0
DA:29,0
DA:31,4
DA:38,4
DA:45,1
DA:53,2
DA:54,2
DA:55,2
DA:71,2
DA:72,2
DA:73,2
DA:74,2
DA:76,2
DA:77,1
DA:85,1
DA:92,0
DA:93,0
DA:103,2
DA:107,2
DA:108,1
DA:111,1
DA:112,1
DA:116,1
DA:118,1
DA:119,0
DA:127,1
DA:134,0
DA:135,0
DA:144,1
DA:147,1
DA:148,1
DA:149,0
DA:151,0
DA:152,0
DA:160,0
DA:167,1
DA:168,1
DA:177,1
DA:178,1
DA:179,1
DA:180,1
DA:182,1
DA:183,0
DA:191,1
DA:198,0
DA:199,0
DA:203,1
LF:54
LH:40
BRDA:24,0,0,0
BRDA:26,1,0,0
BRDA:26,1,1,1
BRDA:27,2,0,1
BRDA:27,2,1,0
BRDA:28,3,0,0
BRDA:28,3,1,0
BRDA:29,4,0,0
BRDA:29,5,0,0
BRDA:29,5,1,0
BRDA:53,6,0,0
BRDA:54,7,0,0
BRDA:71,8,0,2
BRDA:76,9,0,1
BRDA:105,10,0,2
BRDA:107,11,0,1
BRDA:118,12,0,0
BRDA:145,13,0,1
BRDA:151,14,0,0
BRDA:177,15,0,1
BRDA:182,16,0,0
BRF:21
BRH:8
end_of_record
TN:
SF:src\lib\apiHealth.ts
FN:21,apiFetch
FN:54,useApiHealth
FN:57,(anonymous_9)
FN:88,isBackendHealthError
FN:106,(anonymous_11)
FN:114,createQueryErrorHandler
FN:115,(anonymous_13)
FNF:7
FNH:0
FNDA:0,apiFetch
FNDA:0,useApiHealth
FNDA:0,(anonymous_9)
FNDA:0,isBackendHealthError
FNDA:0,(anonymous_11)
FNDA:0,createQueryErrorHandler
FNDA:0,(anonymous_13)
DA:1,0
DA:4,0
DA:5,0
DA:21,0
DA:26,0
DA:28,0
DA:29,0
DA:31,0
DA:33,0
DA:34,0
DA:35,0
DA:39,0
DA:41,0
DA:43,0
DA:45,0
DA:54,0
DA:55,0
DA:57,0
DA:62,0
DA:64,0
DA:65,0
DA:67,0
DA:68,0
DA:71,0
DA:73,0
DA:74,0
DA:76,0
DA:80,0
DA:88,0
DA:89,0
DA:92,0
DA:93,0
DA:96,0
DA:106,0
DA:114,0
DA:115,0
DA:116,0
DA:118,0
DA:119,0
LF:39
LH:0
BRDA:23,0,0,0
BRDA:24,1,0,0
BRDA:26,2,0,0
BRDA:31,3,0,0
BRDA:33,4,0,0
BRDA:41,5,0,0
BRDA:59,6,0,0
BRDA:60,7,0,0
BRDA:62,8,0,0
BRDA:62,9,0,0
BRDA:67,10,0,0
BRDA:73,11,0,0
BRDA:93,12,0,0
BRDA:116,13,0,0
BRDA:116,13,1,0
BRDA:118,14,0,0
BRF:16
BRH:0
end_of_record
TN:
SF:src\lib\breadcrumbs.ts
FN:13,formatPathSegment
FN:54,(anonymous_5)
FN:65,generateBreadcrumbs
FN:95,(anonymous_7)
FN:114,getPageTitle
FN:117,(anonymous_9)
FNF:6
FNH:0
FNDA:0,formatPathSegment
FNDA:0,(anonymous_5)
FNDA:0,generateBreadcrumbs
FNDA:0,(anonymous_7)
FNDA:0,getPageTitle
FNDA:0,(anonymous_9)
DA:13,0
DA:15,0
DA:18,0
DA:31,0
DA:32,0
DA:33,0
DA:37,0
DA:38,0
DA:42,0
DA:43,0
DA:47,0
DA:48,0
DA:52,0
DA:54,0
DA:65,0
DA:67,0
DA:73,0
DA:74,0
DA:83,0
DA:86,0
DA:93,0
DA:95,0
DA:96,0
DA:97,0
DA:99,0
DA:106,0
DA:114,0
DA:115,0
DA:117,0
DA:118,0
LF:30
LH:0
BRDA:15,0,0,0
BRDA:32,1,0,0
BRDA:37,2,0,0
BRDA:42,3,0,0
BRDA:47,4,0,0
BRDA:73,5,0,0
BRDA:115,6,0,0
BRDA:118,7,0,0
BRDA:118,7,1,0
BRF:9
BRH:0
end_of_record
TN:
SF:src\lib\env.ts
FN:16,getPublicEnvConfig
FN:54,getApiBaseUrl
FN:79,getWsBaseUrl
FNF:3
FNH:0
FNDA:0,getPublicEnvConfig
FNDA:0,getApiBaseUrl
FNDA:0,getWsBaseUrl
DA:1,0
DA:3,0
DA:16,0
DA:17,0
DA:18,0
DA:19,0
DA:21,0
DA:23,0
DA:24,0
DA:25,0
DA:26,0
DA:28,0
DA:31,0
DA:32,0
DA:33,0
DA:34,0
DA:36,0
DA:39,0
DA:54,0
DA:55,0
DA:56,0
DA:58,0
DA:59,0
DA:60,0
DA:62,0
DA:65,0
DA:79,0
DA:80,0
DA:81,0
DA:83,0
DA:85,0
DA:86,0
DA:87,0
DA:88,0
DA:89,0
DA:92,0
DA:93,0
DA:94,0
DA:97,0
DA:98,0
DA:101,0
LF:41
LH:0
BRDA:19,0,0,0
BRDA:19,1,0,0
BRDA:19,1,1,0
BRDA:23,2,0,0
BRDA:25,3,0,0
BRDA:31,4,0,0
BRDA:33,5,0,0
BRDA:54,6,0,0
BRDA:55,7,0,0
BRDA:58,8,0,0
BRDA:59,9,0,0
BRDA:79,10,0,0
BRDA:80,11,0,0
BRDA:83,12,0,0
BRDA:86,13,0,0
BRDA:88,14,0,0
BRDA:88,14,1,0
BRDA:92,15,0,0
BRDA:93,16,0,0
BRDA:93,16,1,0
BRDA:97,17,0,0
BRF:21
BRH:0
end_of_record
TN:
SF:src\lib\format.ts
FN:7,(anonymous_7)
FN:34,(anonymous_8)
FN:52,(anonymous_9)
FN:88,(anonymous_10)
FN:118,(anonymous_11)
FN:133,(anonymous_12)
FNF:6
FNH:0
FNDA:0,(anonymous_7)
FNDA:0,(anonymous_8)
FNDA:0,(anonymous_9)
FNDA:0,(anonymous_10)
FNDA:0,(anonymous_11)
FNDA:0,(anonymous_12)
DA:7,0
DA:8,0
DA:10,0
DA:11,0
DA:16,0
DA:19,0
DA:34,0
DA:35,0
DA:36,0
DA:38,0
DA:39,0
DA:52,0
DA:54,0
DA:56,0
DA:57,0
DA:69,0
DA:70,0
DA:74,0
DA:88,0
DA:89,0
DA:91,0
DA:92,0
DA:95,0
DA:97,0
DA:98,0
DA:101,0
DA:118,0
DA:119,0
DA:120,0
DA:123,0
DA:133,0
DA:134,0
DA:136,0
DA:137,0
DA:140,0
LF:35
LH:0
BRDA:7,0,0,0
BRDA:8,1,0,0
BRDA:8,1,1,0
BRDA:10,2,0,0
BRDA:16,3,0,0
BRDA:16,3,1,0
BRDA:34,4,0,0
BRDA:35,5,0,0
BRDA:35,5,1,0
BRDA:36,6,0,0
BRDA:54,7,0,0
BRDA:54,7,1,0
BRDA:56,8,0,0
BRDA:63,9,0,0
BRDA:63,9,1,0
BRDA:69,10,0,0
BRDA:89,11,0,0
BRDA:89,11,1,0
BRDA:91,12,0,0
BRDA:95,13,0,0
BRDA:95,13,1,0
BRDA:97,14,0,0
BRDA:119,15,0,0
BRDA:119,16,0,0
BRDA:119,16,1,0
BRDA:133,17,0,0
BRDA:134,18,0,0
BRDA:134,18,1,0
BRDA:136,19,0,0
BRF:29
BRH:0
end_of_record
TN:
SF:src\lib\freighterErrors.ts
FN:50,extractMessage
FN:66,parseFreighterError
FN:70,(anonymous_5)
FNF:3
FNH:0
FNDA:0,extractMessage
FNDA:0,parseFreighterError
FNDA:0,(anonymous_5)
DA:7,0
DA:21,0
DA:31,0
DA:51,0
DA:52,0
DA:53,0
DA:54,0
DA:55,0
DA:57,0
DA:66,0
DA:67,0
DA:68,0
DA:70,0
DA:71,0
DA:72,0
DA:78,0
DA:79,0
DA:80,0
DA:81,0
DA:82,0
DA:83,0
DA:90,0
DA:97,0
DA:103,0
DA:110,0
DA:116,0
LF:26
LH:0
BRDA:51,0,0,0
BRDA:52,1,0,0
BRDA:52,2,0,0
BRDA:52,2,1,0
BRDA:53,3,0,0
BRDA:53,4,0,0
BRDA:53,4,1,0
BRDA:55,5,0,0
BRDA:55,5,1,0
BRDA:55,5,2,0
BRDA:55,5,3,0
BRDA:57,6,0,0
BRDA:57,6,1,0
BRDA:71,7,0,0
BRDA:79,8,0,0
BRDA:82,9,0,0
BRDA:84,10,0,0
BRDA:84,10,1,0
BRDA:90,11,0,0
BRDA:91,12,0,0
BRDA:91,12,1,0
BRDA:91,12,2,0
BRDA:91,12,3,0
BRDA:91,12,4,0
BRDA:103,13,0,0
BRDA:104,14,0,0
BRDA:104,14,1,0
BRDA:104,14,2,0
BRDA:104,14,3,0
BRDA:104,14,4,0
BRF:30
BRH:0
end_of_record
TN:
SF:src\lib\httpClient.ts
FN:20,isIdempotentMethod
FN:25,shouldRetry
FN:37,getBackoffDelayMs
FN:44,sleep
FN:45,(anonymous_11)
FN:51,(anonymous_12)
FN:56,(anonymous_13)
FN:61,(anonymous_14)
FN:70,toPlainHeaders
FN:88,normalizeHttpError
FN:126,createHttpClient
FN:141,(anonymous_18)
FN:154,(anonymous_19)
FN:163,(anonymous_20)
FN:164,(anonymous_21)
FN:171,(anonymous_22)
FN:171,(anonymous_23)
FNF:17
FNH:6
FNDA:0,isIdempotentMethod
FNDA:0,shouldRetry
FNDA:0,getBackoffDelayMs
FNDA:0,sleep
FNDA:0,(anonymous_11)
FNDA:0,(anonymous_12)
FNDA:0,(anonymous_13)
FNDA:0,(anonymous_14)
FNDA:1,toPlainHeaders
FNDA:3,normalizeHttpError
FNDA:6,createHttpClient
FNDA:2,(anonymous_18)
FNDA:2,(anonymous_19)
FNDA:2,(anonymous_20)
FNDA:0,(anonymous_21)
FNDA:0,(anonymous_22)
FNDA:0,(anonymous_23)
DA:8,1
DA:9,1
DA:21,0
DA:22,0
DA:26,0
DA:27,0
DA:28,0
DA:29,0
DA:31,0
DA:32,0
DA:33,0
DA:34,0
DA:39,0
DA:40,0
DA:41,0
DA:45,0
DA:46,0
DA:47,0
DA:48,0
DA:51,0
DA:52,0
DA:53,0
DA:56,0
DA:57,0
DA:58,0
DA:61,0
DA:62,0
DA:63,0
DA:66,0
DA:71,1
DA:72,1
DA:73,1
DA:74,1
DA:75,1
DA:76,0
DA:77,0
DA:79,1
DA:88,3
DA:93,3
DA:94,2
DA:97,1
DA:98,1
DA:99,1
DA:102,1
DA:109,1
DA:126,5
DA:127,6
DA:128,6
DA:129,6
DA:131,6
DA:142,2
DA:143,0
DA:144,0
DA:145,0
DA:146,0
DA:148,0
DA:154,6
DA:155,2
DA:156,0
DA:158,2
DA:159,2
DA:162,6
DA:163,2
DA:165,0
DA:168,0
DA:170,0
DA:171,0
DA:172,0
DA:181,0
DA:182,0
DA:185,0
DA:186,0
DA:187,0
DA:191,6
DA:194,1
LF:75
LH:30
BRDA:21,0,0,0
BRDA:21,0,1,0
BRDA:22,1,0,0
BRDA:22,1,1,0
BRDA:22,1,2,0
BRDA:26,2,0,0
BRDA:26,2,1,0
BRDA:27,3,0,0
BRDA:28,4,0,0
BRDA:29,5,0,0
BRDA:32,6,0,0
BRDA:33,7,0,0
BRDA:34,8,0,0
BRDA:34,8,1,0
BRDA:46,9,0,0
BRDA:72,10,0,0
BRDA:74,11,0,0
BRDA:74,11,1,1
BRDA:75,12,0,1
BRDA:75,12,1,0
BRDA:76,13,0,0
BRDA:76,13,1,0
BRDA:77,14,0,0
BRDA:77,15,0,0
BRDA:77,15,1,0
BRDA:93,16,0,2
BRDA:94,17,0,1
BRDA:94,17,1,1
BRDA:99,18,0,1
BRDA:99,18,1,0
BRDA:102,19,0,1
BRDA:102,19,1,1
BRDA:102,19,2,1
BRDA:102,19,3,1
BRDA:102,19,4,0
BRDA:102,19,5,0
BRDA:126,20,0,4
BRDA:127,21,0,6
BRDA:127,21,1,5
BRDA:128,22,0,6
BRDA:128,22,1,5
BRDA:129,23,0,6
BRDA:129,23,1,6
BRDA:142,24,0,2
BRDA:144,25,0,0
BRDA:155,26,0,0
BRDA:165,27,0,0
BRDA:165,27,1,0
BRDA:168,28,0,0
BRDA:168,29,0,0
BRDA:168,29,1,0
BRDA:168,30,0,0
BRDA:168,30,1,0
BRDA:170,31,0,0
BRDA:181,32,0,0
BRDA:185,33,0,0
BRDA:185,33,1,0
BRF:57
BRH:18
end_of_record
TN:
SF:src\lib\networkConfig.ts
FN:39,getNetworkConfig
FN:47,isDevelopment
FN:58,getNetworkOverride
FN:74,setNetworkOverride
FN:87,clearNetworkOverride
FN:102,getEffectiveNetwork
FNF:6
FNH:3
FNDA:0,getNetworkConfig
FNDA:1,isDevelopment
FNDA:1,getNetworkOverride
FNDA:0,setNetworkOverride
FNDA:0,clearNetworkOverride
FNDA:1,getEffectiveNetwork
DA:13,1
DA:39,0
DA:40,0
DA:47,0
DA:48,1
DA:52,1
DA:58,0
DA:59,1
DA:61,1
DA:62,1
DA:63,1
DA:65,0
DA:66,0
DA:74,0
DA:75,0
DA:77,0
DA:78,0
DA:80,0
DA:87,0
DA:88,0
DA:90,0
DA:91,0
DA:93,0
DA:102,1
DA:103,1
LF:25
LH:9
BRDA:20,0,0,1
BRDA:20,0,1,1
BRDA:29,1,0,1
BRDA:29,1,1,1
BRDA:59,2,0,0
BRDA:59,3,0,1
BRDA:59,3,1,1
BRDA:63,4,0,1
BRDA:63,4,1,1
BRDA:75,5,0,0
BRDA:75,6,0,0
BRDA:75,6,1,0
BRDA:88,7,0,0
BRDA:88,8,0,0
BRDA:88,8,1,0
BRDA:102,9,0,0
BRDA:103,10,0,1
BRDA:103,10,1,1
BRF:18
BRH:10
end_of_record
TN:
SF:src\lib\parser.ts
FN:29,parseInvoiceFromXdr
FN:52,(anonymous_4)
FN:69,(anonymous_5)
FN:97,(anonymous_6)
FN:139,safeJsonStringify
FN:140,(anonymous_8)
FNF:6
FNH:0
FNDA:0,parseInvoiceFromXdr
FNDA:0,(anonymous_4)
FNDA:0,(anonymous_5)
FNDA:0,(anonymous_6)
FNDA:0,safeJsonStringify
FNDA:0,(anonymous_8)
DA:7,0
DA:29,0
DA:31,0
DA:32,0
DA:35,0
DA:37,0
DA:41,0
DA:43,0
DA:44,0
DA:48,0
DA:51,0
DA:52,0
DA:53,0
DA:56,0
DA:60,0
DA:69,0
DA:70,0
DA:71,0
DA:73,0
DA:75,0
DA:76,0
DA:80,0
DA:82,0
DA:83,0
DA:84,0
DA:85,0
DA:87,0
DA:89,0
DA:97,0
DA:98,0
DA:99,0
DA:102,0
DA:103,0
DA:105,0
DA:109,0
DA:110,0
DA:111,0
DA:114,0
DA:115,0
DA:116,0
DA:118,0
DA:121,0
DA:125,0
DA:128,0
DA:139,0
DA:140,0
DA:141,0
LF:47
LH:0
BRDA:31,0,0,0
BRDA:31,1,0,0
BRDA:31,1,1,0
BRDA:43,2,0,0
BRDA:43,3,0,0
BRDA:43,3,1,0
BRDA:51,4,0,0
BRDA:51,4,1,0
BRDA:70,5,0,0
BRDA:73,6,0,0
BRDA:75,7,0,0
BRDA:75,8,0,0
BRDA:75,8,1,0
BRDA:82,9,0,0
BRDA:84,10,0,0
BRDA:98,11,0,0
BRDA:102,12,0,0
BRDA:102,13,0,0
BRDA:102,13,1,0
BRDA:109,14,0,0
BRDA:110,15,0,0
BRDA:111,16,0,0
BRDA:121,17,0,0
BRDA:122,18,0,0
BRDA:122,18,1,0
BRDA:122,18,2,0
BRDA:141,19,0,0
BRDA:141,19,1,0
BRF:28
BRH:0
end_of_record
TN:
SF:src\lib\rateLimit.ts
FN:24,withRateLimit
FNF:1
FNH:0
FNDA:0,withRateLimit
DA:1,0
DA:2,0
DA:3,0
DA:5,0
DA:10,0
DA:16,0
DA:24,0
DA:30,0
DA:34,0
DA:35,0
DA:37,0
DA:38,0
DA:39,0
DA:53,0
DA:54,0
DA:55,0
DA:56,0
DA:57,0
LF:18
LH:0
BRDA:27,0,0,0
BRDA:30,1,0,0
BRDA:30,1,1,0
BRDA:30,1,2,0
BRDA:34,2,0,0
BRDA:34,2,1,0
BRDA:37,3,0,0
BRF:7
BRH:0
end_of_record
TN:
SF:src\lib\riskSocket.ts
FN:31,(anonymous_1)
FN:40,(anonymous_2)
FN:42,(anonymous_3)
FN:51,(anonymous_4)
FN:68,(anonymous_5)
FN:81,(anonymous_6)
FN:90,(anonymous_7)
FN:94,(anonymous_8)
FN:105,(anonymous_9)
FN:122,(anonymous_10)
FN:132,(anonymous_11)
FN:143,(anonymous_12)
FN:155,(anonymous_13)
FN:156,(anonymous_14)
FN:170,(anonymous_15)
FN:176,(anonymous_16)
FN:187,(anonymous_17)
FN:222,(anonymous_18)
FN:232,(anonymous_19)
FN:235,(anonymous_20)
FNF:20
FNH:14
FNDA:4,(anonymous_1)
FNDA:1,(anonymous_2)
FNDA:0,(anonymous_3)
FNDA:5,(anonymous_4)
FNDA:2,(anonymous_5)
FNDA:1,(anonymous_6)
FNDA:0,(anonymous_7)
FNDA:2,(anonymous_8)
FNDA:1,(anonymous_9)
FNDA:0,(anonymous_10)
FNDA:1,(anonymous_11)
FNDA:0,(anonymous_12)
FNDA:0,(anonymous_13)
FNDA:0,(anonymous_14)
FNDA:5,(anonymous_15)
FNDA:2,(anonymous_16)
FNDA:1,(anonymous_17)
FNDA:1,(anonymous_18)
FNDA:1,(anonymous_19)
FNDA:7,(anonymous_20)
DA:1,1
DA:20,4
DA:21,4
DA:22,4
DA:23,4
DA:24,4
DA:25,4
DA:26,4
DA:27,4
DA:32,4
DA:41,1
DA:42,1
DA:43,0
DA:52,5
DA:53,5
DA:54,5
DA:58,0
DA:61,5
DA:62,5
DA:64,5
DA:65,5
DA:66,5
DA:68,5
DA:69,2
DA:70,2
DA:72,2
DA:73,0
DA:76,2
DA:77,1
DA:81,5
DA:82,1
DA:83,1
DA:85,1
DA:86,1
DA:90,5
DA:91,0
DA:94,5
DA:95,2
DA:96,2
DA:97,2
DA:106,1
DA:107,1
DA:108,1
DA:109,1
DA:110,1
DA:111,1
DA:112,1
DA:114,0
DA:123,0
DA:124,0
DA:125,0
DA:133,1
DA:134,1
DA:135,1
DA:136,1
DA:144,0
DA:145,0
DA:146,0
DA:147,0
DA:156,0
DA:158,0
DA:159,0
DA:160,0
DA:161,0
DA:165,0
DA:166,0
DA:171,5
DA:172,1
DA:177,2
DA:178,2
DA:179,2
DA:180,1
DA:181,1
DA:183,0
DA:188,1
DA:191,1
DA:192,1
DA:194,0
DA:197,1
DA:198,1
DA:200,1
DA:201,1
DA:202,1
DA:203,1
DA:204,1
DA:205,1
DA:208,0
DA:209,0
DA:219,0
DA:223,1
DA:224,1
DA:225,1
DA:226,1
DA:227,1
DA:228,1
DA:230,1
DA:231,1
DA:232,1
DA:236,7
DA:237,1
DA:238,1
LF:101
LH:77
BRDA:31,0,0,4
BRDA:32,1,0,4
BRDA:32,1,1,4
BRDA:52,2,0,0
BRDA:53,3,0,0
BRDA:54,4,0,0
BRDA:55,5,0,5
BRDA:55,5,1,0
BRDA:55,5,2,0
BRDA:72,6,0,0
BRDA:83,7,0,0
BRDA:85,8,0,1
BRDA:97,9,0,1
BRDA:110,10,0,0
BRDA:124,11,0,0
BRDA:124,11,1,0
BRDA:134,12,0,0
BRDA:145,13,0,0
BRDA:159,14,0,0
BRDA:178,15,0,0
BRDA:179,16,0,1
BRDA:188,17,0,0
BRDA:197,18,0,1
BRDA:197,18,1,0
BRDA:198,19,0,1
BRDA:198,19,1,0
BRDA:198,19,2,0
BRDA:200,20,0,1
BRDA:203,21,0,0
BRDA:203,22,0,1
BRDA:203,22,1,1
BRDA:204,23,0,0
BRDA:204,23,1,1
BRDA:208,24,0,0
BRDA:208,25,0,0
BRDA:208,25,1,0
BRDA:236,26,0,6
BRF:37
BRH:14
end_of_record
TN:
SF:src\lib\stellar.ts
FN:34,connectWallet
FN:52,getConnectedWallet
FN:72,disconnectWallet
FN:90,waitForTransaction
FN:119,(anonymous_19)
FN:137,addTrustline
FN:181,signTransaction
FN:186,(anonymous_22)
FN:207,(anonymous_23)
FN:219,getNetwork
FN:228,isWalletConnected
FNF:11
FNH:0
FNDA:0,connectWallet
FNDA:0,getConnectedWallet
FNDA:0,disconnectWallet
FNDA:0,waitForTransaction
FNDA:0,(anonymous_19)
FNDA:0,addTrustline
FNDA:0,signTransaction
FNDA:0,(anonymous_22)
FNDA:0,(anonymous_23)
FNDA:0,getNetwork
FNDA:0,isWalletConnected
DA:1,1
DA:10,1
DA:19,1
DA:24,1
DA:25,1
DA:28,1
DA:34,0
DA:35,0
DA:36,0
DA:37,0
DA:38,0
DA:39,0
DA:42,0
DA:43,0
DA:52,0
DA:53,0
DA:55,0
DA:56,0
DA:57,0
DA:59,0
DA:60,0
DA:63,0
DA:72,0
DA:73,0
DA:75,0
DA:76,0
DA:77,0
DA:79,0
DA:90,0
DA:91,0
DA:92,0
DA:93,0
DA:95,0
DA:97,0
DA:98,0
DA:100,0
DA:102,0
DA:104,0
DA:105,0
DA:106,0
DA:107,0
DA:108,0
DA:109,0
DA:115,0
DA:119,0
DA:123,0
DA:124,0
DA:125,0
DA:137,0
DA:142,0
DA:143,0
DA:145,0
DA:148,0
DA:149,0
DA:151,0
DA:159,0
DA:160,0
DA:164,0
DA:166,0
DA:168,0
DA:171,0
DA:181,0
DA:182,0
DA:184,0
DA:186,0
DA:187,0
DA:190,0
DA:196,0
DA:202,0
DA:204,0
DA:207,0
DA:208,0
DA:209,0
DA:211,0
DA:219,0
DA:220,0
DA:221,0
DA:228,0
DA:229,0
DA:230,0
DA:233,0
LF:81
LH:6
BRDA:34,0,0,0
BRDA:53,1,0,0
BRDA:57,2,0,0
BRDA:73,3,0,0
BRDA:104,4,0,0
BRDA:104,4,1,0
BRDA:107,5,0,0
BRDA:142,6,0,0
BRDA:142,6,1,0
BRDA:143,7,0,0
BRDA:166,8,0,0
BRDA:182,9,0,0
BRDA:220,10,0,0
BRDA:229,11,0,0
BRF:14
BRH:0
end_of_record
TN:
SF:src\lib\toast.ts
FN:14,showSuccess
FN:24,showError
FN:34,showInfo
FN:44,showLoading
FN:52,dismissToast
FNF:5
FNH:0
FNDA:0,showSuccess
FNDA:0,showError
FNDA:0,showInfo
FNDA:0,showLoading
FNDA:0,dismissToast
DA:1,0
DA:14,0
DA:15,0
DA:24,0
DA:25,0
DA:34,0
DA:35,0
DA:44,0
DA:45,0
DA:52,0
DA:53,0
DA:56,0
LF:12
LH:0
BRF:0
BRH:0
end_of_record
TN:
SF:src\lib\useTransactionToast.tsx
FN:10,useTransactionToast
FN:11,(anonymous_2)
FN:12,(anonymous_3)
FN:13,(anonymous_4)
FNF:4
FNH:0
FNDA:0,useTransactionToast
FNDA:0,(anonymous_2)
FNDA:0,(anonymous_3)
FNDA:0,(anonymous_4)
DA:3,0
DA:10,0
DA:11,0
DA:12,0
DA:13,0
DA:15,0
LF:6
LH:0
BRDA:11,0,0,0
BRDA:12,1,0,0
BRDA:13,2,0,0
BRF:3
BRH:0
end_of_record
TN:
SF:src\lib\validation.ts
FN:15,isValidStellarPublicKey
FN:44,base32Decode
FN:65,crc16Xmodem
FNF:3
FNH:1
FNDA:9,isValidStellarPublicKey
FNDA:0,base32Decode
FNDA:0,crc16Xmodem
DA:15,9
DA:16,9
DA:19,6
DA:22,3
DA:23,3
DA:29,3
DA:34,3
DA:37,1
DA:41,0
DA:45,0
DA:46,0
DA:47,0
DA:48,0
DA:50,0
DA:51,0
DA:52,0
DA:53,0
DA:54,0
DA:55,0
DA:56,0
DA:57,0
DA:58,0
DA:62,0
DA:66,0
DA:67,0
DA:68,0
DA:69,0
DA:70,0
DA:71,0
DA:74,0
LF:30
LH:8
BRDA:16,0,0,3
BRDA:16,1,0,9
BRDA:16,1,1,6
BRDA:19,2,0,3
BRDA:19,3,0,6
BRDA:19,3,1,4
BRDA:23,4,0,0
BRDA:34,5,0,2
BRDA:37,6,0,1
BRDA:53,7,0,0
BRDA:70,8,0,0
BRDA:70,8,1,0
BRF:12
BRH:8
end_of_record
TN:
SF:src\lib\walletCache.ts
FN:31,getCachedWalletConnection
FN:118,setWalletConnectionCache
FN:145,clearWalletCache
FN:159,needsRevalidation
FN:168,updateCacheTimestamp
FN:187,getCacheAge
FNF:6
FNH:0
FNDA:0,getCachedWalletConnection
FNDA:0,setWalletConnectionCache
FNDA:0,clearWalletCache
FNDA:0,needsRevalidation
FNDA:0,updateCacheTimestamp
FNDA:0,getCacheAge
DA:22,0
DA:23,0
DA:24,0
DA:25,0
DA:31,0
DA:32,0
DA:34,0
DA:44,0
DA:45,0
DA:46,0
DA:47,0
DA:57,0
DA:60,0
DA:61,0
DA:62,0
DA:73,0
DA:74,0
DA:75,0
DA:77,0
DA:78,0
DA:79,0
DA:89,0
DA:98,0
DA:99,0
DA:100,0
DA:118,0
DA:124,0
DA:126,0
DA:127,0
DA:136,0
DA:138,0
DA:145,0
DA:146,0
DA:148,0
DA:149,0
DA:151,0
DA:159,0
DA:160,0
DA:161,0
DA:168,0
DA:169,0
DA:171,0
DA:172,0
DA:173,0
DA:175,0
DA:176,0
DA:177,0
DA:179,0
DA:187,0
DA:188,0
DA:190,0
DA:191,0
DA:192,0
DA:194,0
DA:195,0
DA:197,0
LF:56
LH:0
BRDA:32,0,0,0
BRDA:46,1,0,0
BRDA:60,2,0,0
BRDA:77,3,0,0
BRDA:122,4,0,0
BRDA:124,5,0,0
BRDA:146,6,0,0
BRDA:161,7,0,0
BRDA:161,7,1,0
BRDA:169,8,0,0
BRDA:173,9,0,0
BRDA:188,10,0,0
BRDA:192,11,0,0
BRF:13
BRH:0
end_of_record
TN:
SF:src\lib\walletConnector.ts
FN:67,(anonymous_10)
FN:69,(anonymous_11)
FN:98,(anonymous_12)
FN:110,(anonymous_13)
FN:120,(anonymous_14)
FN:132,(anonymous_15)
FN:139,(anonymous_16)
FN:150,(anonymous_17)
FN:154,(anonymous_18)
FN:173,createWalletConnector
FN:182,getWalletDisplayName
FN:200,getWalletDescription
FN:218,getWalletIcon
FN:236,getWalletBgColor
FNF:14
FNH:0
FNDA:0,(anonymous_10)
FNDA:0,(anonymous_11)
FNDA:0,(anonymous_12)
FNDA:0,(anonymous_13)
FNDA:0,(anonymous_14)
FNDA:0,(anonymous_15)
FNDA:0,(anonymous_16)
FNDA:0,(anonymous_17)
FNDA:0,(anonymous_18)
FNDA:0,createWalletConnector
FNDA:0,getWalletDisplayName
FNDA:0,getWalletDescription
FNDA:0,getWalletIcon
FNDA:0,getWalletBgColor
DA:8,0
DA:55,0
DA:59,0
DA:66,0
DA:67,0
DA:70,0
DA:72,0
DA:74,0
DA:77,0
DA:79,0
DA:80,0
DA:84,0
DA:86,0
DA:87,0
DA:88,0
DA:91,0
DA:93,0
DA:94,0
DA:99,0
DA:101,0
DA:102,0
DA:103,0
DA:106,0
DA:111,0
DA:113,0
DA:114,0
DA:115,0
DA:117,0
DA:121,0
DA:123,0
DA:124,0
DA:129,0
DA:133,0
DA:135,0
DA:136,0
DA:140,0
DA:142,0
DA:143,0
DA:144,0
DA:146,0
DA:151,0
DA:155,0
DA:157,0
DA:159,0
DA:161,0
DA:163,0
DA:173,0
DA:174,0
DA:182,0
DA:183,0
DA:185,0
DA:187,0
DA:189,0
DA:191,0
DA:200,0
DA:201,0
DA:203,0
DA:205,0
DA:207,0
DA:209,0
DA:218,0
DA:219,0
DA:221,0
DA:223,0
DA:225,0
DA:227,0
DA:236,0
DA:237,0
DA:239,0
DA:241,0
DA:243,0
DA:245,0
DA:249,0
LF:73
LH:0
BRDA:59,0,0,0
BRDA:59,0,1,0
BRDA:70,1,0,0
BRDA:79,2,0,0
BRDA:86,3,0,0
BRDA:86,4,0,0
BRDA:86,4,1,0
BRDA:99,5,0,0
BRDA:102,6,0,0
BRDA:111,7,0,0
BRDA:114,8,0,0
BRDA:121,9,0,0
BRDA:133,10,0,0
BRDA:140,11,0,0
BRDA:155,12,0,0
BRDA:155,12,1,0
BRDA:155,12,2,0
BRDA:155,12,3,0
BRDA:183,13,0,0
BRDA:183,13,1,0
BRDA:183,13,2,0
BRDA:183,13,3,0
BRDA:201,14,0,0
BRDA:201,14,1,0
BRDA:201,14,2,0
BRDA:201,14,3,0
BRDA:219,15,0,0
BRDA:219,15,1,0
BRDA:219,15,2,0
BRDA:219,15,3,0
BRDA:237,16,0,0
BRDA:237,16,1,0
BRDA:237,16,2,0
BRDA:237,16,3,0
BRF:34
BRH:0
end_of_record
TN:
SF:src\lib\context\SettingsContext.tsx
FN:14,SettingsProvider
FN:25,useSettings
FNF:2
FNH:0
FNDA:0,SettingsProvider
FNDA:0,useSettings
DA:3,0
DA:12,0
DA:14,0
DA:15,0
DA:16,0
DA:25,0
DA:26,0
DA:27,0
DA:28,0
DA:30,0
LF:10
LH:0
BRDA:27,0,0,0
BRF:1
BRH:0
end_of_record
TN:
SF:src\lib\context\ThemeContext.tsx
FN:24,getSystemPreference
FN:31,getInitialTheme
FN:39,applyTheme
FN:45,ThemeProvider
FN:49,(anonymous_10)
FN:56,(anonymous_11)
FN:62,(anonymous_12)
FN:63,(anonymous_13)
FN:66,(anonymous_14)
FN:77,useTheme
FNF:10
FNH:10
FNDA:12,getSystemPreference
FNDA:13,getInitialTheme
FNDA:37,applyTheme
FNDA:37,ThemeProvider
FNDA:13,(anonymous_10)
FNDA:37,(anonymous_11)
FNDA:9,(anonymous_12)
FNDA:9,(anonymous_13)
FNDA:2,(anonymous_14)
FNDA:39,useTheme
DA:10,1
DA:20,1
DA:22,1
DA:25,12
DA:26,12
DA:28,0
DA:32,13
DA:33,13
DA:34,13
DA:36,12
DA:40,37
DA:41,37
DA:45,13
DA:46,37
DA:47,37
DA:49,37
DA:50,13
DA:51,13
DA:52,13
DA:53,13
DA:56,37
DA:57,37
DA:58,24
DA:59,24
DA:62,37
DA:63,9
DA:66,37
DA:67,2
DA:77,39
DA:78,39
DA:79,39
DA:80,2
DA:82,37
LF:33
LH:32
BRDA:25,0,0,12
BRDA:25,1,0,12
BRDA:25,1,1,12
BRDA:26,2,0,11
BRDA:26,2,1,1
BRDA:32,3,0,13
BRDA:34,4,0,1
BRDA:34,5,0,13
BRDA:34,5,1,12
BRDA:40,6,0,37
BRDA:57,7,0,13
BRDA:63,8,0,6
BRDA:63,8,1,3
BRDA:79,9,0,2
BRF:14
BRH:14
end_of_record
TN:
SF:src\providers\QueryClientProvider.tsx
FN:11,(anonymous_2)
FN:22,QueryProvider
FNF:2
FNH:0
FNDA:0,(anonymous_2)
FNDA:0,QueryProvider
DA:3,0
DA:4,0
DA:7,0
DA:11,0
DA:22,0
LF:5
LH:0
BRF:0
BRH:0
end_of_record
TN:
SF:src\soroban\client.ts
FN:7,getSorobanClient
FN:24,clearSorobanClientCache
FNF:2
FNH:0
FNDA:0,getSorobanClient
FNDA:0,clearSorobanClientCache
DA:1,0
DA:2,0
DA:4,0
DA:5,0
DA:7,0
DA:8,0
DA:11,0
DA:12,0
DA:15,0
DA:16,0
DA:17,0
DA:20,0
DA:24,0
DA:25,0
DA:26,0
LF:15
LH:0
BRDA:11,0,0,0
BRDA:11,1,0,0
BRDA:11,1,1,0
BRDA:15,2,0,0
BRF:4
BRH:0
end_of_record
TN:
SF:src\soroban\config.ts
FN:11,getSorobanConfig
FNF:1
FNH:0
FNDA:0,getSorobanConfig
DA:1,0
DA:11,0
DA:13,0
DA:14,0
DA:18,0
DA:20,0
DA:21,0
DA:24,0
LF:8
LH:0
BRDA:18,0,0,0
BRDA:18,0,1,0
BRDA:20,1,0,0
BRF:3
BRH:0
end_of_record
TN:
SF:src\soroban\index.ts
FNF:0
FNH:0
DA:1,0
DA:2,0
DA:3,0
LF:3
LH:0
BRF:0
BRH:0
end_of_record
TN:
SF:src\soroban\contracts\invoice.ts
FN:45,parseSimulationError
FN:59,getInvoice
FN:95,mintInvoice
FN:160,repayInvoice
FNF:4
FNH:0
FNDA:0,parseSimulationError
FNDA:0,getInvoice
FNDA:0,mintInvoice
FNDA:0,repayInvoice
DA:7,0
DA:8,0
DA:9,0
DA:10,0
DA:46,0
DA:47,0
DA:48,0
DA:50,0
DA:51,0
DA:53,0
DA:54,0
DA:56,0
DA:59,0
DA:60,0
DA:61,0
DA:62,0
DA:64,0
DA:66,0
DA:76,0
DA:77,0
DA:80,0
DA:81,0
DA:83,0
DA:85,0
DA:95,0
DA:96,0
DA:97,0
DA:98,0
DA:99,0
DA:101,0
DA:103,0
DA:110,0
DA:111,0
DA:120,0
DA:123,0
DA:132,0
DA:133,0
DA:135,0
DA:139,0
DA:140,0
DA:143,0
DA:148,0
DA:153,0
DA:160,0
DA:161,0
DA:162,0
DA:163,0
DA:164,0
DA:166,0
DA:168,0
DA:170,0
DA:179,0
DA:180,0
DA:181,0
DA:184,0
DA:185,0
DA:187,0
DA:192,0
DA:196,0
LF:59
LH:0
BRDA:47,0,0,0
BRDA:47,1,0,0
BRDA:47,1,1,0
BRDA:50,2,0,0
BRDA:50,3,0,0
BRDA:50,3,1,0
BRDA:53,4,0,0
BRDA:53,5,0,0
BRDA:53,5,1,0
BRDA:76,6,0,0
BRDA:81,7,0,0
BRDA:86,8,0,0
BRDA:86,8,1,0
BRDA:87,9,0,0
BRDA:87,9,1,0
BRDA:88,10,0,0
BRDA:88,10,1,0
BRDA:89,11,0,0
BRDA:89,11,1,0
BRDA:90,12,0,0
BRDA:90,12,1,0
BRDA:91,13,0,0
BRDA:91,13,1,0
BRDA:110,14,0,0
BRDA:133,15,0,0
BRDA:180,16,0,0
BRF:26
BRH:0
end_of_record
TN:
SF:src\stores\signatureStore.ts
FN:22,(anonymous_6)
FN:29,(anonymous_7)
FN:37,(anonymous_8)
FN:45,(anonymous_9)
FN:49,(anonymous_10)
FN:55,(anonymous_11)
FN:55,(anonymous_12)
FN:56,(anonymous_13)
FN:56,(anonymous_14)
FN:57,(anonymous_15)
FN:57,(anonymous_16)
FN:58,(anonymous_17)
FN:59,(anonymous_18)
FN:60,(anonymous_19)
FN:61,(anonymous_20)
FN:62,(anonymous_21)
FNF:16
FNH:0
FNDA:0,(anonymous_6)
FNDA:0,(anonymous_7)
FNDA:0,(anonymous_8)
FNDA:0,(anonymous_9)
FNDA:0,(anonymous_10)
FNDA:0,(anonymous_11)
FNDA:0,(anonymous_12)
FNDA:0,(anonymous_13)
FNDA:0,(anonymous_14)
FNDA:0,(anonymous_15)
FNDA:0,(anonymous_16)
FNDA:0,(anonymous_17)
FNDA:0,(anonymous_18)
FNDA:0,(anonymous_19)
FNDA:0,(anonymous_20)
FNDA:0,(anonymous_21)
DA:1,0
DA:22,0
DA:30,0
DA:38,0
DA:46,0
DA:50,0
DA:55,0
DA:56,0
DA:57,0
DA:58,0
DA:59,0
DA:60,0
DA:61,0
DA:62,0
DA:64,0
LF:15
LH:0
BRDA:29,0,0,0
BRDA:29,1,0,0
BRF:2
BRH:0
end_of_record
TN:
SF:src\stores\tokenStore.ts
FN:61,(anonymous_4)
FN:72,(anonymous_5)
FN:86,(anonymous_6)
FN:118,(anonymous_7)
FN:137,(anonymous_8)
FNF:5
FNH:0
FNDA:0,(anonymous_4)
FNDA:0,(anonymous_5)
FNDA:0,(anonymous_6)
FNDA:0,(anonymous_7)
FNDA:0,(anonymous_8)
DA:7,0
DA:8,0
DA:14,0
DA:15,0
DA:16,0
DA:61,0
DA:73,0
DA:75,0
DA:77,0
DA:79,0
DA:81,0
DA:85,0
DA:87,0
DA:91,0
DA:93,0
DA:99,0
DA:106,0
DA:107,0
DA:119,0
DA:126,0
DA:127,0
DA:130,0
DA:138,0
DA:139,0
DA:146,0
DA:147,0
LF:26
LH:0
BRDA:87,0,0,0
BRDA:87,0,1,0
BRDA:91,1,0,0
BRDA:91,1,1,0
BRDA:121,2,0,0
BRDA:121,2,1,0
BRDA:126,3,0,0
BRDA:126,3,1,0
BRDA:126,4,0,0
BRDA:126,4,1,0
BRDA:139,5,0,0
BRDA:139,5,1,0
BRF:12
BRH:0
end_of_record
TN:
SF:src\stores\useWeb3Store.ts
FN:99,(anonymous_7)
FN:111,(anonymous_8)
FN:161,(anonymous_9)
FN:184,(anonymous_10)
FN:216,(anonymous_11)
FN:236,(anonymous_12)
FN:249,(anonymous_13)
FN:285,(anonymous_14)
FN:286,(anonymous_15)
FN:295,(anonymous_16)
FN:300,(anonymous_17)
FN:306,(anonymous_18)
FN:327,(anonymous_19)
FN:332,(anonymous_20)
FN:338,(anonymous_21)
FN:339,(anonymous_22)
FNF:16
FNH:1
FNDA:1,(anonymous_7)
FNDA:0,(anonymous_8)
FNDA:0,(anonymous_9)
FNDA:0,(anonymous_10)
FNDA:0,(anonymous_11)
FNDA:0,(anonymous_12)
FNDA:0,(anonymous_13)
FNDA:0,(anonymous_14)
FNDA:0,(anonymous_15)
FNDA:0,(anonymous_16)
FNDA:0,(anonymous_17)
FNDA:0,(anonymous_18)
FNDA:0,(anonymous_19)
FNDA:0,(anonymous_20)
FNDA:0,(anonymous_21)
FNDA:0,(anonymous_22)
DA:7,1
DA:8,1
DA:9,1
DA:10,1
DA:11,1
DA:16,1
DA:99,1
DA:112,0
DA:114,0
DA:115,0
DA:116,0
DA:119,0
DA:121,0
DA:122,0
DA:125,0
DA:127,0
DA:128,0
DA:132,0
DA:133,0
DA:134,0
DA:135,0
DA:141,0
DA:150,0
DA:152,0
DA:153,0
DA:162,0
DA:164,0
DA:165,0
DA:166,0
DA:167,0
DA:170,0
DA:173,0
DA:185,0
DA:187,0
DA:188,0
DA:191,0
DA:193,0
DA:196,0
DA:203,0
DA:204,0
DA:207,0
DA:208,0
DA:217,0
DA:219,0
DA:220,0
DA:221,0
DA:224,0
DA:226,0
DA:228,0
DA:229,0
DA:230,0
DA:231,0
DA:233,0
DA:236,0
DA:237,0
DA:238,0
DA:242,0
DA:249,0
DA:250,0
DA:251,0
DA:252,0
DA:255,0
DA:257,0
DA:258,0
DA:259,0
DA:260,0
DA:264,0
DA:270,0
DA:276,0
DA:277,0
DA:286,0
DA:296,0
DA:301,0
DA:306,1
DA:315,0
DA:316,0
DA:327,1
DA:328,0
DA:329,0
DA:332,1
DA:333,0
DA:334,0
DA:338,1
DA:339,0
DA:340,0
LF:85
LH:11
BRDA:111,0,0,0
BRDA:114,1,0,0
BRDA:127,2,0,0
BRDA:133,3,0,0
BRDA:133,4,0,0
BRDA:133,4,1,0
BRDA:155,5,0,0
BRDA:155,5,1,0
BRDA:165,6,0,0
BRDA:187,7,0,0
BRDA:203,8,0,0
BRDA:210,9,0,0
BRDA:210,9,1,0
BRDA:219,10,0,0
BRDA:237,11,0,0
BRDA:250,12,0,0
BRDA:250,13,0,0
BRDA:250,13,1,0
BRDA:255,14,0,0
BRDA:257,15,0,0
BRDA:257,15,1,0
BRDA:259,16,0,0
BRDA:279,17,0,0
BRDA:279,17,1,0
BRDA:340,18,0,0
BRDA:340,18,1,0
BRF:26
BRH:0
end_of_record
